ARM GAS  /tmp/ccGBvzcc.s 			page 1


   1              		.syntax unified
   2              		.cpu cortex-m3
   3              		.fpu softvfp
   4              		.eabi_attribute 20, 1
   5              		.eabi_attribute 21, 1
   6              		.eabi_attribute 23, 3
   7              		.eabi_attribute 24, 1
   8              		.eabi_attribute 25, 1
   9              		.eabi_attribute 26, 1
  10              		.eabi_attribute 30, 1
  11              		.eabi_attribute 34, 1
  12              		.eabi_attribute 18, 4
  13              		.thumb
  14              		.file	"mpu9250.c"
  15              		.text
  16              	.Ltext0:
  17              		.cfi_sections	.debug_frame
  18              		.global	dmpcfgupddata
  19              		.global	dmpmemorydata
  20              		.comm	dmpdatas,42,4
  21              		.comm	mag,12,4
  22              		.comm	yprf,12,4
  23              		.comm	accelf,12,4
  24              		.comm	gyrof,12,4
  25              		.comm	q,16,4
  26              		.section	.rodata.dmpmemorydata,"a",%progbits
  27              		.align	2
  30              	dmpmemorydata:
  31 0000 FB       		.byte	-5
  32 0001 00       		.byte	0
  33 0002 00       		.byte	0
  34 0003 3E       		.byte	62
  35 0004 00       		.byte	0
  36 0005 0B       		.byte	11
  37 0006 00       		.byte	0
  38 0007 36       		.byte	54
  39 0008 00       		.byte	0
  40 0009 01       		.byte	1
  41 000a 00       		.byte	0
  42 000b 02       		.byte	2
  43 000c 00       		.byte	0
  44 000d 03       		.byte	3
  45 000e 00       		.byte	0
  46 000f 00       		.byte	0
  47 0010 00       		.byte	0
  48 0011 65       		.byte	101
  49 0012 00       		.byte	0
  50 0013 54       		.byte	84
  51 0014 FF       		.byte	-1
  52 0015 EF       		.byte	-17
  53 0016 00       		.byte	0
  54 0017 00       		.byte	0
  55 0018 FA       		.byte	-6
  56 0019 80       		.byte	-128
  57 001a 00       		.byte	0
  58 001b 0B       		.byte	11
  59 001c 12       		.byte	18
ARM GAS  /tmp/ccGBvzcc.s 			page 2


  60 001d 82       		.byte	-126
  61 001e 00       		.byte	0
  62 001f 01       		.byte	1
  63 0020 00       		.byte	0
  64 0021 02       		.byte	2
  65 0022 00       		.byte	0
  66 0023 00       		.byte	0
  67 0024 00       		.byte	0
  68 0025 00       		.byte	0
  69 0026 00       		.byte	0
  70 0027 00       		.byte	0
  71 0028 00       		.byte	0
  72 0029 00       		.byte	0
  73 002a 00       		.byte	0
  74 002b 00       		.byte	0
  75 002c 00       		.byte	0
  76 002d 00       		.byte	0
  77 002e 00       		.byte	0
  78 002f 00       		.byte	0
  79 0030 00       		.byte	0
  80 0031 28       		.byte	40
  81 0032 00       		.byte	0
  82 0033 00       		.byte	0
  83 0034 FF       		.byte	-1
  84 0035 FF       		.byte	-1
  85 0036 45       		.byte	69
  86 0037 81       		.byte	-127
  87 0038 FF       		.byte	-1
  88 0039 FF       		.byte	-1
  89 003a FA       		.byte	-6
  90 003b 72       		.byte	114
  91 003c 00       		.byte	0
  92 003d 00       		.byte	0
  93 003e 00       		.byte	0
  94 003f 00       		.byte	0
  95 0040 00       		.byte	0
  96 0041 00       		.byte	0
  97 0042 03       		.byte	3
  98 0043 E8       		.byte	-24
  99 0044 00       		.byte	0
 100 0045 00       		.byte	0
 101 0046 00       		.byte	0
 102 0047 01       		.byte	1
 103 0048 00       		.byte	0
 104 0049 01       		.byte	1
 105 004a 7F       		.byte	127
 106 004b FF       		.byte	-1
 107 004c FF       		.byte	-1
 108 004d FE       		.byte	-2
 109 004e 80       		.byte	-128
 110 004f 01       		.byte	1
 111 0050 00       		.byte	0
 112 0051 1B       		.byte	27
 113 0052 00       		.byte	0
 114 0053 00       		.byte	0
 115 0054 00       		.byte	0
 116 0055 00       		.byte	0
ARM GAS  /tmp/ccGBvzcc.s 			page 3


 117 0056 00       		.byte	0
 118 0057 00       		.byte	0
 119 0058 00       		.byte	0
 120 0059 00       		.byte	0
 121 005a 00       		.byte	0
 122 005b 00       		.byte	0
 123 005c 00       		.byte	0
 124 005d 00       		.byte	0
 125 005e 00       		.byte	0
 126 005f 00       		.byte	0
 127 0060 00       		.byte	0
 128 0061 3E       		.byte	62
 129 0062 03       		.byte	3
 130 0063 30       		.byte	48
 131 0064 40       		.byte	64
 132 0065 00       		.byte	0
 133 0066 00       		.byte	0
 134 0067 00       		.byte	0
 135 0068 02       		.byte	2
 136 0069 CA       		.byte	-54
 137 006a E3       		.byte	-29
 138 006b 09       		.byte	9
 139 006c 3E       		.byte	62
 140 006d 80       		.byte	-128
 141 006e 00       		.byte	0
 142 006f 00       		.byte	0
 143 0070 20       		.byte	32
 144 0071 00       		.byte	0
 145 0072 00       		.byte	0
 146 0073 00       		.byte	0
 147 0074 00       		.byte	0
 148 0075 00       		.byte	0
 149 0076 00       		.byte	0
 150 0077 00       		.byte	0
 151 0078 40       		.byte	64
 152 0079 00       		.byte	0
 153 007a 00       		.byte	0
 154 007b 00       		.byte	0
 155 007c 60       		.byte	96
 156 007d 00       		.byte	0
 157 007e 00       		.byte	0
 158 007f 00       		.byte	0
 159 0080 41       		.byte	65
 160 0081 FF       		.byte	-1
 161 0082 00       		.byte	0
 162 0083 00       		.byte	0
 163 0084 00       		.byte	0
 164 0085 00       		.byte	0
 165 0086 0B       		.byte	11
 166 0087 2A       		.byte	42
 167 0088 00       		.byte	0
 168 0089 00       		.byte	0
 169 008a 16       		.byte	22
 170 008b 55       		.byte	85
 171 008c 00       		.byte	0
 172 008d 00       		.byte	0
 173 008e 21       		.byte	33
ARM GAS  /tmp/ccGBvzcc.s 			page 4


 174 008f 82       		.byte	-126
 175 0090 FD       		.byte	-3
 176 0091 87       		.byte	-121
 177 0092 26       		.byte	38
 178 0093 50       		.byte	80
 179 0094 FD       		.byte	-3
 180 0095 80       		.byte	-128
 181 0096 00       		.byte	0
 182 0097 00       		.byte	0
 183 0098 00       		.byte	0
 184 0099 1F       		.byte	31
 185 009a 00       		.byte	0
 186 009b 00       		.byte	0
 187 009c 00       		.byte	0
 188 009d 05       		.byte	5
 189 009e 80       		.byte	-128
 190 009f 00       		.byte	0
 191 00a0 00       		.byte	0
 192 00a1 00       		.byte	0
 193 00a2 00       		.byte	0
 194 00a3 00       		.byte	0
 195 00a4 00       		.byte	0
 196 00a5 01       		.byte	1
 197 00a6 00       		.byte	0
 198 00a7 00       		.byte	0
 199 00a8 00       		.byte	0
 200 00a9 02       		.byte	2
 201 00aa 00       		.byte	0
 202 00ab 00       		.byte	0
 203 00ac 00       		.byte	0
 204 00ad 03       		.byte	3
 205 00ae 00       		.byte	0
 206 00af 00       		.byte	0
 207 00b0 40       		.byte	64
 208 00b1 00       		.byte	0
 209 00b2 00       		.byte	0
 210 00b3 00       		.byte	0
 211 00b4 00       		.byte	0
 212 00b5 00       		.byte	0
 213 00b6 04       		.byte	4
 214 00b7 6F       		.byte	111
 215 00b8 00       		.byte	0
 216 00b9 02       		.byte	2
 217 00ba 65       		.byte	101
 218 00bb 32       		.byte	50
 219 00bc 00       		.byte	0
 220 00bd 00       		.byte	0
 221 00be 5E       		.byte	94
 222 00bf C0       		.byte	-64
 223 00c0 40       		.byte	64
 224 00c1 00       		.byte	0
 225 00c2 00       		.byte	0
 226 00c3 00       		.byte	0
 227 00c4 00       		.byte	0
 228 00c5 00       		.byte	0
 229 00c6 00       		.byte	0
 230 00c7 00       		.byte	0
ARM GAS  /tmp/ccGBvzcc.s 			page 5


 231 00c8 00       		.byte	0
 232 00c9 00       		.byte	0
 233 00ca 00       		.byte	0
 234 00cb 00       		.byte	0
 235 00cc 00       		.byte	0
 236 00cd 00       		.byte	0
 237 00ce 00       		.byte	0
 238 00cf 00       		.byte	0
 239 00d0 FB       		.byte	-5
 240 00d1 8C       		.byte	-116
 241 00d2 6F       		.byte	111
 242 00d3 5D       		.byte	93
 243 00d4 FD       		.byte	-3
 244 00d5 5D       		.byte	93
 245 00d6 08       		.byte	8
 246 00d7 D9       		.byte	-39
 247 00d8 00       		.byte	0
 248 00d9 7C       		.byte	124
 249 00da 73       		.byte	115
 250 00db 3B       		.byte	59
 251 00dc 00       		.byte	0
 252 00dd 6C       		.byte	108
 253 00de 12       		.byte	18
 254 00df CC       		.byte	-52
 255 00e0 32       		.byte	50
 256 00e1 00       		.byte	0
 257 00e2 13       		.byte	19
 258 00e3 9D       		.byte	-99
 259 00e4 32       		.byte	50
 260 00e5 00       		.byte	0
 261 00e6 D0       		.byte	-48
 262 00e7 D6       		.byte	-42
 263 00e8 32       		.byte	50
 264 00e9 00       		.byte	0
 265 00ea 08       		.byte	8
 266 00eb 00       		.byte	0
 267 00ec 40       		.byte	64
 268 00ed 00       		.byte	0
 269 00ee 01       		.byte	1
 270 00ef F4       		.byte	-12
 271 00f0 FF       		.byte	-1
 272 00f1 E6       		.byte	-26
 273 00f2 80       		.byte	-128
 274 00f3 79       		.byte	121
 275 00f4 02       		.byte	2
 276 00f5 00       		.byte	0
 277 00f6 00       		.byte	0
 278 00f7 00       		.byte	0
 279 00f8 00       		.byte	0
 280 00f9 00       		.byte	0
 281 00fa D0       		.byte	-48
 282 00fb D6       		.byte	-42
 283 00fc 00       		.byte	0
 284 00fd 00       		.byte	0
 285 00fe 27       		.byte	39
 286 00ff 10       		.byte	16
 287 0100 FB       		.byte	-5
ARM GAS  /tmp/ccGBvzcc.s 			page 6


 288 0101 00       		.byte	0
 289 0102 00       		.byte	0
 290 0103 00       		.byte	0
 291 0104 40       		.byte	64
 292 0105 00       		.byte	0
 293 0106 00       		.byte	0
 294 0107 00       		.byte	0
 295 0108 00       		.byte	0
 296 0109 00       		.byte	0
 297 010a 00       		.byte	0
 298 010b 00       		.byte	0
 299 010c 00       		.byte	0
 300 010d 00       		.byte	0
 301 010e 00       		.byte	0
 302 010f 00       		.byte	0
 303 0110 00       		.byte	0
 304 0111 00       		.byte	0
 305 0112 00       		.byte	0
 306 0113 01       		.byte	1
 307 0114 00       		.byte	0
 308 0115 00       		.byte	0
 309 0116 00       		.byte	0
 310 0117 00       		.byte	0
 311 0118 00       		.byte	0
 312 0119 00       		.byte	0
 313 011a 01       		.byte	1
 314 011b 00       		.byte	0
 315 011c 01       		.byte	1
 316 011d 00       		.byte	0
 317 011e 00       		.byte	0
 318 011f 00       		.byte	0
 319 0120 00       		.byte	0
 320 0121 00       		.byte	0
 321 0122 FA       		.byte	-6
 322 0123 36       		.byte	54
 323 0124 FF       		.byte	-1
 324 0125 BC       		.byte	-68
 325 0126 30       		.byte	48
 326 0127 8E       		.byte	-114
 327 0128 00       		.byte	0
 328 0129 05       		.byte	5
 329 012a FB       		.byte	-5
 330 012b F0       		.byte	-16
 331 012c FF       		.byte	-1
 332 012d D9       		.byte	-39
 333 012e 5B       		.byte	91
 334 012f C8       		.byte	-56
 335 0130 FF       		.byte	-1
 336 0131 D0       		.byte	-48
 337 0132 9A       		.byte	-102
 338 0133 BE       		.byte	-66
 339 0134 00       		.byte	0
 340 0135 00       		.byte	0
 341 0136 10       		.byte	16
 342 0137 A9       		.byte	-87
 343 0138 FF       		.byte	-1
 344 0139 F4       		.byte	-12
ARM GAS  /tmp/ccGBvzcc.s 			page 7


 345 013a 1E       		.byte	30
 346 013b B2       		.byte	-78
 347 013c 00       		.byte	0
 348 013d CE       		.byte	-50
 349 013e BB       		.byte	-69
 350 013f F7       		.byte	-9
 351 0140 00       		.byte	0
 352 0141 00       		.byte	0
 353 0142 00       		.byte	0
 354 0143 01       		.byte	1
 355 0144 00       		.byte	0
 356 0145 00       		.byte	0
 357 0146 00       		.byte	0
 358 0147 04       		.byte	4
 359 0148 00       		.byte	0
 360 0149 02       		.byte	2
 361 014a 00       		.byte	0
 362 014b 02       		.byte	2
 363 014c 02       		.byte	2
 364 014d 00       		.byte	0
 365 014e 00       		.byte	0
 366 014f 0C       		.byte	12
 367 0150 FF       		.byte	-1
 368 0151 C2       		.byte	-62
 369 0152 80       		.byte	-128
 370 0153 00       		.byte	0
 371 0154 00       		.byte	0
 372 0155 01       		.byte	1
 373 0156 80       		.byte	-128
 374 0157 00       		.byte	0
 375 0158 00       		.byte	0
 376 0159 CF       		.byte	-49
 377 015a 80       		.byte	-128
 378 015b 00       		.byte	0
 379 015c 40       		.byte	64
 380 015d 00       		.byte	0
 381 015e 00       		.byte	0
 382 015f 00       		.byte	0
 383 0160 00       		.byte	0
 384 0161 00       		.byte	0
 385 0162 00       		.byte	0
 386 0163 01       		.byte	1
 387 0164 00       		.byte	0
 388 0165 00       		.byte	0
 389 0166 00       		.byte	0
 390 0167 00       		.byte	0
 391 0168 00       		.byte	0
 392 0169 00       		.byte	0
 393 016a 06       		.byte	6
 394 016b 00       		.byte	0
 395 016c 00       		.byte	0
 396 016d 00       		.byte	0
 397 016e 00       		.byte	0
 398 016f 14       		.byte	20
 399 0170 00       		.byte	0
 400 0171 00       		.byte	0
 401 0172 00       		.byte	0
ARM GAS  /tmp/ccGBvzcc.s 			page 8


 402 0173 00       		.byte	0
 403 0174 00       		.byte	0
 404 0175 00       		.byte	0
 405 0176 00       		.byte	0
 406 0177 00       		.byte	0
 407 0178 00       		.byte	0
 408 0179 00       		.byte	0
 409 017a 00       		.byte	0
 410 017b 00       		.byte	0
 411 017c 00       		.byte	0
 412 017d 00       		.byte	0
 413 017e 00       		.byte	0
 414 017f 00       		.byte	0
 415 0180 00       		.byte	0
 416 0181 00       		.byte	0
 417 0182 00       		.byte	0
 418 0183 00       		.byte	0
 419 0184 00       		.byte	0
 420 0185 00       		.byte	0
 421 0186 00       		.byte	0
 422 0187 00       		.byte	0
 423 0188 00       		.byte	0
 424 0189 00       		.byte	0
 425 018a 00       		.byte	0
 426 018b 00       		.byte	0
 427 018c 00       		.byte	0
 428 018d 00       		.byte	0
 429 018e 00       		.byte	0
 430 018f 00       		.byte	0
 431 0190 00       		.byte	0
 432 0191 00       		.byte	0
 433 0192 00       		.byte	0
 434 0193 00       		.byte	0
 435 0194 00       		.byte	0
 436 0195 00       		.byte	0
 437 0196 00       		.byte	0
 438 0197 00       		.byte	0
 439 0198 00       		.byte	0
 440 0199 00       		.byte	0
 441 019a 00       		.byte	0
 442 019b 00       		.byte	0
 443 019c 00       		.byte	0
 444 019d 00       		.byte	0
 445 019e 00       		.byte	0
 446 019f 00       		.byte	0
 447 01a0 00       		.byte	0
 448 01a1 00       		.byte	0
 449 01a2 00       		.byte	0
 450 01a3 00       		.byte	0
 451 01a4 03       		.byte	3
 452 01a5 3F       		.byte	63
 453 01a6 68       		.byte	104
 454 01a7 B6       		.byte	-74
 455 01a8 79       		.byte	121
 456 01a9 35       		.byte	53
 457 01aa 28       		.byte	40
 458 01ab BC       		.byte	-68
ARM GAS  /tmp/ccGBvzcc.s 			page 9


 459 01ac C6       		.byte	-58
 460 01ad 7E       		.byte	126
 461 01ae D1       		.byte	-47
 462 01af 6C       		.byte	108
 463 01b0 80       		.byte	-128
 464 01b1 00       		.byte	0
 465 01b2 00       		.byte	0
 466 01b3 00       		.byte	0
 467 01b4 40       		.byte	64
 468 01b5 00       		.byte	0
 469 01b6 00       		.byte	0
 470 01b7 00       		.byte	0
 471 01b8 00       		.byte	0
 472 01b9 00       		.byte	0
 473 01ba B2       		.byte	-78
 474 01bb 6A       		.byte	106
 475 01bc 00       		.byte	0
 476 01bd 00       		.byte	0
 477 01be 00       		.byte	0
 478 01bf 00       		.byte	0
 479 01c0 00       		.byte	0
 480 01c1 00       		.byte	0
 481 01c2 00       		.byte	0
 482 01c3 00       		.byte	0
 483 01c4 00       		.byte	0
 484 01c5 00       		.byte	0
 485 01c6 00       		.byte	0
 486 01c7 00       		.byte	0
 487 01c8 00       		.byte	0
 488 01c9 00       		.byte	0
 489 01ca 3F       		.byte	63
 490 01cb F0       		.byte	-16
 491 01cc 00       		.byte	0
 492 01cd 00       		.byte	0
 493 01ce 00       		.byte	0
 494 01cf 30       		.byte	48
 495 01d0 00       		.byte	0
 496 01d1 00       		.byte	0
 497 01d2 00       		.byte	0
 498 01d3 00       		.byte	0
 499 01d4 00       		.byte	0
 500 01d5 00       		.byte	0
 501 01d6 00       		.byte	0
 502 01d7 00       		.byte	0
 503 01d8 00       		.byte	0
 504 01d9 00       		.byte	0
 505 01da 00       		.byte	0
 506 01db 00       		.byte	0
 507 01dc 00       		.byte	0
 508 01dd 00       		.byte	0
 509 01de 00       		.byte	0
 510 01df 00       		.byte	0
 511 01e0 00       		.byte	0
 512 01e1 00       		.byte	0
 513 01e2 00       		.byte	0
 514 01e3 00       		.byte	0
 515 01e4 00       		.byte	0
ARM GAS  /tmp/ccGBvzcc.s 			page 10


 516 01e5 00       		.byte	0
 517 01e6 00       		.byte	0
 518 01e7 00       		.byte	0
 519 01e8 00       		.byte	0
 520 01e9 00       		.byte	0
 521 01ea 00       		.byte	0
 522 01eb 00       		.byte	0
 523 01ec 00       		.byte	0
 524 01ed 00       		.byte	0
 525 01ee 00       		.byte	0
 526 01ef 00       		.byte	0
 527 01f0 00       		.byte	0
 528 01f1 00       		.byte	0
 529 01f2 25       		.byte	37
 530 01f3 4D       		.byte	77
 531 01f4 00       		.byte	0
 532 01f5 2F       		.byte	47
 533 01f6 70       		.byte	112
 534 01f7 6D       		.byte	109
 535 01f8 00       		.byte	0
 536 01f9 00       		.byte	0
 537 01fa 05       		.byte	5
 538 01fb AE       		.byte	-82
 539 01fc 00       		.byte	0
 540 01fd 0C       		.byte	12
 541 01fe 02       		.byte	2
 542 01ff D0       		.byte	-48
 543 0200 00       		.byte	0
 544 0201 00       		.byte	0
 545 0202 00       		.byte	0
 546 0203 00       		.byte	0
 547 0204 00       		.byte	0
 548 0205 65       		.byte	101
 549 0206 00       		.byte	0
 550 0207 54       		.byte	84
 551 0208 FF       		.byte	-1
 552 0209 EF       		.byte	-17
 553 020a 00       		.byte	0
 554 020b 00       		.byte	0
 555 020c 00       		.byte	0
 556 020d 00       		.byte	0
 557 020e 00       		.byte	0
 558 020f 00       		.byte	0
 559 0210 00       		.byte	0
 560 0211 00       		.byte	0
 561 0212 01       		.byte	1
 562 0213 00       		.byte	0
 563 0214 00       		.byte	0
 564 0215 44       		.byte	68
 565 0216 00       		.byte	0
 566 0217 00       		.byte	0
 567 0218 00       		.byte	0
 568 0219 00       		.byte	0
 569 021a 0C       		.byte	12
 570 021b 00       		.byte	0
 571 021c 00       		.byte	0
 572 021d 00       		.byte	0
ARM GAS  /tmp/ccGBvzcc.s 			page 11


 573 021e 01       		.byte	1
 574 021f 00       		.byte	0
 575 0220 00       		.byte	0
 576 0221 00       		.byte	0
 577 0222 00       		.byte	0
 578 0223 00       		.byte	0
 579 0224 00       		.byte	0
 580 0225 65       		.byte	101
 581 0226 00       		.byte	0
 582 0227 00       		.byte	0
 583 0228 00       		.byte	0
 584 0229 54       		.byte	84
 585 022a 00       		.byte	0
 586 022b 00       		.byte	0
 587 022c FF       		.byte	-1
 588 022d EF       		.byte	-17
 589 022e 00       		.byte	0
 590 022f 00       		.byte	0
 591 0230 00       		.byte	0
 592 0231 00       		.byte	0
 593 0232 00       		.byte	0
 594 0233 00       		.byte	0
 595 0234 00       		.byte	0
 596 0235 00       		.byte	0
 597 0236 00       		.byte	0
 598 0237 00       		.byte	0
 599 0238 00       		.byte	0
 600 0239 00       		.byte	0
 601 023a 00       		.byte	0
 602 023b 00       		.byte	0
 603 023c 00       		.byte	0
 604 023d 00       		.byte	0
 605 023e 00       		.byte	0
 606 023f 00       		.byte	0
 607 0240 40       		.byte	64
 608 0241 00       		.byte	0
 609 0242 00       		.byte	0
 610 0243 00       		.byte	0
 611 0244 00       		.byte	0
 612 0245 00       		.byte	0
 613 0246 00       		.byte	0
 614 0247 00       		.byte	0
 615 0248 00       		.byte	0
 616 0249 00       		.byte	0
 617 024a 00       		.byte	0
 618 024b 00       		.byte	0
 619 024c 00       		.byte	0
 620 024d 00       		.byte	0
 621 024e 00       		.byte	0
 622 024f 00       		.byte	0
 623 0250 40       		.byte	64
 624 0251 00       		.byte	0
 625 0252 00       		.byte	0
 626 0253 00       		.byte	0
 627 0254 00       		.byte	0
 628 0255 00       		.byte	0
 629 0256 00       		.byte	0
ARM GAS  /tmp/ccGBvzcc.s 			page 12


 630 0257 00       		.byte	0
 631 0258 00       		.byte	0
 632 0259 00       		.byte	0
 633 025a 00       		.byte	0
 634 025b 00       		.byte	0
 635 025c 00       		.byte	0
 636 025d 00       		.byte	0
 637 025e 00       		.byte	0
 638 025f 00       		.byte	0
 639 0260 00       		.byte	0
 640 0261 00       		.byte	0
 641 0262 00       		.byte	0
 642 0263 01       		.byte	1
 643 0264 00       		.byte	0
 644 0265 00       		.byte	0
 645 0266 00       		.byte	0
 646 0267 02       		.byte	2
 647 0268 00       		.byte	0
 648 0269 00       		.byte	0
 649 026a 00       		.byte	0
 650 026b 00       		.byte	0
 651 026c 00       		.byte	0
 652 026d 00       		.byte	0
 653 026e 00       		.byte	0
 654 026f 00       		.byte	0
 655 0270 00       		.byte	0
 656 0271 00       		.byte	0
 657 0272 00       		.byte	0
 658 0273 00       		.byte	0
 659 0274 00       		.byte	0
 660 0275 00       		.byte	0
 661 0276 00       		.byte	0
 662 0277 00       		.byte	0
 663 0278 00       		.byte	0
 664 0279 00       		.byte	0
 665 027a 00       		.byte	0
 666 027b 00       		.byte	0
 667 027c 00       		.byte	0
 668 027d 00       		.byte	0
 669 027e 00       		.byte	0
 670 027f 00       		.byte	0
 671 0280 00       		.byte	0
 672 0281 00       		.byte	0
 673 0282 00       		.byte	0
 674 0283 00       		.byte	0
 675 0284 00       		.byte	0
 676 0285 00       		.byte	0
 677 0286 00       		.byte	0
 678 0287 00       		.byte	0
 679 0288 00       		.byte	0
 680 0289 00       		.byte	0
 681 028a 00       		.byte	0
 682 028b 00       		.byte	0
 683 028c 00       		.byte	0
 684 028d 00       		.byte	0
 685 028e 00       		.byte	0
 686 028f 00       		.byte	0
ARM GAS  /tmp/ccGBvzcc.s 			page 13


 687 0290 00       		.byte	0
 688 0291 1B       		.byte	27
 689 0292 00       		.byte	0
 690 0293 00       		.byte	0
 691 0294 00       		.byte	0
 692 0295 00       		.byte	0
 693 0296 00       		.byte	0
 694 0297 00       		.byte	0
 695 0298 00       		.byte	0
 696 0299 00       		.byte	0
 697 029a 00       		.byte	0
 698 029b 00       		.byte	0
 699 029c 00       		.byte	0
 700 029d 00       		.byte	0
 701 029e 00       		.byte	0
 702 029f 00       		.byte	0
 703 02a0 00       		.byte	0
 704 02a1 00       		.byte	0
 705 02a2 00       		.byte	0
 706 02a3 00       		.byte	0
 707 02a4 00       		.byte	0
 708 02a5 00       		.byte	0
 709 02a6 00       		.byte	0
 710 02a7 00       		.byte	0
 711 02a8 00       		.byte	0
 712 02a9 00       		.byte	0
 713 02aa 00       		.byte	0
 714 02ab 00       		.byte	0
 715 02ac 00       		.byte	0
 716 02ad 00       		.byte	0
 717 02ae 00       		.byte	0
 718 02af 00       		.byte	0
 719 02b0 00       		.byte	0
 720 02b1 00       		.byte	0
 721 02b2 00       		.byte	0
 722 02b3 00       		.byte	0
 723 02b4 00       		.byte	0
 724 02b5 00       		.byte	0
 725 02b6 00       		.byte	0
 726 02b7 00       		.byte	0
 727 02b8 00       		.byte	0
 728 02b9 00       		.byte	0
 729 02ba 00       		.byte	0
 730 02bb 00       		.byte	0
 731 02bc 40       		.byte	64
 732 02bd 00       		.byte	0
 733 02be 00       		.byte	0
 734 02bf 00       		.byte	0
 735 02c0 00       		.byte	0
 736 02c1 1B       		.byte	27
 737 02c2 00       		.byte	0
 738 02c3 00       		.byte	0
 739 02c4 00       		.byte	0
 740 02c5 00       		.byte	0
 741 02c6 00       		.byte	0
 742 02c7 00       		.byte	0
 743 02c8 00       		.byte	0
ARM GAS  /tmp/ccGBvzcc.s 			page 14


 744 02c9 00       		.byte	0
 745 02ca 00       		.byte	0
 746 02cb 00       		.byte	0
 747 02cc 00       		.byte	0
 748 02cd 00       		.byte	0
 749 02ce 00       		.byte	0
 750 02cf 00       		.byte	0
 751 02d0 00       		.byte	0
 752 02d1 00       		.byte	0
 753 02d2 00       		.byte	0
 754 02d3 00       		.byte	0
 755 02d4 00       		.byte	0
 756 02d5 00       		.byte	0
 757 02d6 00       		.byte	0
 758 02d7 00       		.byte	0
 759 02d8 00       		.byte	0
 760 02d9 00       		.byte	0
 761 02da 00       		.byte	0
 762 02db 00       		.byte	0
 763 02dc 00       		.byte	0
 764 02dd 00       		.byte	0
 765 02de 00       		.byte	0
 766 02df 00       		.byte	0
 767 02e0 00       		.byte	0
 768 02e1 00       		.byte	0
 769 02e2 00       		.byte	0
 770 02e3 00       		.byte	0
 771 02e4 00       		.byte	0
 772 02e5 00       		.byte	0
 773 02e6 00       		.byte	0
 774 02e7 00       		.byte	0
 775 02e8 00       		.byte	0
 776 02e9 00       		.byte	0
 777 02ea 00       		.byte	0
 778 02eb 00       		.byte	0
 779 02ec 00       		.byte	0
 780 02ed 00       		.byte	0
 781 02ee 00       		.byte	0
 782 02ef 00       		.byte	0
 783 02f0 00       		.byte	0
 784 02f1 00       		.byte	0
 785 02f2 00       		.byte	0
 786 02f3 00       		.byte	0
 787 02f4 00       		.byte	0
 788 02f5 00       		.byte	0
 789 02f6 00       		.byte	0
 790 02f7 00       		.byte	0
 791 02f8 00       		.byte	0
 792 02f9 00       		.byte	0
 793 02fa 00       		.byte	0
 794 02fb 00       		.byte	0
 795 02fc 00       		.byte	0
 796 02fd 00       		.byte	0
 797 02fe 00       		.byte	0
 798 02ff 00       		.byte	0
 799 0300 D8       		.byte	-40
 800 0301 DC       		.byte	-36
ARM GAS  /tmp/ccGBvzcc.s 			page 15


 801 0302 BA       		.byte	-70
 802 0303 A2       		.byte	-94
 803 0304 F1       		.byte	-15
 804 0305 DE       		.byte	-34
 805 0306 B2       		.byte	-78
 806 0307 B8       		.byte	-72
 807 0308 B4       		.byte	-76
 808 0309 A8       		.byte	-88
 809 030a 81       		.byte	-127
 810 030b 91       		.byte	-111
 811 030c F7       		.byte	-9
 812 030d 4A       		.byte	74
 813 030e 90       		.byte	-112
 814 030f 7F       		.byte	127
 815 0310 91       		.byte	-111
 816 0311 6A       		.byte	106
 817 0312 F3       		.byte	-13
 818 0313 F9       		.byte	-7
 819 0314 DB       		.byte	-37
 820 0315 A8       		.byte	-88
 821 0316 F9       		.byte	-7
 822 0317 B0       		.byte	-80
 823 0318 BA       		.byte	-70
 824 0319 A0       		.byte	-96
 825 031a 80       		.byte	-128
 826 031b F2       		.byte	-14
 827 031c CE       		.byte	-50
 828 031d 81       		.byte	-127
 829 031e F3       		.byte	-13
 830 031f C2       		.byte	-62
 831 0320 F1       		.byte	-15
 832 0321 C1       		.byte	-63
 833 0322 F2       		.byte	-14
 834 0323 C3       		.byte	-61
 835 0324 F3       		.byte	-13
 836 0325 CC       		.byte	-52
 837 0326 A2       		.byte	-94
 838 0327 B2       		.byte	-78
 839 0328 80       		.byte	-128
 840 0329 F1       		.byte	-15
 841 032a C6       		.byte	-58
 842 032b D8       		.byte	-40
 843 032c 80       		.byte	-128
 844 032d BA       		.byte	-70
 845 032e A7       		.byte	-89
 846 032f DF       		.byte	-33
 847 0330 DF       		.byte	-33
 848 0331 DF       		.byte	-33
 849 0332 F2       		.byte	-14
 850 0333 A7       		.byte	-89
 851 0334 C3       		.byte	-61
 852 0335 CB       		.byte	-53
 853 0336 C5       		.byte	-59
 854 0337 B6       		.byte	-74
 855 0338 F0       		.byte	-16
 856 0339 87       		.byte	-121
 857 033a A2       		.byte	-94
ARM GAS  /tmp/ccGBvzcc.s 			page 16


 858 033b 94       		.byte	-108
 859 033c 24       		.byte	36
 860 033d 48       		.byte	72
 861 033e 70       		.byte	112
 862 033f 3C       		.byte	60
 863 0340 95       		.byte	-107
 864 0341 40       		.byte	64
 865 0342 68       		.byte	104
 866 0343 34       		.byte	52
 867 0344 58       		.byte	88
 868 0345 9B       		.byte	-101
 869 0346 78       		.byte	120
 870 0347 A2       		.byte	-94
 871 0348 F1       		.byte	-15
 872 0349 83       		.byte	-125
 873 034a 92       		.byte	-110
 874 034b 2D       		.byte	45
 875 034c 55       		.byte	85
 876 034d 7D       		.byte	125
 877 034e D8       		.byte	-40
 878 034f B1       		.byte	-79
 879 0350 B4       		.byte	-76
 880 0351 B8       		.byte	-72
 881 0352 A1       		.byte	-95
 882 0353 D0       		.byte	-48
 883 0354 91       		.byte	-111
 884 0355 80       		.byte	-128
 885 0356 F2       		.byte	-14
 886 0357 70       		.byte	112
 887 0358 F3       		.byte	-13
 888 0359 70       		.byte	112
 889 035a F2       		.byte	-14
 890 035b 7C       		.byte	124
 891 035c 80       		.byte	-128
 892 035d A8       		.byte	-88
 893 035e F1       		.byte	-15
 894 035f 01       		.byte	1
 895 0360 B0       		.byte	-80
 896 0361 98       		.byte	-104
 897 0362 87       		.byte	-121
 898 0363 D9       		.byte	-39
 899 0364 43       		.byte	67
 900 0365 D8       		.byte	-40
 901 0366 86       		.byte	-122
 902 0367 C9       		.byte	-55
 903 0368 88       		.byte	-120
 904 0369 BA       		.byte	-70
 905 036a A1       		.byte	-95
 906 036b F2       		.byte	-14
 907 036c 0E       		.byte	14
 908 036d B8       		.byte	-72
 909 036e 97       		.byte	-105
 910 036f 80       		.byte	-128
 911 0370 F1       		.byte	-15
 912 0371 A9       		.byte	-87
 913 0372 DF       		.byte	-33
 914 0373 DF       		.byte	-33
ARM GAS  /tmp/ccGBvzcc.s 			page 17


 915 0374 DF       		.byte	-33
 916 0375 AA       		.byte	-86
 917 0376 DF       		.byte	-33
 918 0377 DF       		.byte	-33
 919 0378 DF       		.byte	-33
 920 0379 F2       		.byte	-14
 921 037a AA       		.byte	-86
 922 037b C5       		.byte	-59
 923 037c CD       		.byte	-51
 924 037d C7       		.byte	-57
 925 037e A9       		.byte	-87
 926 037f 0C       		.byte	12
 927 0380 C9       		.byte	-55
 928 0381 2C       		.byte	44
 929 0382 97       		.byte	-105
 930 0383 97       		.byte	-105
 931 0384 97       		.byte	-105
 932 0385 97       		.byte	-105
 933 0386 F1       		.byte	-15
 934 0387 A9       		.byte	-87
 935 0388 89       		.byte	-119
 936 0389 26       		.byte	38
 937 038a 46       		.byte	70
 938 038b 66       		.byte	102
 939 038c B0       		.byte	-80
 940 038d B4       		.byte	-76
 941 038e BA       		.byte	-70
 942 038f 80       		.byte	-128
 943 0390 AC       		.byte	-84
 944 0391 DE       		.byte	-34
 945 0392 F2       		.byte	-14
 946 0393 CA       		.byte	-54
 947 0394 F1       		.byte	-15
 948 0395 B2       		.byte	-78
 949 0396 8C       		.byte	-116
 950 0397 02       		.byte	2
 951 0398 A9       		.byte	-87
 952 0399 B6       		.byte	-74
 953 039a 98       		.byte	-104
 954 039b 00       		.byte	0
 955 039c 89       		.byte	-119
 956 039d 0E       		.byte	14
 957 039e 16       		.byte	22
 958 039f 1E       		.byte	30
 959 03a0 B8       		.byte	-72
 960 03a1 A9       		.byte	-87
 961 03a2 B4       		.byte	-76
 962 03a3 99       		.byte	-103
 963 03a4 2C       		.byte	44
 964 03a5 54       		.byte	84
 965 03a6 7C       		.byte	124
 966 03a7 B0       		.byte	-80
 967 03a8 8A       		.byte	-118
 968 03a9 A8       		.byte	-88
 969 03aa 96       		.byte	-106
 970 03ab 36       		.byte	54
 971 03ac 56       		.byte	86
ARM GAS  /tmp/ccGBvzcc.s 			page 18


 972 03ad 76       		.byte	118
 973 03ae F1       		.byte	-15
 974 03af B9       		.byte	-71
 975 03b0 AF       		.byte	-81
 976 03b1 B4       		.byte	-76
 977 03b2 B0       		.byte	-80
 978 03b3 83       		.byte	-125
 979 03b4 C0       		.byte	-64
 980 03b5 B8       		.byte	-72
 981 03b6 A8       		.byte	-88
 982 03b7 97       		.byte	-105
 983 03b8 11       		.byte	17
 984 03b9 B1       		.byte	-79
 985 03ba 8F       		.byte	-113
 986 03bb 98       		.byte	-104
 987 03bc B9       		.byte	-71
 988 03bd AF       		.byte	-81
 989 03be F0       		.byte	-16
 990 03bf 24       		.byte	36
 991 03c0 08       		.byte	8
 992 03c1 44       		.byte	68
 993 03c2 10       		.byte	16
 994 03c3 64       		.byte	100
 995 03c4 18       		.byte	24
 996 03c5 F1       		.byte	-15
 997 03c6 A3       		.byte	-93
 998 03c7 29       		.byte	41
 999 03c8 55       		.byte	85
 1000 03c9 7D       		.byte	125
 1001 03ca AF       		.byte	-81
 1002 03cb 83       		.byte	-125
 1003 03cc B5       		.byte	-75
 1004 03cd 93       		.byte	-109
 1005 03ce AF       		.byte	-81
 1006 03cf F0       		.byte	-16
 1007 03d0 00       		.byte	0
 1008 03d1 28       		.byte	40
 1009 03d2 50       		.byte	80
 1010 03d3 F1       		.byte	-15
 1011 03d4 A3       		.byte	-93
 1012 03d5 86       		.byte	-122
 1013 03d6 9F       		.byte	-97
 1014 03d7 61       		.byte	97
 1015 03d8 A6       		.byte	-90
 1016 03d9 DA       		.byte	-38
 1017 03da DE       		.byte	-34
 1018 03db DF       		.byte	-33
 1019 03dc D9       		.byte	-39
 1020 03dd FA       		.byte	-6
 1021 03de A3       		.byte	-93
 1022 03df 86       		.byte	-122
 1023 03e0 96       		.byte	-106
 1024 03e1 DB       		.byte	-37
 1025 03e2 31       		.byte	49
 1026 03e3 A6       		.byte	-90
 1027 03e4 D9       		.byte	-39
 1028 03e5 F8       		.byte	-8
ARM GAS  /tmp/ccGBvzcc.s 			page 19


 1029 03e6 DF       		.byte	-33
 1030 03e7 BA       		.byte	-70
 1031 03e8 A6       		.byte	-90
 1032 03e9 8F       		.byte	-113
 1033 03ea C2       		.byte	-62
 1034 03eb C5       		.byte	-59
 1035 03ec C7       		.byte	-57
 1036 03ed B2       		.byte	-78
 1037 03ee 8C       		.byte	-116
 1038 03ef C1       		.byte	-63
 1039 03f0 B8       		.byte	-72
 1040 03f1 A2       		.byte	-94
 1041 03f2 DF       		.byte	-33
 1042 03f3 DF       		.byte	-33
 1043 03f4 DF       		.byte	-33
 1044 03f5 A3       		.byte	-93
 1045 03f6 DF       		.byte	-33
 1046 03f7 DF       		.byte	-33
 1047 03f8 DF       		.byte	-33
 1048 03f9 D8       		.byte	-40
 1049 03fa D8       		.byte	-40
 1050 03fb F1       		.byte	-15
 1051 03fc B8       		.byte	-72
 1052 03fd A8       		.byte	-88
 1053 03fe B2       		.byte	-78
 1054 03ff 86       		.byte	-122
 1055 0400 B4       		.byte	-76
 1056 0401 98       		.byte	-104
 1057 0402 0D       		.byte	13
 1058 0403 35       		.byte	53
 1059 0404 5D       		.byte	93
 1060 0405 B8       		.byte	-72
 1061 0406 AA       		.byte	-86
 1062 0407 98       		.byte	-104
 1063 0408 B0       		.byte	-80
 1064 0409 87       		.byte	-121
 1065 040a 2D       		.byte	45
 1066 040b 35       		.byte	53
 1067 040c 3D       		.byte	61
 1068 040d B2       		.byte	-78
 1069 040e B6       		.byte	-74
 1070 040f BA       		.byte	-70
 1071 0410 AF       		.byte	-81
 1072 0411 8C       		.byte	-116
 1073 0412 96       		.byte	-106
 1074 0413 19       		.byte	25
 1075 0414 8F       		.byte	-113
 1076 0415 9F       		.byte	-97
 1077 0416 A7       		.byte	-89
 1078 0417 0E       		.byte	14
 1079 0418 16       		.byte	22
 1080 0419 1E       		.byte	30
 1081 041a B4       		.byte	-76
 1082 041b 9A       		.byte	-102
 1083 041c B8       		.byte	-72
 1084 041d AA       		.byte	-86
 1085 041e 87       		.byte	-121
ARM GAS  /tmp/ccGBvzcc.s 			page 20


 1086 041f 2C       		.byte	44
 1087 0420 54       		.byte	84
 1088 0421 7C       		.byte	124
 1089 0422 B9       		.byte	-71
 1090 0423 A3       		.byte	-93
 1091 0424 DE       		.byte	-34
 1092 0425 DF       		.byte	-33
 1093 0426 DF       		.byte	-33
 1094 0427 A3       		.byte	-93
 1095 0428 B1       		.byte	-79
 1096 0429 80       		.byte	-128
 1097 042a F2       		.byte	-14
 1098 042b C4       		.byte	-60
 1099 042c CD       		.byte	-51
 1100 042d C9       		.byte	-55
 1101 042e F1       		.byte	-15
 1102 042f B8       		.byte	-72
 1103 0430 A9       		.byte	-87
 1104 0431 B4       		.byte	-76
 1105 0432 99       		.byte	-103
 1106 0433 83       		.byte	-125
 1107 0434 0D       		.byte	13
 1108 0435 35       		.byte	53
 1109 0436 5D       		.byte	93
 1110 0437 89       		.byte	-119
 1111 0438 B9       		.byte	-71
 1112 0439 A3       		.byte	-93
 1113 043a 2D       		.byte	45
 1114 043b 55       		.byte	85
 1115 043c 7D       		.byte	125
 1116 043d B5       		.byte	-75
 1117 043e 93       		.byte	-109
 1118 043f A3       		.byte	-93
 1119 0440 0E       		.byte	14
 1120 0441 16       		.byte	22
 1121 0442 1E       		.byte	30
 1122 0443 A9       		.byte	-87
 1123 0444 2C       		.byte	44
 1124 0445 54       		.byte	84
 1125 0446 7C       		.byte	124
 1126 0447 B8       		.byte	-72
 1127 0448 B4       		.byte	-76
 1128 0449 B0       		.byte	-80
 1129 044a F1       		.byte	-15
 1130 044b 97       		.byte	-105
 1131 044c 83       		.byte	-125
 1132 044d A8       		.byte	-88
 1133 044e 11       		.byte	17
 1134 044f 84       		.byte	-124
 1135 0450 A5       		.byte	-91
 1136 0451 09       		.byte	9
 1137 0452 98       		.byte	-104
 1138 0453 A3       		.byte	-93
 1139 0454 83       		.byte	-125
 1140 0455 F0       		.byte	-16
 1141 0456 DA       		.byte	-38
 1142 0457 24       		.byte	36
ARM GAS  /tmp/ccGBvzcc.s 			page 21


 1143 0458 08       		.byte	8
 1144 0459 44       		.byte	68
 1145 045a 10       		.byte	16
 1146 045b 64       		.byte	100
 1147 045c 18       		.byte	24
 1148 045d D8       		.byte	-40
 1149 045e F1       		.byte	-15
 1150 045f A5       		.byte	-91
 1151 0460 29       		.byte	41
 1152 0461 55       		.byte	85
 1153 0462 7D       		.byte	125
 1154 0463 A5       		.byte	-91
 1155 0464 85       		.byte	-123
 1156 0465 95       		.byte	-107
 1157 0466 02       		.byte	2
 1158 0467 1A       		.byte	26
 1159 0468 2E       		.byte	46
 1160 0469 3A       		.byte	58
 1161 046a 56       		.byte	86
 1162 046b 5A       		.byte	90
 1163 046c 40       		.byte	64
 1164 046d 48       		.byte	72
 1165 046e F9       		.byte	-7
 1166 046f F3       		.byte	-13
 1167 0470 A3       		.byte	-93
 1168 0471 D9       		.byte	-39
 1169 0472 F8       		.byte	-8
 1170 0473 F0       		.byte	-16
 1171 0474 98       		.byte	-104
 1172 0475 83       		.byte	-125
 1173 0476 24       		.byte	36
 1174 0477 08       		.byte	8
 1175 0478 44       		.byte	68
 1176 0479 10       		.byte	16
 1177 047a 64       		.byte	100
 1178 047b 18       		.byte	24
 1179 047c 97       		.byte	-105
 1180 047d 82       		.byte	-126
 1181 047e A8       		.byte	-88
 1182 047f F1       		.byte	-15
 1183 0480 11       		.byte	17
 1184 0481 F0       		.byte	-16
 1185 0482 98       		.byte	-104
 1186 0483 A2       		.byte	-94
 1187 0484 24       		.byte	36
 1188 0485 08       		.byte	8
 1189 0486 44       		.byte	68
 1190 0487 10       		.byte	16
 1191 0488 64       		.byte	100
 1192 0489 18       		.byte	24
 1193 048a DA       		.byte	-38
 1194 048b F3       		.byte	-13
 1195 048c DE       		.byte	-34
 1196 048d D8       		.byte	-40
 1197 048e 83       		.byte	-125
 1198 048f A5       		.byte	-91
 1199 0490 94       		.byte	-108
ARM GAS  /tmp/ccGBvzcc.s 			page 22


 1200 0491 01       		.byte	1
 1201 0492 D9       		.byte	-39
 1202 0493 A3       		.byte	-93
 1203 0494 02       		.byte	2
 1204 0495 F1       		.byte	-15
 1205 0496 A2       		.byte	-94
 1206 0497 C3       		.byte	-61
 1207 0498 C5       		.byte	-59
 1208 0499 C7       		.byte	-57
 1209 049a D8       		.byte	-40
 1210 049b F1       		.byte	-15
 1211 049c 84       		.byte	-124
 1212 049d 92       		.byte	-110
 1213 049e A2       		.byte	-94
 1214 049f 4D       		.byte	77
 1215 04a0 DA       		.byte	-38
 1216 04a1 2A       		.byte	42
 1217 04a2 D8       		.byte	-40
 1218 04a3 48       		.byte	72
 1219 04a4 69       		.byte	105
 1220 04a5 D9       		.byte	-39
 1221 04a6 2A       		.byte	42
 1222 04a7 D8       		.byte	-40
 1223 04a8 68       		.byte	104
 1224 04a9 55       		.byte	85
 1225 04aa DA       		.byte	-38
 1226 04ab 32       		.byte	50
 1227 04ac D8       		.byte	-40
 1228 04ad 50       		.byte	80
 1229 04ae 71       		.byte	113
 1230 04af D9       		.byte	-39
 1231 04b0 32       		.byte	50
 1232 04b1 D8       		.byte	-40
 1233 04b2 70       		.byte	112
 1234 04b3 5D       		.byte	93
 1235 04b4 DA       		.byte	-38
 1236 04b5 3A       		.byte	58
 1237 04b6 D8       		.byte	-40
 1238 04b7 58       		.byte	88
 1239 04b8 79       		.byte	121
 1240 04b9 D9       		.byte	-39
 1241 04ba 3A       		.byte	58
 1242 04bb D8       		.byte	-40
 1243 04bc 78       		.byte	120
 1244 04bd 93       		.byte	-109
 1245 04be A3       		.byte	-93
 1246 04bf 4D       		.byte	77
 1247 04c0 DA       		.byte	-38
 1248 04c1 2A       		.byte	42
 1249 04c2 D8       		.byte	-40
 1250 04c3 48       		.byte	72
 1251 04c4 69       		.byte	105
 1252 04c5 D9       		.byte	-39
 1253 04c6 2A       		.byte	42
 1254 04c7 D8       		.byte	-40
 1255 04c8 68       		.byte	104
 1256 04c9 55       		.byte	85
ARM GAS  /tmp/ccGBvzcc.s 			page 23


 1257 04ca DA       		.byte	-38
 1258 04cb 32       		.byte	50
 1259 04cc D8       		.byte	-40
 1260 04cd 50       		.byte	80
 1261 04ce 71       		.byte	113
 1262 04cf D9       		.byte	-39
 1263 04d0 32       		.byte	50
 1264 04d1 D8       		.byte	-40
 1265 04d2 70       		.byte	112
 1266 04d3 5D       		.byte	93
 1267 04d4 DA       		.byte	-38
 1268 04d5 3A       		.byte	58
 1269 04d6 D8       		.byte	-40
 1270 04d7 58       		.byte	88
 1271 04d8 79       		.byte	121
 1272 04d9 D9       		.byte	-39
 1273 04da 3A       		.byte	58
 1274 04db D8       		.byte	-40
 1275 04dc 78       		.byte	120
 1276 04dd A8       		.byte	-88
 1277 04de 8A       		.byte	-118
 1278 04df 9A       		.byte	-102
 1279 04e0 F0       		.byte	-16
 1280 04e1 28       		.byte	40
 1281 04e2 50       		.byte	80
 1282 04e3 78       		.byte	120
 1283 04e4 9E       		.byte	-98
 1284 04e5 F3       		.byte	-13
 1285 04e6 88       		.byte	-120
 1286 04e7 18       		.byte	24
 1287 04e8 F1       		.byte	-15
 1288 04e9 9F       		.byte	-97
 1289 04ea 1D       		.byte	29
 1290 04eb 98       		.byte	-104
 1291 04ec A8       		.byte	-88
 1292 04ed D9       		.byte	-39
 1293 04ee 08       		.byte	8
 1294 04ef D8       		.byte	-40
 1295 04f0 C8       		.byte	-56
 1296 04f1 9F       		.byte	-97
 1297 04f2 12       		.byte	18
 1298 04f3 9E       		.byte	-98
 1299 04f4 F3       		.byte	-13
 1300 04f5 15       		.byte	21
 1301 04f6 A8       		.byte	-88
 1302 04f7 DA       		.byte	-38
 1303 04f8 12       		.byte	18
 1304 04f9 10       		.byte	16
 1305 04fa D8       		.byte	-40
 1306 04fb F1       		.byte	-15
 1307 04fc AF       		.byte	-81
 1308 04fd C8       		.byte	-56
 1309 04fe 97       		.byte	-105
 1310 04ff 87       		.byte	-121
 1311 0500 34       		.byte	52
 1312 0501 B5       		.byte	-75
 1313 0502 B9       		.byte	-71
ARM GAS  /tmp/ccGBvzcc.s 			page 24


 1314 0503 94       		.byte	-108
 1315 0504 A4       		.byte	-92
 1316 0505 21       		.byte	33
 1317 0506 F3       		.byte	-13
 1318 0507 D9       		.byte	-39
 1319 0508 22       		.byte	34
 1320 0509 D8       		.byte	-40
 1321 050a F2       		.byte	-14
 1322 050b 2D       		.byte	45
 1323 050c F3       		.byte	-13
 1324 050d D9       		.byte	-39
 1325 050e 2A       		.byte	42
 1326 050f D8       		.byte	-40
 1327 0510 F2       		.byte	-14
 1328 0511 35       		.byte	53
 1329 0512 F3       		.byte	-13
 1330 0513 D9       		.byte	-39
 1331 0514 32       		.byte	50
 1332 0515 D8       		.byte	-40
 1333 0516 81       		.byte	-127
 1334 0517 A4       		.byte	-92
 1335 0518 60       		.byte	96
 1336 0519 60       		.byte	96
 1337 051a 61       		.byte	97
 1338 051b D9       		.byte	-39
 1339 051c 61       		.byte	97
 1340 051d D8       		.byte	-40
 1341 051e 6C       		.byte	108
 1342 051f 68       		.byte	104
 1343 0520 69       		.byte	105
 1344 0521 D9       		.byte	-39
 1345 0522 69       		.byte	105
 1346 0523 D8       		.byte	-40
 1347 0524 74       		.byte	116
 1348 0525 70       		.byte	112
 1349 0526 71       		.byte	113
 1350 0527 D9       		.byte	-39
 1351 0528 71       		.byte	113
 1352 0529 D8       		.byte	-40
 1353 052a B1       		.byte	-79
 1354 052b A3       		.byte	-93
 1355 052c 84       		.byte	-124
 1356 052d 19       		.byte	25
 1357 052e 3D       		.byte	61
 1358 052f 5D       		.byte	93
 1359 0530 A3       		.byte	-93
 1360 0531 83       		.byte	-125
 1361 0532 1A       		.byte	26
 1362 0533 3E       		.byte	62
 1363 0534 5E       		.byte	94
 1364 0535 93       		.byte	-109
 1365 0536 10       		.byte	16
 1366 0537 30       		.byte	48
 1367 0538 81       		.byte	-127
 1368 0539 10       		.byte	16
 1369 053a 11       		.byte	17
 1370 053b B8       		.byte	-72
ARM GAS  /tmp/ccGBvzcc.s 			page 25


 1371 053c B0       		.byte	-80
 1372 053d AF       		.byte	-81
 1373 053e 8F       		.byte	-113
 1374 053f 94       		.byte	-108
 1375 0540 F2       		.byte	-14
 1376 0541 DA       		.byte	-38
 1377 0542 3E       		.byte	62
 1378 0543 D8       		.byte	-40
 1379 0544 B4       		.byte	-76
 1380 0545 9A       		.byte	-102
 1381 0546 A8       		.byte	-88
 1382 0547 87       		.byte	-121
 1383 0548 29       		.byte	41
 1384 0549 DA       		.byte	-38
 1385 054a F8       		.byte	-8
 1386 054b D8       		.byte	-40
 1387 054c 87       		.byte	-121
 1388 054d 9A       		.byte	-102
 1389 054e 35       		.byte	53
 1390 054f DA       		.byte	-38
 1391 0550 F8       		.byte	-8
 1392 0551 D8       		.byte	-40
 1393 0552 87       		.byte	-121
 1394 0553 9A       		.byte	-102
 1395 0554 3D       		.byte	61
 1396 0555 DA       		.byte	-38
 1397 0556 F8       		.byte	-8
 1398 0557 D8       		.byte	-40
 1399 0558 B1       		.byte	-79
 1400 0559 B9       		.byte	-71
 1401 055a A4       		.byte	-92
 1402 055b 98       		.byte	-104
 1403 055c 85       		.byte	-123
 1404 055d 02       		.byte	2
 1405 055e 2E       		.byte	46
 1406 055f 56       		.byte	86
 1407 0560 A5       		.byte	-91
 1408 0561 81       		.byte	-127
 1409 0562 00       		.byte	0
 1410 0563 0C       		.byte	12
 1411 0564 14       		.byte	20
 1412 0565 A3       		.byte	-93
 1413 0566 97       		.byte	-105
 1414 0567 B0       		.byte	-80
 1415 0568 8A       		.byte	-118
 1416 0569 F1       		.byte	-15
 1417 056a 2D       		.byte	45
 1418 056b D9       		.byte	-39
 1419 056c 28       		.byte	40
 1420 056d D8       		.byte	-40
 1421 056e 4D       		.byte	77
 1422 056f D9       		.byte	-39
 1423 0570 48       		.byte	72
 1424 0571 D8       		.byte	-40
 1425 0572 6D       		.byte	109
 1426 0573 D9       		.byte	-39
 1427 0574 68       		.byte	104
ARM GAS  /tmp/ccGBvzcc.s 			page 26


 1428 0575 D8       		.byte	-40
 1429 0576 B1       		.byte	-79
 1430 0577 84       		.byte	-124
 1431 0578 0D       		.byte	13
 1432 0579 DA       		.byte	-38
 1433 057a 0E       		.byte	14
 1434 057b D8       		.byte	-40
 1435 057c A3       		.byte	-93
 1436 057d 29       		.byte	41
 1437 057e 83       		.byte	-125
 1438 057f DA       		.byte	-38
 1439 0580 2C       		.byte	44
 1440 0581 0E       		.byte	14
 1441 0582 D8       		.byte	-40
 1442 0583 A3       		.byte	-93
 1443 0584 84       		.byte	-124
 1444 0585 49       		.byte	73
 1445 0586 83       		.byte	-125
 1446 0587 DA       		.byte	-38
 1447 0588 2C       		.byte	44
 1448 0589 4C       		.byte	76
 1449 058a 0E       		.byte	14
 1450 058b D8       		.byte	-40
 1451 058c B8       		.byte	-72
 1452 058d B0       		.byte	-80
 1453 058e A8       		.byte	-88
 1454 058f 8A       		.byte	-118
 1455 0590 9A       		.byte	-102
 1456 0591 F5       		.byte	-11
 1457 0592 20       		.byte	32
 1458 0593 AA       		.byte	-86
 1459 0594 DA       		.byte	-38
 1460 0595 DF       		.byte	-33
 1461 0596 D8       		.byte	-40
 1462 0597 A8       		.byte	-88
 1463 0598 40       		.byte	64
 1464 0599 AA       		.byte	-86
 1465 059a D0       		.byte	-48
 1466 059b DA       		.byte	-38
 1467 059c DE       		.byte	-34
 1468 059d D8       		.byte	-40
 1469 059e A8       		.byte	-88
 1470 059f 60       		.byte	96
 1471 05a0 AA       		.byte	-86
 1472 05a1 DA       		.byte	-38
 1473 05a2 D0       		.byte	-48
 1474 05a3 DF       		.byte	-33
 1475 05a4 D8       		.byte	-40
 1476 05a5 F1       		.byte	-15
 1477 05a6 97       		.byte	-105
 1478 05a7 86       		.byte	-122
 1479 05a8 A8       		.byte	-88
 1480 05a9 31       		.byte	49
 1481 05aa 9B       		.byte	-101
 1482 05ab 06       		.byte	6
 1483 05ac 99       		.byte	-103
 1484 05ad 07       		.byte	7
ARM GAS  /tmp/ccGBvzcc.s 			page 27


 1485 05ae AB       		.byte	-85
 1486 05af 97       		.byte	-105
 1487 05b0 28       		.byte	40
 1488 05b1 88       		.byte	-120
 1489 05b2 9B       		.byte	-101
 1490 05b3 F0       		.byte	-16
 1491 05b4 0C       		.byte	12
 1492 05b5 20       		.byte	32
 1493 05b6 14       		.byte	20
 1494 05b7 40       		.byte	64
 1495 05b8 B8       		.byte	-72
 1496 05b9 B0       		.byte	-80
 1497 05ba B4       		.byte	-76
 1498 05bb A8       		.byte	-88
 1499 05bc 8C       		.byte	-116
 1500 05bd 9C       		.byte	-100
 1501 05be F0       		.byte	-16
 1502 05bf 04       		.byte	4
 1503 05c0 28       		.byte	40
 1504 05c1 51       		.byte	81
 1505 05c2 79       		.byte	121
 1506 05c3 1D       		.byte	29
 1507 05c4 30       		.byte	48
 1508 05c5 14       		.byte	20
 1509 05c6 38       		.byte	56
 1510 05c7 B2       		.byte	-78
 1511 05c8 82       		.byte	-126
 1512 05c9 AB       		.byte	-85
 1513 05ca D0       		.byte	-48
 1514 05cb 98       		.byte	-104
 1515 05cc 2C       		.byte	44
 1516 05cd 50       		.byte	80
 1517 05ce 50       		.byte	80
 1518 05cf 78       		.byte	120
 1519 05d0 78       		.byte	120
 1520 05d1 9B       		.byte	-101
 1521 05d2 F1       		.byte	-15
 1522 05d3 1A       		.byte	26
 1523 05d4 B0       		.byte	-80
 1524 05d5 F0       		.byte	-16
 1525 05d6 8A       		.byte	-118
 1526 05d7 9C       		.byte	-100
 1527 05d8 A8       		.byte	-88
 1528 05d9 29       		.byte	41
 1529 05da 51       		.byte	81
 1530 05db 79       		.byte	121
 1531 05dc 8B       		.byte	-117
 1532 05dd 29       		.byte	41
 1533 05de 51       		.byte	81
 1534 05df 79       		.byte	121
 1535 05e0 8A       		.byte	-118
 1536 05e1 24       		.byte	36
 1537 05e2 70       		.byte	112
 1538 05e3 59       		.byte	89
 1539 05e4 8B       		.byte	-117
 1540 05e5 20       		.byte	32
 1541 05e6 58       		.byte	88
ARM GAS  /tmp/ccGBvzcc.s 			page 28


 1542 05e7 71       		.byte	113
 1543 05e8 8A       		.byte	-118
 1544 05e9 44       		.byte	68
 1545 05ea 69       		.byte	105
 1546 05eb 38       		.byte	56
 1547 05ec 8B       		.byte	-117
 1548 05ed 39       		.byte	57
 1549 05ee 40       		.byte	64
 1550 05ef 68       		.byte	104
 1551 05f0 8A       		.byte	-118
 1552 05f1 64       		.byte	100
 1553 05f2 48       		.byte	72
 1554 05f3 31       		.byte	49
 1555 05f4 8B       		.byte	-117
 1556 05f5 30       		.byte	48
 1557 05f6 49       		.byte	73
 1558 05f7 60       		.byte	96
 1559 05f8 A5       		.byte	-91
 1560 05f9 88       		.byte	-120
 1561 05fa 20       		.byte	32
 1562 05fb 09       		.byte	9
 1563 05fc 71       		.byte	113
 1564 05fd 58       		.byte	88
 1565 05fe 44       		.byte	68
 1566 05ff 68       		.byte	104
 1567 0600 11       		.byte	17
 1568 0601 39       		.byte	57
 1569 0602 64       		.byte	100
 1570 0603 49       		.byte	73
 1571 0604 30       		.byte	48
 1572 0605 19       		.byte	25
 1573 0606 F1       		.byte	-15
 1574 0607 AC       		.byte	-84
 1575 0608 00       		.byte	0
 1576 0609 2C       		.byte	44
 1577 060a 54       		.byte	84
 1578 060b 7C       		.byte	124
 1579 060c F0       		.byte	-16
 1580 060d 8C       		.byte	-116
 1581 060e A8       		.byte	-88
 1582 060f 04       		.byte	4
 1583 0610 28       		.byte	40
 1584 0611 50       		.byte	80
 1585 0612 78       		.byte	120
 1586 0613 F1       		.byte	-15
 1587 0614 88       		.byte	-120
 1588 0615 97       		.byte	-105
 1589 0616 26       		.byte	38
 1590 0617 A8       		.byte	-88
 1591 0618 59       		.byte	89
 1592 0619 98       		.byte	-104
 1593 061a AC       		.byte	-84
 1594 061b 8C       		.byte	-116
 1595 061c 02       		.byte	2
 1596 061d 26       		.byte	38
 1597 061e 46       		.byte	70
 1598 061f 66       		.byte	102
ARM GAS  /tmp/ccGBvzcc.s 			page 29


 1599 0620 F0       		.byte	-16
 1600 0621 89       		.byte	-119
 1601 0622 9C       		.byte	-100
 1602 0623 A8       		.byte	-88
 1603 0624 29       		.byte	41
 1604 0625 51       		.byte	81
 1605 0626 79       		.byte	121
 1606 0627 24       		.byte	36
 1607 0628 70       		.byte	112
 1608 0629 59       		.byte	89
 1609 062a 44       		.byte	68
 1610 062b 69       		.byte	105
 1611 062c 38       		.byte	56
 1612 062d 64       		.byte	100
 1613 062e 48       		.byte	72
 1614 062f 31       		.byte	49
 1615 0630 A9       		.byte	-87
 1616 0631 88       		.byte	-120
 1617 0632 09       		.byte	9
 1618 0633 20       		.byte	32
 1619 0634 59       		.byte	89
 1620 0635 70       		.byte	112
 1621 0636 AB       		.byte	-85
 1622 0637 11       		.byte	17
 1623 0638 38       		.byte	56
 1624 0639 40       		.byte	64
 1625 063a 69       		.byte	105
 1626 063b A8       		.byte	-88
 1627 063c 19       		.byte	25
 1628 063d 31       		.byte	49
 1629 063e 48       		.byte	72
 1630 063f 60       		.byte	96
 1631 0640 8C       		.byte	-116
 1632 0641 A8       		.byte	-88
 1633 0642 3C       		.byte	60
 1634 0643 41       		.byte	65
 1635 0644 5C       		.byte	92
 1636 0645 20       		.byte	32
 1637 0646 7C       		.byte	124
 1638 0647 00       		.byte	0
 1639 0648 F1       		.byte	-15
 1640 0649 87       		.byte	-121
 1641 064a 98       		.byte	-104
 1642 064b 19       		.byte	25
 1643 064c 86       		.byte	-122
 1644 064d A8       		.byte	-88
 1645 064e 6E       		.byte	110
 1646 064f 76       		.byte	118
 1647 0650 7E       		.byte	126
 1648 0651 A9       		.byte	-87
 1649 0652 99       		.byte	-103
 1650 0653 88       		.byte	-120
 1651 0654 2D       		.byte	45
 1652 0655 55       		.byte	85
 1653 0656 7D       		.byte	125
 1654 0657 9E       		.byte	-98
 1655 0658 B9       		.byte	-71
ARM GAS  /tmp/ccGBvzcc.s 			page 30


 1656 0659 A3       		.byte	-93
 1657 065a 8A       		.byte	-118
 1658 065b 22       		.byte	34
 1659 065c 8A       		.byte	-118
 1660 065d 6E       		.byte	110
 1661 065e 8A       		.byte	-118
 1662 065f 56       		.byte	86
 1663 0660 8A       		.byte	-118
 1664 0661 5E       		.byte	94
 1665 0662 9F       		.byte	-97
 1666 0663 B1       		.byte	-79
 1667 0664 83       		.byte	-125
 1668 0665 06       		.byte	6
 1669 0666 26       		.byte	38
 1670 0667 46       		.byte	70
 1671 0668 66       		.byte	102
 1672 0669 0E       		.byte	14
 1673 066a 2E       		.byte	46
 1674 066b 4E       		.byte	78
 1675 066c 6E       		.byte	110
 1676 066d 9D       		.byte	-99
 1677 066e B8       		.byte	-72
 1678 066f AD       		.byte	-83
 1679 0670 00       		.byte	0
 1680 0671 2C       		.byte	44
 1681 0672 54       		.byte	84
 1682 0673 7C       		.byte	124
 1683 0674 F2       		.byte	-14
 1684 0675 B1       		.byte	-79
 1685 0676 8C       		.byte	-116
 1686 0677 B4       		.byte	-76
 1687 0678 99       		.byte	-103
 1688 0679 B9       		.byte	-71
 1689 067a A3       		.byte	-93
 1690 067b 2D       		.byte	45
 1691 067c 55       		.byte	85
 1692 067d 7D       		.byte	125
 1693 067e 81       		.byte	-127
 1694 067f 91       		.byte	-111
 1695 0680 AC       		.byte	-84
 1696 0681 38       		.byte	56
 1697 0682 AD       		.byte	-83
 1698 0683 3A       		.byte	58
 1699 0684 B5       		.byte	-75
 1700 0685 83       		.byte	-125
 1701 0686 91       		.byte	-111
 1702 0687 AC       		.byte	-84
 1703 0688 2D       		.byte	45
 1704 0689 D9       		.byte	-39
 1705 068a 28       		.byte	40
 1706 068b D8       		.byte	-40
 1707 068c 4D       		.byte	77
 1708 068d D9       		.byte	-39
 1709 068e 48       		.byte	72
 1710 068f D8       		.byte	-40
 1711 0690 6D       		.byte	109
 1712 0691 D9       		.byte	-39
ARM GAS  /tmp/ccGBvzcc.s 			page 31


 1713 0692 68       		.byte	104
 1714 0693 D8       		.byte	-40
 1715 0694 8C       		.byte	-116
 1716 0695 9D       		.byte	-99
 1717 0696 AE       		.byte	-82
 1718 0697 29       		.byte	41
 1719 0698 D9       		.byte	-39
 1720 0699 04       		.byte	4
 1721 069a AE       		.byte	-82
 1722 069b D8       		.byte	-40
 1723 069c 51       		.byte	81
 1724 069d D9       		.byte	-39
 1725 069e 04       		.byte	4
 1726 069f AE       		.byte	-82
 1727 06a0 D8       		.byte	-40
 1728 06a1 79       		.byte	121
 1729 06a2 D9       		.byte	-39
 1730 06a3 04       		.byte	4
 1731 06a4 D8       		.byte	-40
 1732 06a5 81       		.byte	-127
 1733 06a6 F3       		.byte	-13
 1734 06a7 9D       		.byte	-99
 1735 06a8 AD       		.byte	-83
 1736 06a9 00       		.byte	0
 1737 06aa 8D       		.byte	-115
 1738 06ab AE       		.byte	-82
 1739 06ac 19       		.byte	25
 1740 06ad 81       		.byte	-127
 1741 06ae AD       		.byte	-83
 1742 06af D9       		.byte	-39
 1743 06b0 01       		.byte	1
 1744 06b1 D8       		.byte	-40
 1745 06b2 F2       		.byte	-14
 1746 06b3 AE       		.byte	-82
 1747 06b4 DA       		.byte	-38
 1748 06b5 26       		.byte	38
 1749 06b6 D8       		.byte	-40
 1750 06b7 8E       		.byte	-114
 1751 06b8 91       		.byte	-111
 1752 06b9 29       		.byte	41
 1753 06ba 83       		.byte	-125
 1754 06bb A7       		.byte	-89
 1755 06bc D9       		.byte	-39
 1756 06bd AD       		.byte	-83
 1757 06be AD       		.byte	-83
 1758 06bf AD       		.byte	-83
 1759 06c0 AD       		.byte	-83
 1760 06c1 F3       		.byte	-13
 1761 06c2 2A       		.byte	42
 1762 06c3 D8       		.byte	-40
 1763 06c4 D8       		.byte	-40
 1764 06c5 F1       		.byte	-15
 1765 06c6 B0       		.byte	-80
 1766 06c7 AC       		.byte	-84
 1767 06c8 89       		.byte	-119
 1768 06c9 91       		.byte	-111
 1769 06ca 3E       		.byte	62
ARM GAS  /tmp/ccGBvzcc.s 			page 32


 1770 06cb 5E       		.byte	94
 1771 06cc 76       		.byte	118
 1772 06cd F3       		.byte	-13
 1773 06ce AC       		.byte	-84
 1774 06cf 2E       		.byte	46
 1775 06d0 2E       		.byte	46
 1776 06d1 F1       		.byte	-15
 1777 06d2 B1       		.byte	-79
 1778 06d3 8C       		.byte	-116
 1779 06d4 5A       		.byte	90
 1780 06d5 9C       		.byte	-100
 1781 06d6 AC       		.byte	-84
 1782 06d7 2C       		.byte	44
 1783 06d8 28       		.byte	40
 1784 06d9 28       		.byte	40
 1785 06da 28       		.byte	40
 1786 06db 9C       		.byte	-100
 1787 06dc AC       		.byte	-84
 1788 06dd 30       		.byte	48
 1789 06de 18       		.byte	24
 1790 06df A8       		.byte	-88
 1791 06e0 98       		.byte	-104
 1792 06e1 81       		.byte	-127
 1793 06e2 28       		.byte	40
 1794 06e3 34       		.byte	52
 1795 06e4 3C       		.byte	60
 1796 06e5 97       		.byte	-105
 1797 06e6 24       		.byte	36
 1798 06e7 A7       		.byte	-89
 1799 06e8 28       		.byte	40
 1800 06e9 34       		.byte	52
 1801 06ea 3C       		.byte	60
 1802 06eb 9C       		.byte	-100
 1803 06ec 24       		.byte	36
 1804 06ed F2       		.byte	-14
 1805 06ee B0       		.byte	-80
 1806 06ef 89       		.byte	-119
 1807 06f0 AC       		.byte	-84
 1808 06f1 91       		.byte	-111
 1809 06f2 2C       		.byte	44
 1810 06f3 4C       		.byte	76
 1811 06f4 6C       		.byte	108
 1812 06f5 8A       		.byte	-118
 1813 06f6 9B       		.byte	-101
 1814 06f7 2D       		.byte	45
 1815 06f8 D9       		.byte	-39
 1816 06f9 D8       		.byte	-40
 1817 06fa D8       		.byte	-40
 1818 06fb 51       		.byte	81
 1819 06fc D9       		.byte	-39
 1820 06fd D8       		.byte	-40
 1821 06fe D8       		.byte	-40
 1822 06ff 79       		.byte	121
 1823 0700 D9       		.byte	-39
 1824 0701 D8       		.byte	-40
 1825 0702 D8       		.byte	-40
 1826 0703 F1       		.byte	-15
ARM GAS  /tmp/ccGBvzcc.s 			page 33


 1827 0704 9E       		.byte	-98
 1828 0705 88       		.byte	-120
 1829 0706 A3       		.byte	-93
 1830 0707 31       		.byte	49
 1831 0708 DA       		.byte	-38
 1832 0709 D8       		.byte	-40
 1833 070a D8       		.byte	-40
 1834 070b 91       		.byte	-111
 1835 070c 2D       		.byte	45
 1836 070d D9       		.byte	-39
 1837 070e 28       		.byte	40
 1838 070f D8       		.byte	-40
 1839 0710 4D       		.byte	77
 1840 0711 D9       		.byte	-39
 1841 0712 48       		.byte	72
 1842 0713 D8       		.byte	-40
 1843 0714 6D       		.byte	109
 1844 0715 D9       		.byte	-39
 1845 0716 68       		.byte	104
 1846 0717 D8       		.byte	-40
 1847 0718 B1       		.byte	-79
 1848 0719 83       		.byte	-125
 1849 071a 93       		.byte	-109
 1850 071b 35       		.byte	53
 1851 071c 3D       		.byte	61
 1852 071d 80       		.byte	-128
 1853 071e 25       		.byte	37
 1854 071f DA       		.byte	-38
 1855 0720 D8       		.byte	-40
 1856 0721 D8       		.byte	-40
 1857 0722 85       		.byte	-123
 1858 0723 69       		.byte	105
 1859 0724 DA       		.byte	-38
 1860 0725 D8       		.byte	-40
 1861 0726 D8       		.byte	-40
 1862 0727 B4       		.byte	-76
 1863 0728 93       		.byte	-109
 1864 0729 81       		.byte	-127
 1865 072a A3       		.byte	-93
 1866 072b 28       		.byte	40
 1867 072c 34       		.byte	52
 1868 072d 3C       		.byte	60
 1869 072e F3       		.byte	-13
 1870 072f AB       		.byte	-85
 1871 0730 8B       		.byte	-117
 1872 0731 F8       		.byte	-8
 1873 0732 A3       		.byte	-93
 1874 0733 91       		.byte	-111
 1875 0734 B6       		.byte	-74
 1876 0735 09       		.byte	9
 1877 0736 B4       		.byte	-76
 1878 0737 D9       		.byte	-39
 1879 0738 AB       		.byte	-85
 1880 0739 DE       		.byte	-34
 1881 073a FA       		.byte	-6
 1882 073b B0       		.byte	-80
 1883 073c 87       		.byte	-121
ARM GAS  /tmp/ccGBvzcc.s 			page 34


 1884 073d 9C       		.byte	-100
 1885 073e B9       		.byte	-71
 1886 073f A3       		.byte	-93
 1887 0740 DD       		.byte	-35
 1888 0741 F1       		.byte	-15
 1889 0742 A3       		.byte	-93
 1890 0743 A3       		.byte	-93
 1891 0744 A3       		.byte	-93
 1892 0745 A3       		.byte	-93
 1893 0746 95       		.byte	-107
 1894 0747 F1       		.byte	-15
 1895 0748 A3       		.byte	-93
 1896 0749 A3       		.byte	-93
 1897 074a A3       		.byte	-93
 1898 074b 9D       		.byte	-99
 1899 074c F1       		.byte	-15
 1900 074d A3       		.byte	-93
 1901 074e A3       		.byte	-93
 1902 074f A3       		.byte	-93
 1903 0750 A3       		.byte	-93
 1904 0751 F2       		.byte	-14
 1905 0752 A3       		.byte	-93
 1906 0753 B4       		.byte	-76
 1907 0754 90       		.byte	-112
 1908 0755 80       		.byte	-128
 1909 0756 F2       		.byte	-14
 1910 0757 A3       		.byte	-93
 1911 0758 A3       		.byte	-93
 1912 0759 A3       		.byte	-93
 1913 075a A3       		.byte	-93
 1914 075b A3       		.byte	-93
 1915 075c A3       		.byte	-93
 1916 075d A3       		.byte	-93
 1917 075e A3       		.byte	-93
 1918 075f A3       		.byte	-93
 1919 0760 A3       		.byte	-93
 1920 0761 B2       		.byte	-78
 1921 0762 A3       		.byte	-93
 1922 0763 A3       		.byte	-93
 1923 0764 A3       		.byte	-93
 1924 0765 A3       		.byte	-93
 1925 0766 A3       		.byte	-93
 1926 0767 A3       		.byte	-93
 1927 0768 B0       		.byte	-80
 1928 0769 87       		.byte	-121
 1929 076a B5       		.byte	-75
 1930 076b 99       		.byte	-103
 1931 076c F1       		.byte	-15
 1932 076d A3       		.byte	-93
 1933 076e A3       		.byte	-93
 1934 076f A3       		.byte	-93
 1935 0770 98       		.byte	-104
 1936 0771 F1       		.byte	-15
 1937 0772 A3       		.byte	-93
 1938 0773 A3       		.byte	-93
 1939 0774 A3       		.byte	-93
 1940 0775 A3       		.byte	-93
ARM GAS  /tmp/ccGBvzcc.s 			page 35


 1941 0776 97       		.byte	-105
 1942 0777 A3       		.byte	-93
 1943 0778 A3       		.byte	-93
 1944 0779 A3       		.byte	-93
 1945 077a A3       		.byte	-93
 1946 077b F3       		.byte	-13
 1947 077c 9B       		.byte	-101
 1948 077d A3       		.byte	-93
 1949 077e A3       		.byte	-93
 1950 077f DC       		.byte	-36
 1951 0780 B9       		.byte	-71
 1952 0781 A7       		.byte	-89
 1953 0782 F1       		.byte	-15
 1954 0783 26       		.byte	38
 1955 0784 26       		.byte	38
 1956 0785 26       		.byte	38
 1957 0786 D8       		.byte	-40
 1958 0787 D8       		.byte	-40
 1959 0788 FF       		.byte	-1
 1960              		.section	.rodata.dmpcfgupddata,"a",%progbits
 1961              		.align	2
 1964              	dmpcfgupddata:
 1965 0000 03       		.byte	3
 1966 0001 7B       		.byte	123
 1967 0002 03       		.byte	3
 1968 0003 4C       		.byte	76
 1969 0004 CD       		.byte	-51
 1970 0005 6C       		.byte	108
 1971 0006 03       		.byte	3
 1972 0007 AB       		.byte	-85
 1973 0008 03       		.byte	3
 1974 0009 36       		.byte	54
 1975 000a 56       		.byte	86
 1976 000b 76       		.byte	118
 1977 000c 00       		.byte	0
 1978 000d 68       		.byte	104
 1979 000e 04       		.byte	4
 1980 000f 02       		.byte	2
 1981 0010 CB       		.byte	-53
 1982 0011 47       		.byte	71
 1983 0012 A2       		.byte	-94
 1984 0013 02       		.byte	2
 1985 0014 18       		.byte	24
 1986 0015 04       		.byte	4
 1987 0016 00       		.byte	0
 1988 0017 05       		.byte	5
 1989 0018 8B       		.byte	-117
 1990 0019 C1       		.byte	-63
 1991 001a 01       		.byte	1
 1992 001b 0C       		.byte	12
 1993 001c 04       		.byte	4
 1994 001d 00       		.byte	0
 1995 001e 00       		.byte	0
 1996 001f 00       		.byte	0
 1997 0020 00       		.byte	0
 1998 0021 03       		.byte	3
 1999 0022 7F       		.byte	127
ARM GAS  /tmp/ccGBvzcc.s 			page 36


 2000 0023 06       		.byte	6
 2001 0024 0C       		.byte	12
 2002 0025 C9       		.byte	-55
 2003 0026 2C       		.byte	44
 2004 0027 97       		.byte	-105
 2005 0028 97       		.byte	-105
 2006 0029 97       		.byte	-105
 2007 002a 03       		.byte	3
 2008 002b 89       		.byte	-119
 2009 002c 03       		.byte	3
 2010 002d 26       		.byte	38
 2011 002e 46       		.byte	70
 2012 002f 66       		.byte	102
 2013 0030 00       		.byte	0
 2014 0031 6C       		.byte	108
 2015 0032 02       		.byte	2
 2016 0033 20       		.byte	32
 2017 0034 00       		.byte	0
 2018 0035 02       		.byte	2
 2019 0036 40       		.byte	64
 2020 0037 04       		.byte	4
 2021 0038 00       		.byte	0
 2022 0039 00       		.byte	0
 2023 003a 00       		.byte	0
 2024 003b 00       		.byte	0
 2025 003c 02       		.byte	2
 2026 003d 44       		.byte	68
 2027 003e 04       		.byte	4
 2028 003f 00       		.byte	0
 2029 0040 00       		.byte	0
 2030 0041 00       		.byte	0
 2031 0042 00       		.byte	0
 2032 0043 02       		.byte	2
 2033 0044 48       		.byte	72
 2034 0045 04       		.byte	4
 2035 0046 00       		.byte	0
 2036 0047 00       		.byte	0
 2037 0048 00       		.byte	0
 2038 0049 00       		.byte	0
 2039 004a 02       		.byte	2
 2040 004b 4C       		.byte	76
 2041 004c 04       		.byte	4
 2042 004d 00       		.byte	0
 2043 004e 00       		.byte	0
 2044 004f 00       		.byte	0
 2045 0050 00       		.byte	0
 2046 0051 02       		.byte	2
 2047 0052 50       		.byte	80
 2048 0053 04       		.byte	4
 2049 0054 00       		.byte	0
 2050 0055 00       		.byte	0
 2051 0056 00       		.byte	0
 2052 0057 00       		.byte	0
 2053 0058 02       		.byte	2
 2054 0059 54       		.byte	84
 2055 005a 04       		.byte	4
 2056 005b 00       		.byte	0
ARM GAS  /tmp/ccGBvzcc.s 			page 37


 2057 005c 00       		.byte	0
 2058 005d 00       		.byte	0
 2059 005e 00       		.byte	0
 2060 005f 02       		.byte	2
 2061 0060 58       		.byte	88
 2062 0061 04       		.byte	4
 2063 0062 00       		.byte	0
 2064 0063 00       		.byte	0
 2065 0064 00       		.byte	0
 2066 0065 00       		.byte	0
 2067 0066 02       		.byte	2
 2068 0067 5C       		.byte	92
 2069 0068 04       		.byte	4
 2070 0069 00       		.byte	0
 2071 006a 00       		.byte	0
 2072 006b 00       		.byte	0
 2073 006c 00       		.byte	0
 2074 006d 02       		.byte	2
 2075 006e BC       		.byte	-68
 2076 006f 04       		.byte	4
 2077 0070 00       		.byte	0
 2078 0071 00       		.byte	0
 2079 0072 00       		.byte	0
 2080 0073 00       		.byte	0
 2081 0074 01       		.byte	1
 2082 0075 EC       		.byte	-20
 2083 0076 04       		.byte	4
 2084 0077 00       		.byte	0
 2085 0078 00       		.byte	0
 2086 0079 40       		.byte	64
 2087 007a 00       		.byte	0
 2088 007b 03       		.byte	3
 2089 007c 7F       		.byte	127
 2090 007d 06       		.byte	6
 2091 007e 0C       		.byte	12
 2092 007f C9       		.byte	-55
 2093 0080 2C       		.byte	44
 2094 0081 97       		.byte	-105
 2095 0082 97       		.byte	-105
 2096 0083 97       		.byte	-105
 2097 0084 04       		.byte	4
 2098 0085 02       		.byte	2
 2099 0086 03       		.byte	3
 2100 0087 0D       		.byte	13
 2101 0088 35       		.byte	53
 2102 0089 5D       		.byte	93
 2103 008a 04       		.byte	4
 2104 008b 09       		.byte	9
 2105 008c 04       		.byte	4
 2106 008d 87       		.byte	-121
 2107 008e 2D       		.byte	45
 2108 008f 35       		.byte	53
 2109 0090 3D       		.byte	61
 2110 0091 00       		.byte	0
 2111 0092 A3       		.byte	-93
 2112 0093 01       		.byte	1
 2113 0094 00       		.byte	0
ARM GAS  /tmp/ccGBvzcc.s 			page 38


 2114 0095 00       		.byte	0
 2115 0096 00       		.byte	0
 2116 0097 01       		.byte	1
 2117 0098 01       		.byte	1
 2118 0099 07       		.byte	7
 2119 009a 86       		.byte	-122
 2120 009b 01       		.byte	1
 2121 009c FE       		.byte	-2
 2122 009d 07       		.byte	7
 2123 009e 41       		.byte	65
 2124 009f 05       		.byte	5
 2125 00a0 F1       		.byte	-15
 2126 00a1 20       		.byte	32
 2127 00a2 28       		.byte	40
 2128 00a3 30       		.byte	48
 2129 00a4 38       		.byte	56
 2130 00a5 07       		.byte	7
 2131 00a6 7E       		.byte	126
 2132 00a7 01       		.byte	1
 2133 00a8 30       		.byte	48
 2134 00a9 07       		.byte	7
 2135 00aa 46       		.byte	70
 2136 00ab 01       		.byte	1
 2137 00ac 9A       		.byte	-102
 2138 00ad 07       		.byte	7
 2139 00ae 47       		.byte	71
 2140 00af 04       		.byte	4
 2141 00b0 F1       		.byte	-15
 2142 00b1 28       		.byte	40
 2143 00b2 30       		.byte	48
 2144 00b3 38       		.byte	56
 2145 00b4 07       		.byte	7
 2146 00b5 6C       		.byte	108
 2147 00b6 04       		.byte	4
 2148 00b7 F1       		.byte	-15
 2149 00b8 28       		.byte	40
 2150 00b9 30       		.byte	48
 2151 00ba 38       		.byte	56
 2152 00bb 02       		.byte	2
 2153 00bc 16       		.byte	22
 2154 00bd 02       		.byte	2
 2155 00be 00       		.byte	0
 2156 00bf 00       		.byte	0
 2157 00c0 01       		.byte	1
 2158 00c1 B2       		.byte	-78
 2159 00c2 02       		.byte	2
 2160 00c3 FF       		.byte	-1
 2161 00c4 FF       		.byte	-1
 2162 00c5 01       		.byte	1
 2163 00c6 90       		.byte	-112
 2164 00c7 04       		.byte	4
 2165 00c8 09       		.byte	9
 2166 00c9 23       		.byte	35
 2167 00ca A1       		.byte	-95
 2168 00cb 35       		.byte	53
 2169 00cc 01       		.byte	1
 2170 00cd 6A       		.byte	106
ARM GAS  /tmp/ccGBvzcc.s 			page 39


 2171 00ce 02       		.byte	2
 2172 00cf 06       		.byte	6
 2173 00d0 00       		.byte	0
 2174 00d1 01       		.byte	1
 2175 00d2 60       		.byte	96
 2176 00d3 08       		.byte	8
 2177 00d4 00       		.byte	0
 2178 00d5 00       		.byte	0
 2179 00d6 00       		.byte	0
 2180 00d7 00       		.byte	0
 2181 00d8 00       		.byte	0
 2182 00d9 00       		.byte	0
 2183 00da 00       		.byte	0
 2184 00db 00       		.byte	0
 2185 00dc 00       		.byte	0
 2186 00dd 60       		.byte	96
 2187 00de 04       		.byte	4
 2188 00df 40       		.byte	64
 2189 00e0 00       		.byte	0
 2190 00e1 00       		.byte	0
 2191 00e2 00       		.byte	0
 2192 00e3 01       		.byte	1
 2193 00e4 62       		.byte	98
 2194 00e5 02       		.byte	2
 2195 00e6 00       		.byte	0
 2196 00e7 00       		.byte	0
 2197 00e8 00       		.byte	0
 2198 00e9 60       		.byte	96
 2199 00ea 04       		.byte	4
 2200 00eb 00       		.byte	0
 2201 00ec 40       		.byte	64
 2202 00ed 00       		.byte	0
 2203 00ee 00       		.byte	0
 2204              		.text
 2205              	.Letext0:
 2206              		.file 1 "Src/mpu9250.c"
ARM GAS  /tmp/ccGBvzcc.s 			page 40


DEFINED SYMBOLS
                            *ABS*:0000000000000000 mpu9250.c
     /tmp/ccGBvzcc.s:1964   .rodata.dmpcfgupddata:0000000000000000 dmpcfgupddata
     /tmp/ccGBvzcc.s:30     .rodata.dmpmemorydata:0000000000000000 dmpmemorydata
                            *COM*:000000000000002a dmpdatas
                            *COM*:000000000000000c mag
                            *COM*:000000000000000c yprf
                            *COM*:000000000000000c accelf
                            *COM*:000000000000000c gyrof
                            *COM*:0000000000000010 q
     /tmp/ccGBvzcc.s:27     .rodata.dmpmemorydata:0000000000000000 $d
     /tmp/ccGBvzcc.s:1961   .rodata.dmpcfgupddata:0000000000000000 $d

NO UNDEFINED SYMBOLS
