ARM GAS  /tmp/ccMLlidq.s 			page 1


   1              		.cpu cortex-m3
   2              		.eabi_attribute 20, 1
   3              		.eabi_attribute 21, 1
   4              		.eabi_attribute 23, 3
   5              		.eabi_attribute 24, 1
   6              		.eabi_attribute 25, 1
   7              		.eabi_attribute 26, 1
   8              		.eabi_attribute 30, 1
   9              		.eabi_attribute 34, 1
  10              		.eabi_attribute 18, 4
  11              		.file	"stm32f1xx_hal_msp.c"
  12              		.text
  13              	.Ltext0:
  14              		.cfi_sections	.debug_frame
  15              		.section	.text.HAL_MspInit,"ax",%progbits
  16              		.align	1
  17              		.global	HAL_MspInit
  18              		.syntax unified
  19              		.thumb
  20              		.thumb_func
  21              		.fpu softvfp
  23              	HAL_MspInit:
  24              	.LFB64:
  25              		.file 1 "Src/stm32f1xx_hal_msp.c"
   1:Src/stm32f1xx_hal_msp.c **** /**
   2:Src/stm32f1xx_hal_msp.c ****   ******************************************************************************
   3:Src/stm32f1xx_hal_msp.c ****   * File Name          : stm32f1xx_hal_msp.c
   4:Src/stm32f1xx_hal_msp.c ****   * Description        : This file provides code for the MSP Initialization 
   5:Src/stm32f1xx_hal_msp.c ****   *                      and de-Initialization codes.
   6:Src/stm32f1xx_hal_msp.c ****   ******************************************************************************
   7:Src/stm32f1xx_hal_msp.c ****   * This notice applies to any and all portions of this file
   8:Src/stm32f1xx_hal_msp.c ****   * that are not between comment pairs USER CODE BEGIN and
   9:Src/stm32f1xx_hal_msp.c ****   * USER CODE END. Other portions of this file, whether 
  10:Src/stm32f1xx_hal_msp.c ****   * inserted by the user or by software development tools
  11:Src/stm32f1xx_hal_msp.c ****   * are owned by their respective copyright owners.
  12:Src/stm32f1xx_hal_msp.c ****   *
  13:Src/stm32f1xx_hal_msp.c ****   * Copyright (c) 2018 STMicroelectronics International N.V. 
  14:Src/stm32f1xx_hal_msp.c ****   * All rights reserved.
  15:Src/stm32f1xx_hal_msp.c ****   *
  16:Src/stm32f1xx_hal_msp.c ****   * Redistribution and use in source and binary forms, with or without 
  17:Src/stm32f1xx_hal_msp.c ****   * modification, are permitted, provided that the following conditions are met:
  18:Src/stm32f1xx_hal_msp.c ****   *
  19:Src/stm32f1xx_hal_msp.c ****   * 1. Redistribution of source code must retain the above copyright notice, 
  20:Src/stm32f1xx_hal_msp.c ****   *    this list of conditions and the following disclaimer.
  21:Src/stm32f1xx_hal_msp.c ****   * 2. Redistributions in binary form must reproduce the above copyright notice,
  22:Src/stm32f1xx_hal_msp.c ****   *    this list of conditions and the following disclaimer in the documentation
  23:Src/stm32f1xx_hal_msp.c ****   *    and/or other materials provided with the distribution.
  24:Src/stm32f1xx_hal_msp.c ****   * 3. Neither the name of STMicroelectronics nor the names of other 
  25:Src/stm32f1xx_hal_msp.c ****   *    contributors to this software may be used to endorse or promote products 
  26:Src/stm32f1xx_hal_msp.c ****   *    derived from this software without specific written permission.
  27:Src/stm32f1xx_hal_msp.c ****   * 4. This software, including modifications and/or derivative works of this 
  28:Src/stm32f1xx_hal_msp.c ****   *    software, must execute solely and exclusively on microcontroller or
  29:Src/stm32f1xx_hal_msp.c ****   *    microprocessor devices manufactured by or for STMicroelectronics.
  30:Src/stm32f1xx_hal_msp.c ****   * 5. Redistribution and use of this software other than as permitted under 
  31:Src/stm32f1xx_hal_msp.c ****   *    this license is void and will automatically terminate your rights under 
  32:Src/stm32f1xx_hal_msp.c ****   *    this license. 
  33:Src/stm32f1xx_hal_msp.c ****   *
ARM GAS  /tmp/ccMLlidq.s 			page 2


  34:Src/stm32f1xx_hal_msp.c ****   * THIS SOFTWARE IS PROVIDED BY STMICROELECTRONICS AND CONTRIBUTORS "AS IS" 
  35:Src/stm32f1xx_hal_msp.c ****   * AND ANY EXPRESS, IMPLIED OR STATUTORY WARRANTIES, INCLUDING, BUT NOT 
  36:Src/stm32f1xx_hal_msp.c ****   * LIMITED TO, THE IMPLIED WARRANTIES OF MERCHANTABILITY, FITNESS FOR A 
  37:Src/stm32f1xx_hal_msp.c ****   * PARTICULAR PURPOSE AND NON-INFRINGEMENT OF THIRD PARTY INTELLECTUAL PROPERTY
  38:Src/stm32f1xx_hal_msp.c ****   * RIGHTS ARE DISCLAIMED TO THE FULLEST EXTENT PERMITTED BY LAW. IN NO EVENT 
  39:Src/stm32f1xx_hal_msp.c ****   * SHALL STMICROELECTRONICS OR CONTRIBUTORS BE LIABLE FOR ANY DIRECT, INDIRECT,
  40:Src/stm32f1xx_hal_msp.c ****   * INCIDENTAL, SPECIAL, EXEMPLARY, OR CONSEQUENTIAL DAMAGES (INCLUDING, BUT NOT
  41:Src/stm32f1xx_hal_msp.c ****   * LIMITED TO, PROCUREMENT OF SUBSTITUTE GOODS OR SERVICES; LOSS OF USE, DATA, 
  42:Src/stm32f1xx_hal_msp.c ****   * OR PROFITS; OR BUSINESS INTERRUPTION) HOWEVER CAUSED AND ON ANY THEORY OF 
  43:Src/stm32f1xx_hal_msp.c ****   * LIABILITY, WHETHER IN CONTRACT, STRICT LIABILITY, OR TORT (INCLUDING 
  44:Src/stm32f1xx_hal_msp.c ****   * NEGLIGENCE OR OTHERWISE) ARISING IN ANY WAY OUT OF THE USE OF THIS SOFTWARE,
  45:Src/stm32f1xx_hal_msp.c ****   * EVEN IF ADVISED OF THE POSSIBILITY OF SUCH DAMAGE.
  46:Src/stm32f1xx_hal_msp.c ****   *
  47:Src/stm32f1xx_hal_msp.c ****   ******************************************************************************
  48:Src/stm32f1xx_hal_msp.c ****   */
  49:Src/stm32f1xx_hal_msp.c **** /* Includes ------------------------------------------------------------------*/
  50:Src/stm32f1xx_hal_msp.c **** #include "stm32f1xx_hal.h"
  51:Src/stm32f1xx_hal_msp.c **** extern void _Error_Handler(char *, int);
  52:Src/stm32f1xx_hal_msp.c **** /* USER CODE BEGIN 0 */
  53:Src/stm32f1xx_hal_msp.c **** 
  54:Src/stm32f1xx_hal_msp.c **** /* USER CODE END 0 */
  55:Src/stm32f1xx_hal_msp.c **** /**
  56:Src/stm32f1xx_hal_msp.c ****   * Initializes the Global MSP.
  57:Src/stm32f1xx_hal_msp.c ****   */
  58:Src/stm32f1xx_hal_msp.c **** void HAL_MspInit(void)
  59:Src/stm32f1xx_hal_msp.c **** {
  26              		.loc 1 59 0
  27              		.cfi_startproc
  28              		@ args = 0, pretend = 0, frame = 8
  29              		@ frame_needed = 0, uses_anonymous_args = 0
  30 0000 00B5     		push	{lr}
  31              	.LCFI0:
  32              		.cfi_def_cfa_offset 4
  33              		.cfi_offset 14, -4
  34 0002 83B0     		sub	sp, sp, #12
  35              	.LCFI1:
  36              		.cfi_def_cfa_offset 16
  37              	.LBB2:
  60:Src/stm32f1xx_hal_msp.c ****   /* USER CODE BEGIN MspInit 0 */
  61:Src/stm32f1xx_hal_msp.c **** 
  62:Src/stm32f1xx_hal_msp.c ****   /* USER CODE END MspInit 0 */
  63:Src/stm32f1xx_hal_msp.c **** 
  64:Src/stm32f1xx_hal_msp.c ****   __HAL_RCC_AFIO_CLK_ENABLE();
  38              		.loc 1 64 0
  39 0004 244B     		ldr	r3, .L3
  40 0006 9A69     		ldr	r2, [r3, #24]
  41 0008 42F00102 		orr	r2, r2, #1
  42 000c 9A61     		str	r2, [r3, #24]
  43 000e 9A69     		ldr	r2, [r3, #24]
  44 0010 02F00102 		and	r2, r2, #1
  45 0014 0092     		str	r2, [sp]
  46 0016 009A     		ldr	r2, [sp]
  47              	.LBE2:
  48              	.LBB3:
  65:Src/stm32f1xx_hal_msp.c ****   __HAL_RCC_PWR_CLK_ENABLE();
  49              		.loc 1 65 0
  50 0018 DA69     		ldr	r2, [r3, #28]
ARM GAS  /tmp/ccMLlidq.s 			page 3


  51 001a 42F08052 		orr	r2, r2, #268435456
  52 001e DA61     		str	r2, [r3, #28]
  53 0020 DB69     		ldr	r3, [r3, #28]
  54 0022 03F08053 		and	r3, r3, #268435456
  55 0026 0193     		str	r3, [sp, #4]
  56 0028 019B     		ldr	r3, [sp, #4]
  57              	.LBE3:
  66:Src/stm32f1xx_hal_msp.c **** 
  67:Src/stm32f1xx_hal_msp.c ****   HAL_NVIC_SetPriorityGrouping(NVIC_PRIORITYGROUP_4);
  58              		.loc 1 67 0
  59 002a 0320     		movs	r0, #3
  60 002c FFF7FEFF 		bl	HAL_NVIC_SetPriorityGrouping
  61              	.LVL0:
  68:Src/stm32f1xx_hal_msp.c **** 
  69:Src/stm32f1xx_hal_msp.c ****   /* System interrupt init*/
  70:Src/stm32f1xx_hal_msp.c ****   /* MemoryManagement_IRQn interrupt configuration */
  71:Src/stm32f1xx_hal_msp.c ****   HAL_NVIC_SetPriority(MemoryManagement_IRQn, 0, 0);
  62              		.loc 1 71 0
  63 0030 0022     		movs	r2, #0
  64 0032 1146     		mov	r1, r2
  65 0034 6FF00B00 		mvn	r0, #11
  66 0038 FFF7FEFF 		bl	HAL_NVIC_SetPriority
  67              	.LVL1:
  72:Src/stm32f1xx_hal_msp.c ****   /* BusFault_IRQn interrupt configuration */
  73:Src/stm32f1xx_hal_msp.c ****   HAL_NVIC_SetPriority(BusFault_IRQn, 0, 0);
  68              		.loc 1 73 0
  69 003c 0022     		movs	r2, #0
  70 003e 1146     		mov	r1, r2
  71 0040 6FF00A00 		mvn	r0, #10
  72 0044 FFF7FEFF 		bl	HAL_NVIC_SetPriority
  73              	.LVL2:
  74:Src/stm32f1xx_hal_msp.c ****   /* UsageFault_IRQn interrupt configuration */
  75:Src/stm32f1xx_hal_msp.c ****   HAL_NVIC_SetPriority(UsageFault_IRQn, 0, 0);
  74              		.loc 1 75 0
  75 0048 0022     		movs	r2, #0
  76 004a 1146     		mov	r1, r2
  77 004c 6FF00900 		mvn	r0, #9
  78 0050 FFF7FEFF 		bl	HAL_NVIC_SetPriority
  79              	.LVL3:
  76:Src/stm32f1xx_hal_msp.c ****   /* SVCall_IRQn interrupt configuration */
  77:Src/stm32f1xx_hal_msp.c ****   HAL_NVIC_SetPriority(SVCall_IRQn, 0, 0);
  80              		.loc 1 77 0
  81 0054 0022     		movs	r2, #0
  82 0056 1146     		mov	r1, r2
  83 0058 6FF00400 		mvn	r0, #4
  84 005c FFF7FEFF 		bl	HAL_NVIC_SetPriority
  85              	.LVL4:
  78:Src/stm32f1xx_hal_msp.c ****   /* DebugMonitor_IRQn interrupt configuration */
  79:Src/stm32f1xx_hal_msp.c ****   HAL_NVIC_SetPriority(DebugMonitor_IRQn, 0, 0);
  86              		.loc 1 79 0
  87 0060 0022     		movs	r2, #0
  88 0062 1146     		mov	r1, r2
  89 0064 6FF00300 		mvn	r0, #3
  90 0068 FFF7FEFF 		bl	HAL_NVIC_SetPriority
  91              	.LVL5:
  80:Src/stm32f1xx_hal_msp.c ****   /* PendSV_IRQn interrupt configuration */
  81:Src/stm32f1xx_hal_msp.c ****   HAL_NVIC_SetPriority(PendSV_IRQn, 0, 0);
ARM GAS  /tmp/ccMLlidq.s 			page 4


  92              		.loc 1 81 0
  93 006c 0022     		movs	r2, #0
  94 006e 1146     		mov	r1, r2
  95 0070 6FF00100 		mvn	r0, #1
  96 0074 FFF7FEFF 		bl	HAL_NVIC_SetPriority
  97              	.LVL6:
  82:Src/stm32f1xx_hal_msp.c ****   /* SysTick_IRQn interrupt configuration */
  83:Src/stm32f1xx_hal_msp.c ****   HAL_NVIC_SetPriority(SysTick_IRQn, 0, 0);
  98              		.loc 1 83 0
  99 0078 0022     		movs	r2, #0
 100 007a 1146     		mov	r1, r2
 101 007c 4FF0FF30 		mov	r0, #-1
 102 0080 FFF7FEFF 		bl	HAL_NVIC_SetPriority
 103              	.LVL7:
 104              	.LBB4:
  84:Src/stm32f1xx_hal_msp.c **** 
  85:Src/stm32f1xx_hal_msp.c ****     /**NOJTAG: JTAG-DP Disabled and SW-DP Enabled 
  86:Src/stm32f1xx_hal_msp.c ****     */
  87:Src/stm32f1xx_hal_msp.c ****   __HAL_AFIO_REMAP_SWJ_NOJTAG();
 105              		.loc 1 87 0
 106 0084 054A     		ldr	r2, .L3+4
 107 0086 5368     		ldr	r3, [r2, #4]
 108              	.LVL8:
 109 0088 23F0E063 		bic	r3, r3, #117440512
 110              	.LVL9:
 111 008c 43F00073 		orr	r3, r3, #33554432
 112              	.LVL10:
 113 0090 5360     		str	r3, [r2, #4]
 114              	.LBE4:
  88:Src/stm32f1xx_hal_msp.c **** 
  89:Src/stm32f1xx_hal_msp.c ****   /* USER CODE BEGIN MspInit 1 */
  90:Src/stm32f1xx_hal_msp.c **** 
  91:Src/stm32f1xx_hal_msp.c ****   /* USER CODE END MspInit 1 */
  92:Src/stm32f1xx_hal_msp.c **** }
 115              		.loc 1 92 0
 116 0092 03B0     		add	sp, sp, #12
 117              	.LCFI2:
 118              		.cfi_def_cfa_offset 4
 119              		@ sp needed
 120 0094 5DF804FB 		ldr	pc, [sp], #4
 121              	.L4:
 122              		.align	2
 123              	.L3:
 124 0098 00100240 		.word	1073876992
 125 009c 00000140 		.word	1073807360
 126              		.cfi_endproc
 127              	.LFE64:
 129              		.section	.text.HAL_I2C_MspInit,"ax",%progbits
 130              		.align	1
 131              		.global	HAL_I2C_MspInit
 132              		.syntax unified
 133              		.thumb
 134              		.thumb_func
 135              		.fpu softvfp
 137              	HAL_I2C_MspInit:
 138              	.LFB65:
  93:Src/stm32f1xx_hal_msp.c **** 
ARM GAS  /tmp/ccMLlidq.s 			page 5


  94:Src/stm32f1xx_hal_msp.c **** void HAL_I2C_MspInit(I2C_HandleTypeDef* hi2c)
  95:Src/stm32f1xx_hal_msp.c **** {
 139              		.loc 1 95 0
 140              		.cfi_startproc
 141              		@ args = 0, pretend = 0, frame = 24
 142              		@ frame_needed = 0, uses_anonymous_args = 0
 143              	.LVL11:
 144 0000 00B5     		push	{lr}
 145              	.LCFI3:
 146              		.cfi_def_cfa_offset 4
 147              		.cfi_offset 14, -4
 148 0002 87B0     		sub	sp, sp, #28
 149              	.LCFI4:
 150              		.cfi_def_cfa_offset 32
  96:Src/stm32f1xx_hal_msp.c **** 
  97:Src/stm32f1xx_hal_msp.c ****   GPIO_InitTypeDef GPIO_InitStruct;
  98:Src/stm32f1xx_hal_msp.c ****   if(hi2c->Instance==I2C1)
 151              		.loc 1 98 0
 152 0004 0368     		ldr	r3, [r0]
 153 0006 1A4A     		ldr	r2, .L11
 154 0008 9342     		cmp	r3, r2
 155 000a 05D0     		beq	.L9
  99:Src/stm32f1xx_hal_msp.c ****   {
 100:Src/stm32f1xx_hal_msp.c ****   /* USER CODE BEGIN I2C1_MspInit 0 */
 101:Src/stm32f1xx_hal_msp.c **** 
 102:Src/stm32f1xx_hal_msp.c ****   /* USER CODE END I2C1_MspInit 0 */
 103:Src/stm32f1xx_hal_msp.c ****   
 104:Src/stm32f1xx_hal_msp.c ****     /**I2C1 GPIO Configuration    
 105:Src/stm32f1xx_hal_msp.c ****     PB6     ------> I2C1_SCL
 106:Src/stm32f1xx_hal_msp.c ****     PB7     ------> I2C1_SDA 
 107:Src/stm32f1xx_hal_msp.c ****     */
 108:Src/stm32f1xx_hal_msp.c ****     GPIO_InitStruct.Pin = GPIO_PIN_6|GPIO_PIN_7;
 109:Src/stm32f1xx_hal_msp.c ****     GPIO_InitStruct.Mode = GPIO_MODE_AF_OD;
 110:Src/stm32f1xx_hal_msp.c ****     GPIO_InitStruct.Speed = GPIO_SPEED_FREQ_HIGH;
 111:Src/stm32f1xx_hal_msp.c ****     HAL_GPIO_Init(GPIOB, &GPIO_InitStruct);
 112:Src/stm32f1xx_hal_msp.c **** 
 113:Src/stm32f1xx_hal_msp.c ****     /* Peripheral clock enable */
 114:Src/stm32f1xx_hal_msp.c ****     __HAL_RCC_I2C1_CLK_ENABLE();
 115:Src/stm32f1xx_hal_msp.c ****   /* USER CODE BEGIN I2C1_MspInit 1 */
 116:Src/stm32f1xx_hal_msp.c **** 
 117:Src/stm32f1xx_hal_msp.c ****   /* USER CODE END I2C1_MspInit 1 */
 118:Src/stm32f1xx_hal_msp.c ****   }
 119:Src/stm32f1xx_hal_msp.c ****   else if(hi2c->Instance==I2C2)
 156              		.loc 1 119 0
 157 000c 194A     		ldr	r2, .L11+4
 158 000e 9342     		cmp	r3, r2
 159 0010 17D0     		beq	.L10
 160              	.LVL12:
 161              	.L5:
 120:Src/stm32f1xx_hal_msp.c ****   {
 121:Src/stm32f1xx_hal_msp.c ****   /* USER CODE BEGIN I2C2_MspInit 0 */
 122:Src/stm32f1xx_hal_msp.c **** 
 123:Src/stm32f1xx_hal_msp.c ****   /* USER CODE END I2C2_MspInit 0 */
 124:Src/stm32f1xx_hal_msp.c ****   
 125:Src/stm32f1xx_hal_msp.c ****     /**I2C2 GPIO Configuration    
 126:Src/stm32f1xx_hal_msp.c ****     PB10     ------> I2C2_SCL
 127:Src/stm32f1xx_hal_msp.c ****     PB11     ------> I2C2_SDA 
ARM GAS  /tmp/ccMLlidq.s 			page 6


 128:Src/stm32f1xx_hal_msp.c ****     */
 129:Src/stm32f1xx_hal_msp.c ****     GPIO_InitStruct.Pin = GPIO_PIN_10|GPIO_PIN_11;
 130:Src/stm32f1xx_hal_msp.c ****     GPIO_InitStruct.Mode = GPIO_MODE_AF_OD;
 131:Src/stm32f1xx_hal_msp.c ****     GPIO_InitStruct.Speed = GPIO_SPEED_FREQ_HIGH;
 132:Src/stm32f1xx_hal_msp.c ****     HAL_GPIO_Init(GPIOB, &GPIO_InitStruct);
 133:Src/stm32f1xx_hal_msp.c **** 
 134:Src/stm32f1xx_hal_msp.c ****     /* Peripheral clock enable */
 135:Src/stm32f1xx_hal_msp.c ****     __HAL_RCC_I2C2_CLK_ENABLE();
 136:Src/stm32f1xx_hal_msp.c ****   /* USER CODE BEGIN I2C2_MspInit 1 */
 137:Src/stm32f1xx_hal_msp.c **** 
 138:Src/stm32f1xx_hal_msp.c ****   /* USER CODE END I2C2_MspInit 1 */
 139:Src/stm32f1xx_hal_msp.c ****   }
 140:Src/stm32f1xx_hal_msp.c **** 
 141:Src/stm32f1xx_hal_msp.c **** }
 162              		.loc 1 141 0
 163 0012 07B0     		add	sp, sp, #28
 164              	.LCFI5:
 165              		.cfi_remember_state
 166              		.cfi_def_cfa_offset 4
 167              		@ sp needed
 168 0014 5DF804FB 		ldr	pc, [sp], #4
 169              	.LVL13:
 170              	.L9:
 171              	.LCFI6:
 172              		.cfi_restore_state
 108:Src/stm32f1xx_hal_msp.c ****     GPIO_InitStruct.Mode = GPIO_MODE_AF_OD;
 173              		.loc 1 108 0
 174 0018 C023     		movs	r3, #192
 175 001a 0293     		str	r3, [sp, #8]
 109:Src/stm32f1xx_hal_msp.c ****     GPIO_InitStruct.Speed = GPIO_SPEED_FREQ_HIGH;
 176              		.loc 1 109 0
 177 001c 1223     		movs	r3, #18
 178 001e 0393     		str	r3, [sp, #12]
 110:Src/stm32f1xx_hal_msp.c ****     HAL_GPIO_Init(GPIOB, &GPIO_InitStruct);
 179              		.loc 1 110 0
 180 0020 0323     		movs	r3, #3
 181 0022 0593     		str	r3, [sp, #20]
 111:Src/stm32f1xx_hal_msp.c **** 
 182              		.loc 1 111 0
 183 0024 02A9     		add	r1, sp, #8
 184 0026 1448     		ldr	r0, .L11+8
 185              	.LVL14:
 186 0028 FFF7FEFF 		bl	HAL_GPIO_Init
 187              	.LVL15:
 188              	.LBB5:
 114:Src/stm32f1xx_hal_msp.c ****   /* USER CODE BEGIN I2C1_MspInit 1 */
 189              		.loc 1 114 0
 190 002c 134B     		ldr	r3, .L11+12
 191 002e DA69     		ldr	r2, [r3, #28]
 192 0030 42F40012 		orr	r2, r2, #2097152
 193 0034 DA61     		str	r2, [r3, #28]
 194 0036 DB69     		ldr	r3, [r3, #28]
 195 0038 03F40013 		and	r3, r3, #2097152
 196 003c 0093     		str	r3, [sp]
 197 003e 009B     		ldr	r3, [sp]
 198              	.LBE5:
 199 0040 E7E7     		b	.L5
ARM GAS  /tmp/ccMLlidq.s 			page 7


 200              	.LVL16:
 201              	.L10:
 129:Src/stm32f1xx_hal_msp.c ****     GPIO_InitStruct.Mode = GPIO_MODE_AF_OD;
 202              		.loc 1 129 0
 203 0042 4FF44063 		mov	r3, #3072
 204 0046 0293     		str	r3, [sp, #8]
 130:Src/stm32f1xx_hal_msp.c ****     GPIO_InitStruct.Speed = GPIO_SPEED_FREQ_HIGH;
 205              		.loc 1 130 0
 206 0048 1223     		movs	r3, #18
 207 004a 0393     		str	r3, [sp, #12]
 131:Src/stm32f1xx_hal_msp.c ****     HAL_GPIO_Init(GPIOB, &GPIO_InitStruct);
 208              		.loc 1 131 0
 209 004c 0323     		movs	r3, #3
 210 004e 0593     		str	r3, [sp, #20]
 132:Src/stm32f1xx_hal_msp.c **** 
 211              		.loc 1 132 0
 212 0050 02A9     		add	r1, sp, #8
 213 0052 0948     		ldr	r0, .L11+8
 214              	.LVL17:
 215 0054 FFF7FEFF 		bl	HAL_GPIO_Init
 216              	.LVL18:
 217              	.LBB6:
 135:Src/stm32f1xx_hal_msp.c ****   /* USER CODE BEGIN I2C2_MspInit 1 */
 218              		.loc 1 135 0
 219 0058 084B     		ldr	r3, .L11+12
 220 005a DA69     		ldr	r2, [r3, #28]
 221 005c 42F48002 		orr	r2, r2, #4194304
 222 0060 DA61     		str	r2, [r3, #28]
 223 0062 DB69     		ldr	r3, [r3, #28]
 224 0064 03F48003 		and	r3, r3, #4194304
 225 0068 0193     		str	r3, [sp, #4]
 226 006a 019B     		ldr	r3, [sp, #4]
 227              	.LBE6:
 228              		.loc 1 141 0
 229 006c D1E7     		b	.L5
 230              	.L12:
 231 006e 00BF     		.align	2
 232              	.L11:
 233 0070 00540040 		.word	1073763328
 234 0074 00580040 		.word	1073764352
 235 0078 000C0140 		.word	1073810432
 236 007c 00100240 		.word	1073876992
 237              		.cfi_endproc
 238              	.LFE65:
 240              		.section	.text.HAL_I2C_MspDeInit,"ax",%progbits
 241              		.align	1
 242              		.global	HAL_I2C_MspDeInit
 243              		.syntax unified
 244              		.thumb
 245              		.thumb_func
 246              		.fpu softvfp
 248              	HAL_I2C_MspDeInit:
 249              	.LFB66:
 142:Src/stm32f1xx_hal_msp.c **** 
 143:Src/stm32f1xx_hal_msp.c **** void HAL_I2C_MspDeInit(I2C_HandleTypeDef* hi2c)
 144:Src/stm32f1xx_hal_msp.c **** {
 250              		.loc 1 144 0
ARM GAS  /tmp/ccMLlidq.s 			page 8


 251              		.cfi_startproc
 252              		@ args = 0, pretend = 0, frame = 0
 253              		@ frame_needed = 0, uses_anonymous_args = 0
 254              	.LVL19:
 255 0000 08B5     		push	{r3, lr}
 256              	.LCFI7:
 257              		.cfi_def_cfa_offset 8
 258              		.cfi_offset 3, -8
 259              		.cfi_offset 14, -4
 145:Src/stm32f1xx_hal_msp.c **** 
 146:Src/stm32f1xx_hal_msp.c ****   if(hi2c->Instance==I2C1)
 260              		.loc 1 146 0
 261 0002 0368     		ldr	r3, [r0]
 262 0004 0E4A     		ldr	r2, .L19
 263 0006 9342     		cmp	r3, r2
 264 0008 03D0     		beq	.L17
 147:Src/stm32f1xx_hal_msp.c ****   {
 148:Src/stm32f1xx_hal_msp.c ****   /* USER CODE BEGIN I2C1_MspDeInit 0 */
 149:Src/stm32f1xx_hal_msp.c **** 
 150:Src/stm32f1xx_hal_msp.c ****   /* USER CODE END I2C1_MspDeInit 0 */
 151:Src/stm32f1xx_hal_msp.c ****     /* Peripheral clock disable */
 152:Src/stm32f1xx_hal_msp.c ****     __HAL_RCC_I2C1_CLK_DISABLE();
 153:Src/stm32f1xx_hal_msp.c ****   
 154:Src/stm32f1xx_hal_msp.c ****     /**I2C1 GPIO Configuration    
 155:Src/stm32f1xx_hal_msp.c ****     PB6     ------> I2C1_SCL
 156:Src/stm32f1xx_hal_msp.c ****     PB7     ------> I2C1_SDA 
 157:Src/stm32f1xx_hal_msp.c ****     */
 158:Src/stm32f1xx_hal_msp.c ****     HAL_GPIO_DeInit(GPIOB, GPIO_PIN_6|GPIO_PIN_7);
 159:Src/stm32f1xx_hal_msp.c **** 
 160:Src/stm32f1xx_hal_msp.c ****   /* USER CODE BEGIN I2C1_MspDeInit 1 */
 161:Src/stm32f1xx_hal_msp.c **** 
 162:Src/stm32f1xx_hal_msp.c ****   /* USER CODE END I2C1_MspDeInit 1 */
 163:Src/stm32f1xx_hal_msp.c ****   }
 164:Src/stm32f1xx_hal_msp.c ****   else if(hi2c->Instance==I2C2)
 265              		.loc 1 164 0
 266 000a 0E4A     		ldr	r2, .L19+4
 267 000c 9342     		cmp	r3, r2
 268 000e 0BD0     		beq	.L18
 269              	.LVL20:
 270              	.L13:
 271 0010 08BD     		pop	{r3, pc}
 272              	.LVL21:
 273              	.L17:
 152:Src/stm32f1xx_hal_msp.c ****   
 274              		.loc 1 152 0
 275 0012 02F5DE32 		add	r2, r2, #113664
 276 0016 D369     		ldr	r3, [r2, #28]
 277 0018 23F40013 		bic	r3, r3, #2097152
 278 001c D361     		str	r3, [r2, #28]
 158:Src/stm32f1xx_hal_msp.c **** 
 279              		.loc 1 158 0
 280 001e C021     		movs	r1, #192
 281 0020 0948     		ldr	r0, .L19+8
 282              	.LVL22:
 283 0022 FFF7FEFF 		bl	HAL_GPIO_DeInit
 284              	.LVL23:
 285 0026 08BD     		pop	{r3, pc}
ARM GAS  /tmp/ccMLlidq.s 			page 9


 286              	.LVL24:
 287              	.L18:
 165:Src/stm32f1xx_hal_msp.c ****   {
 166:Src/stm32f1xx_hal_msp.c ****   /* USER CODE BEGIN I2C2_MspDeInit 0 */
 167:Src/stm32f1xx_hal_msp.c **** 
 168:Src/stm32f1xx_hal_msp.c ****   /* USER CODE END I2C2_MspDeInit 0 */
 169:Src/stm32f1xx_hal_msp.c ****     /* Peripheral clock disable */
 170:Src/stm32f1xx_hal_msp.c ****     __HAL_RCC_I2C2_CLK_DISABLE();
 288              		.loc 1 170 0
 289 0028 02F5DC32 		add	r2, r2, #112640
 290 002c D369     		ldr	r3, [r2, #28]
 291 002e 23F48003 		bic	r3, r3, #4194304
 292 0032 D361     		str	r3, [r2, #28]
 171:Src/stm32f1xx_hal_msp.c ****   
 172:Src/stm32f1xx_hal_msp.c ****     /**I2C2 GPIO Configuration    
 173:Src/stm32f1xx_hal_msp.c ****     PB10     ------> I2C2_SCL
 174:Src/stm32f1xx_hal_msp.c ****     PB11     ------> I2C2_SDA 
 175:Src/stm32f1xx_hal_msp.c ****     */
 176:Src/stm32f1xx_hal_msp.c ****     HAL_GPIO_DeInit(GPIOB, GPIO_PIN_10|GPIO_PIN_11);
 293              		.loc 1 176 0
 294 0034 4FF44061 		mov	r1, #3072
 295 0038 0348     		ldr	r0, .L19+8
 296              	.LVL25:
 297 003a FFF7FEFF 		bl	HAL_GPIO_DeInit
 298              	.LVL26:
 177:Src/stm32f1xx_hal_msp.c **** 
 178:Src/stm32f1xx_hal_msp.c ****   /* USER CODE BEGIN I2C2_MspDeInit 1 */
 179:Src/stm32f1xx_hal_msp.c **** 
 180:Src/stm32f1xx_hal_msp.c ****   /* USER CODE END I2C2_MspDeInit 1 */
 181:Src/stm32f1xx_hal_msp.c ****   }
 182:Src/stm32f1xx_hal_msp.c **** 
 183:Src/stm32f1xx_hal_msp.c **** }
 299              		.loc 1 183 0
 300 003e E7E7     		b	.L13
 301              	.L20:
 302              		.align	2
 303              	.L19:
 304 0040 00540040 		.word	1073763328
 305 0044 00580040 		.word	1073764352
 306 0048 000C0140 		.word	1073810432
 307              		.cfi_endproc
 308              	.LFE66:
 310              		.section	.text.HAL_UART_MspInit,"ax",%progbits
 311              		.align	1
 312              		.global	HAL_UART_MspInit
 313              		.syntax unified
 314              		.thumb
 315              		.thumb_func
 316              		.fpu softvfp
 318              	HAL_UART_MspInit:
 319              	.LFB67:
 184:Src/stm32f1xx_hal_msp.c **** 
 185:Src/stm32f1xx_hal_msp.c **** void HAL_UART_MspInit(UART_HandleTypeDef* huart)
 186:Src/stm32f1xx_hal_msp.c **** {
 320              		.loc 1 186 0
 321              		.cfi_startproc
 322              		@ args = 0, pretend = 0, frame = 24
ARM GAS  /tmp/ccMLlidq.s 			page 10


 323              		@ frame_needed = 0, uses_anonymous_args = 0
 324              	.LVL27:
 187:Src/stm32f1xx_hal_msp.c **** 
 188:Src/stm32f1xx_hal_msp.c ****   GPIO_InitTypeDef GPIO_InitStruct;
 189:Src/stm32f1xx_hal_msp.c ****   if(huart->Instance==USART1)
 325              		.loc 1 189 0
 326 0000 0268     		ldr	r2, [r0]
 327 0002 144B     		ldr	r3, .L28
 328 0004 9A42     		cmp	r2, r3
 329 0006 00D0     		beq	.L27
 330 0008 7047     		bx	lr
 331              	.L27:
 186:Src/stm32f1xx_hal_msp.c **** 
 332              		.loc 1 186 0
 333 000a 10B5     		push	{r4, lr}
 334              	.LCFI8:
 335              		.cfi_def_cfa_offset 8
 336              		.cfi_offset 4, -8
 337              		.cfi_offset 14, -4
 338 000c 86B0     		sub	sp, sp, #24
 339              	.LCFI9:
 340              		.cfi_def_cfa_offset 32
 341              	.LBB7:
 190:Src/stm32f1xx_hal_msp.c ****   {
 191:Src/stm32f1xx_hal_msp.c ****   /* USER CODE BEGIN USART1_MspInit 0 */
 192:Src/stm32f1xx_hal_msp.c **** 
 193:Src/stm32f1xx_hal_msp.c ****   /* USER CODE END USART1_MspInit 0 */
 194:Src/stm32f1xx_hal_msp.c ****     /* Peripheral clock enable */
 195:Src/stm32f1xx_hal_msp.c ****     __HAL_RCC_USART1_CLK_ENABLE();
 342              		.loc 1 195 0
 343 000e 03F55843 		add	r3, r3, #55296
 344 0012 9A69     		ldr	r2, [r3, #24]
 345 0014 42F48042 		orr	r2, r2, #16384
 346 0018 9A61     		str	r2, [r3, #24]
 347 001a 9B69     		ldr	r3, [r3, #24]
 348 001c 03F48043 		and	r3, r3, #16384
 349 0020 0193     		str	r3, [sp, #4]
 350 0022 019B     		ldr	r3, [sp, #4]
 351              	.LBE7:
 196:Src/stm32f1xx_hal_msp.c ****   
 197:Src/stm32f1xx_hal_msp.c ****     /**USART1 GPIO Configuration    
 198:Src/stm32f1xx_hal_msp.c ****     PA9     ------> USART1_TX
 199:Src/stm32f1xx_hal_msp.c ****     PA10     ------> USART1_RX 
 200:Src/stm32f1xx_hal_msp.c ****     */
 201:Src/stm32f1xx_hal_msp.c ****     GPIO_InitStruct.Pin = GPIO_PIN_9;
 352              		.loc 1 201 0
 353 0024 4FF40073 		mov	r3, #512
 354 0028 0293     		str	r3, [sp, #8]
 202:Src/stm32f1xx_hal_msp.c ****     GPIO_InitStruct.Mode = GPIO_MODE_AF_PP;
 355              		.loc 1 202 0
 356 002a 0223     		movs	r3, #2
 357 002c 0393     		str	r3, [sp, #12]
 203:Src/stm32f1xx_hal_msp.c ****     GPIO_InitStruct.Speed = GPIO_SPEED_FREQ_HIGH;
 358              		.loc 1 203 0
 359 002e 0323     		movs	r3, #3
 360 0030 0593     		str	r3, [sp, #20]
 204:Src/stm32f1xx_hal_msp.c ****     HAL_GPIO_Init(GPIOA, &GPIO_InitStruct);
ARM GAS  /tmp/ccMLlidq.s 			page 11


 361              		.loc 1 204 0
 362 0032 094C     		ldr	r4, .L28+4
 363 0034 02A9     		add	r1, sp, #8
 364 0036 2046     		mov	r0, r4
 365              	.LVL28:
 366 0038 FFF7FEFF 		bl	HAL_GPIO_Init
 367              	.LVL29:
 205:Src/stm32f1xx_hal_msp.c **** 
 206:Src/stm32f1xx_hal_msp.c ****     GPIO_InitStruct.Pin = GPIO_PIN_10;
 368              		.loc 1 206 0
 369 003c 4FF48063 		mov	r3, #1024
 370 0040 0293     		str	r3, [sp, #8]
 207:Src/stm32f1xx_hal_msp.c ****     GPIO_InitStruct.Mode = GPIO_MODE_INPUT;
 371              		.loc 1 207 0
 372 0042 0023     		movs	r3, #0
 373 0044 0393     		str	r3, [sp, #12]
 208:Src/stm32f1xx_hal_msp.c ****     GPIO_InitStruct.Pull = GPIO_NOPULL;
 374              		.loc 1 208 0
 375 0046 0493     		str	r3, [sp, #16]
 209:Src/stm32f1xx_hal_msp.c ****     HAL_GPIO_Init(GPIOA, &GPIO_InitStruct);
 376              		.loc 1 209 0
 377 0048 02A9     		add	r1, sp, #8
 378 004a 2046     		mov	r0, r4
 379 004c FFF7FEFF 		bl	HAL_GPIO_Init
 380              	.LVL30:
 210:Src/stm32f1xx_hal_msp.c **** 
 211:Src/stm32f1xx_hal_msp.c ****   /* USER CODE BEGIN USART1_MspInit 1 */
 212:Src/stm32f1xx_hal_msp.c **** 
 213:Src/stm32f1xx_hal_msp.c ****   /* USER CODE END USART1_MspInit 1 */
 214:Src/stm32f1xx_hal_msp.c ****   }
 215:Src/stm32f1xx_hal_msp.c **** 
 216:Src/stm32f1xx_hal_msp.c **** }
 381              		.loc 1 216 0
 382 0050 06B0     		add	sp, sp, #24
 383              	.LCFI10:
 384              		.cfi_def_cfa_offset 8
 385              		@ sp needed
 386 0052 10BD     		pop	{r4, pc}
 387              	.L29:
 388              		.align	2
 389              	.L28:
 390 0054 00380140 		.word	1073821696
 391 0058 00080140 		.word	1073809408
 392              		.cfi_endproc
 393              	.LFE67:
 395              		.section	.text.HAL_UART_MspDeInit,"ax",%progbits
 396              		.align	1
 397              		.global	HAL_UART_MspDeInit
 398              		.syntax unified
 399              		.thumb
 400              		.thumb_func
 401              		.fpu softvfp
 403              	HAL_UART_MspDeInit:
 404              	.LFB68:
 217:Src/stm32f1xx_hal_msp.c **** 
 218:Src/stm32f1xx_hal_msp.c **** void HAL_UART_MspDeInit(UART_HandleTypeDef* huart)
 219:Src/stm32f1xx_hal_msp.c **** {
ARM GAS  /tmp/ccMLlidq.s 			page 12


 405              		.loc 1 219 0
 406              		.cfi_startproc
 407              		@ args = 0, pretend = 0, frame = 0
 408              		@ frame_needed = 0, uses_anonymous_args = 0
 409              	.LVL31:
 410 0000 08B5     		push	{r3, lr}
 411              	.LCFI11:
 412              		.cfi_def_cfa_offset 8
 413              		.cfi_offset 3, -8
 414              		.cfi_offset 14, -4
 220:Src/stm32f1xx_hal_msp.c **** 
 221:Src/stm32f1xx_hal_msp.c ****   if(huart->Instance==USART1)
 415              		.loc 1 221 0
 416 0002 0268     		ldr	r2, [r0]
 417 0004 074B     		ldr	r3, .L34
 418 0006 9A42     		cmp	r2, r3
 419 0008 00D0     		beq	.L33
 420              	.LVL32:
 421              	.L30:
 422 000a 08BD     		pop	{r3, pc}
 423              	.LVL33:
 424              	.L33:
 222:Src/stm32f1xx_hal_msp.c ****   {
 223:Src/stm32f1xx_hal_msp.c ****   /* USER CODE BEGIN USART1_MspDeInit 0 */
 224:Src/stm32f1xx_hal_msp.c **** 
 225:Src/stm32f1xx_hal_msp.c ****   /* USER CODE END USART1_MspDeInit 0 */
 226:Src/stm32f1xx_hal_msp.c ****     /* Peripheral clock disable */
 227:Src/stm32f1xx_hal_msp.c ****     __HAL_RCC_USART1_CLK_DISABLE();
 425              		.loc 1 227 0
 426 000c 064A     		ldr	r2, .L34+4
 427 000e 9369     		ldr	r3, [r2, #24]
 428 0010 23F48043 		bic	r3, r3, #16384
 429 0014 9361     		str	r3, [r2, #24]
 228:Src/stm32f1xx_hal_msp.c ****   
 229:Src/stm32f1xx_hal_msp.c ****     /**USART1 GPIO Configuration    
 230:Src/stm32f1xx_hal_msp.c ****     PA9     ------> USART1_TX
 231:Src/stm32f1xx_hal_msp.c ****     PA10     ------> USART1_RX 
 232:Src/stm32f1xx_hal_msp.c ****     */
 233:Src/stm32f1xx_hal_msp.c ****     HAL_GPIO_DeInit(GPIOA, GPIO_PIN_9|GPIO_PIN_10);
 430              		.loc 1 233 0
 431 0016 4FF4C061 		mov	r1, #1536
 432 001a 0448     		ldr	r0, .L34+8
 433              	.LVL34:
 434 001c FFF7FEFF 		bl	HAL_GPIO_DeInit
 435              	.LVL35:
 234:Src/stm32f1xx_hal_msp.c **** 
 235:Src/stm32f1xx_hal_msp.c ****   /* USER CODE BEGIN USART1_MspDeInit 1 */
 236:Src/stm32f1xx_hal_msp.c **** 
 237:Src/stm32f1xx_hal_msp.c ****   /* USER CODE END USART1_MspDeInit 1 */
 238:Src/stm32f1xx_hal_msp.c ****   }
 239:Src/stm32f1xx_hal_msp.c **** 
 240:Src/stm32f1xx_hal_msp.c **** }
 436              		.loc 1 240 0
 437 0020 F3E7     		b	.L30
 438              	.L35:
 439 0022 00BF     		.align	2
 440              	.L34:
ARM GAS  /tmp/ccMLlidq.s 			page 13


 441 0024 00380140 		.word	1073821696
 442 0028 00100240 		.word	1073876992
 443 002c 00080140 		.word	1073809408
 444              		.cfi_endproc
 445              	.LFE68:
 447              		.text
 448              	.Letext0:
 449              		.file 2 "/usr/include/newlib/machine/_default_types.h"
 450              		.file 3 "/usr/include/newlib/sys/_stdint.h"
 451              		.file 4 "Drivers/CMSIS/Include/core_cm3.h"
 452              		.file 5 "Drivers/CMSIS/Device/ST/STM32F1xx/Include/system_stm32f1xx.h"
 453              		.file 6 "Drivers/CMSIS/Device/ST/STM32F1xx/Include/stm32f103xb.h"
 454              		.file 7 "/usr/include/newlib/sys/lock.h"
 455              		.file 8 "/usr/include/newlib/sys/_types.h"
 456              		.file 9 "/usr/lib/gcc/arm-none-eabi/6.3.1/include/stddef.h"
 457              		.file 10 "/usr/include/newlib/sys/reent.h"
 458              		.file 11 "Drivers/STM32F1xx_HAL_Driver/Inc/stm32f1xx_hal_def.h"
 459              		.file 12 "Drivers/STM32F1xx_HAL_Driver/Inc/stm32f1xx_hal_gpio.h"
 460              		.file 13 "Drivers/STM32F1xx_HAL_Driver/Inc/stm32f1xx_hal_dma.h"
 461              		.file 14 "Drivers/STM32F1xx_HAL_Driver/Inc/stm32f1xx_hal_i2c.h"
 462              		.file 15 "Drivers/STM32F1xx_HAL_Driver/Inc/stm32f1xx_hal_uart.h"
 463              		.file 16 "Drivers/STM32F1xx_HAL_Driver/Inc/stm32f1xx_hal_cortex.h"
ARM GAS  /tmp/ccMLlidq.s 			page 14


DEFINED SYMBOLS
                            *ABS*:0000000000000000 stm32f1xx_hal_msp.c
     /tmp/ccMLlidq.s:16     .text.HAL_MspInit:0000000000000000 $t
     /tmp/ccMLlidq.s:23     .text.HAL_MspInit:0000000000000000 HAL_MspInit
     /tmp/ccMLlidq.s:124    .text.HAL_MspInit:0000000000000098 $d
     /tmp/ccMLlidq.s:130    .text.HAL_I2C_MspInit:0000000000000000 $t
     /tmp/ccMLlidq.s:137    .text.HAL_I2C_MspInit:0000000000000000 HAL_I2C_MspInit
     /tmp/ccMLlidq.s:233    .text.HAL_I2C_MspInit:0000000000000070 $d
     /tmp/ccMLlidq.s:241    .text.HAL_I2C_MspDeInit:0000000000000000 $t
     /tmp/ccMLlidq.s:248    .text.HAL_I2C_MspDeInit:0000000000000000 HAL_I2C_MspDeInit
     /tmp/ccMLlidq.s:304    .text.HAL_I2C_MspDeInit:0000000000000040 $d
     /tmp/ccMLlidq.s:311    .text.HAL_UART_MspInit:0000000000000000 $t
     /tmp/ccMLlidq.s:318    .text.HAL_UART_MspInit:0000000000000000 HAL_UART_MspInit
     /tmp/ccMLlidq.s:390    .text.HAL_UART_MspInit:0000000000000054 $d
     /tmp/ccMLlidq.s:396    .text.HAL_UART_MspDeInit:0000000000000000 $t
     /tmp/ccMLlidq.s:403    .text.HAL_UART_MspDeInit:0000000000000000 HAL_UART_MspDeInit
     /tmp/ccMLlidq.s:441    .text.HAL_UART_MspDeInit:0000000000000024 $d
                     .debug_frame:0000000000000010 $d

UNDEFINED SYMBOLS
HAL_NVIC_SetPriorityGrouping
HAL_NVIC_SetPriority
HAL_GPIO_Init
HAL_GPIO_DeInit
