ARM GAS  /tmp/ccIPkDb7.s 			page 1


   1              		.syntax unified
   2              		.cpu cortex-m3
   3              		.fpu softvfp
   4              		.eabi_attribute 20, 1
   5              		.eabi_attribute 21, 1
   6              		.eabi_attribute 23, 3
   7              		.eabi_attribute 24, 1
   8              		.eabi_attribute 25, 1
   9              		.eabi_attribute 26, 1
  10              		.eabi_attribute 30, 1
  11              		.eabi_attribute 34, 1
  12              		.eabi_attribute 18, 4
  13              		.thumb
  14              		.file	"usbd_core.c"
  15              		.text
  16              	.Ltext0:
  17              		.cfi_sections	.debug_frame
  18              		.section	.text.USBD_Init,"ax",%progbits
  19              		.align	2
  20              		.global	USBD_Init
  21              		.thumb
  22              		.thumb_func
  24              	USBD_Init:
  25              	.LFB63:
  26              		.file 1 "Middlewares/ST/STM32_USB_Device_Library/Core/Src/usbd_core.c"
   1:Middlewares/ST/STM32_USB_Device_Library/Core/Src/usbd_core.c **** /**
   2:Middlewares/ST/STM32_USB_Device_Library/Core/Src/usbd_core.c ****   ******************************************************************************
   3:Middlewares/ST/STM32_USB_Device_Library/Core/Src/usbd_core.c ****   * @file    usbd_core.c
   4:Middlewares/ST/STM32_USB_Device_Library/Core/Src/usbd_core.c ****   * @author  MCD Application Team
   5:Middlewares/ST/STM32_USB_Device_Library/Core/Src/usbd_core.c ****   * @version V2.4.2
   6:Middlewares/ST/STM32_USB_Device_Library/Core/Src/usbd_core.c ****   * @date    11-December-2015
   7:Middlewares/ST/STM32_USB_Device_Library/Core/Src/usbd_core.c ****   * @brief   This file provides all the USBD core functions.
   8:Middlewares/ST/STM32_USB_Device_Library/Core/Src/usbd_core.c ****   ******************************************************************************
   9:Middlewares/ST/STM32_USB_Device_Library/Core/Src/usbd_core.c ****   * @attention
  10:Middlewares/ST/STM32_USB_Device_Library/Core/Src/usbd_core.c ****   *
  11:Middlewares/ST/STM32_USB_Device_Library/Core/Src/usbd_core.c ****   * <h2><center>&copy; COPYRIGHT 2015 STMicroelectronics</center></h2>
  12:Middlewares/ST/STM32_USB_Device_Library/Core/Src/usbd_core.c ****   *
  13:Middlewares/ST/STM32_USB_Device_Library/Core/Src/usbd_core.c ****   * Licensed under MCD-ST Liberty SW License Agreement V2, (the "License");
  14:Middlewares/ST/STM32_USB_Device_Library/Core/Src/usbd_core.c ****   * You may not use this file except in compliance with the License.
  15:Middlewares/ST/STM32_USB_Device_Library/Core/Src/usbd_core.c ****   * You may obtain a copy of the License at:
  16:Middlewares/ST/STM32_USB_Device_Library/Core/Src/usbd_core.c ****   *
  17:Middlewares/ST/STM32_USB_Device_Library/Core/Src/usbd_core.c ****   *        http://www.st.com/software_license_agreement_liberty_v2
  18:Middlewares/ST/STM32_USB_Device_Library/Core/Src/usbd_core.c ****   *
  19:Middlewares/ST/STM32_USB_Device_Library/Core/Src/usbd_core.c ****   * Unless required by applicable law or agreed to in writing, software 
  20:Middlewares/ST/STM32_USB_Device_Library/Core/Src/usbd_core.c ****   * distributed under the License is distributed on an "AS IS" BASIS, 
  21:Middlewares/ST/STM32_USB_Device_Library/Core/Src/usbd_core.c ****   * WITHOUT WARRANTIES OR CONDITIONS OF ANY KIND, either express or implied.
  22:Middlewares/ST/STM32_USB_Device_Library/Core/Src/usbd_core.c ****   * See the License for the specific language governing permissions and
  23:Middlewares/ST/STM32_USB_Device_Library/Core/Src/usbd_core.c ****   * limitations under the License.
  24:Middlewares/ST/STM32_USB_Device_Library/Core/Src/usbd_core.c ****   *
  25:Middlewares/ST/STM32_USB_Device_Library/Core/Src/usbd_core.c ****   ******************************************************************************
  26:Middlewares/ST/STM32_USB_Device_Library/Core/Src/usbd_core.c ****   */ 
  27:Middlewares/ST/STM32_USB_Device_Library/Core/Src/usbd_core.c **** 
  28:Middlewares/ST/STM32_USB_Device_Library/Core/Src/usbd_core.c **** /* Includes ------------------------------------------------------------------*/
  29:Middlewares/ST/STM32_USB_Device_Library/Core/Src/usbd_core.c **** #include "usbd_core.h"
  30:Middlewares/ST/STM32_USB_Device_Library/Core/Src/usbd_core.c **** 
  31:Middlewares/ST/STM32_USB_Device_Library/Core/Src/usbd_core.c **** /** @addtogroup STM32_USBD_DEVICE_LIBRARY
  32:Middlewares/ST/STM32_USB_Device_Library/Core/Src/usbd_core.c **** * @{
ARM GAS  /tmp/ccIPkDb7.s 			page 2


  33:Middlewares/ST/STM32_USB_Device_Library/Core/Src/usbd_core.c **** */
  34:Middlewares/ST/STM32_USB_Device_Library/Core/Src/usbd_core.c **** 
  35:Middlewares/ST/STM32_USB_Device_Library/Core/Src/usbd_core.c **** 
  36:Middlewares/ST/STM32_USB_Device_Library/Core/Src/usbd_core.c **** /** @defgroup USBD_CORE 
  37:Middlewares/ST/STM32_USB_Device_Library/Core/Src/usbd_core.c **** * @brief usbd core module
  38:Middlewares/ST/STM32_USB_Device_Library/Core/Src/usbd_core.c **** * @{
  39:Middlewares/ST/STM32_USB_Device_Library/Core/Src/usbd_core.c **** */ 
  40:Middlewares/ST/STM32_USB_Device_Library/Core/Src/usbd_core.c **** 
  41:Middlewares/ST/STM32_USB_Device_Library/Core/Src/usbd_core.c **** /** @defgroup USBD_CORE_Private_TypesDefinitions
  42:Middlewares/ST/STM32_USB_Device_Library/Core/Src/usbd_core.c **** * @{
  43:Middlewares/ST/STM32_USB_Device_Library/Core/Src/usbd_core.c **** */ 
  44:Middlewares/ST/STM32_USB_Device_Library/Core/Src/usbd_core.c **** /**
  45:Middlewares/ST/STM32_USB_Device_Library/Core/Src/usbd_core.c **** * @}
  46:Middlewares/ST/STM32_USB_Device_Library/Core/Src/usbd_core.c **** */ 
  47:Middlewares/ST/STM32_USB_Device_Library/Core/Src/usbd_core.c **** 
  48:Middlewares/ST/STM32_USB_Device_Library/Core/Src/usbd_core.c **** 
  49:Middlewares/ST/STM32_USB_Device_Library/Core/Src/usbd_core.c **** /** @defgroup USBD_CORE_Private_Defines
  50:Middlewares/ST/STM32_USB_Device_Library/Core/Src/usbd_core.c **** * @{
  51:Middlewares/ST/STM32_USB_Device_Library/Core/Src/usbd_core.c **** */ 
  52:Middlewares/ST/STM32_USB_Device_Library/Core/Src/usbd_core.c **** 
  53:Middlewares/ST/STM32_USB_Device_Library/Core/Src/usbd_core.c **** /**
  54:Middlewares/ST/STM32_USB_Device_Library/Core/Src/usbd_core.c **** * @}
  55:Middlewares/ST/STM32_USB_Device_Library/Core/Src/usbd_core.c **** */ 
  56:Middlewares/ST/STM32_USB_Device_Library/Core/Src/usbd_core.c **** 
  57:Middlewares/ST/STM32_USB_Device_Library/Core/Src/usbd_core.c **** 
  58:Middlewares/ST/STM32_USB_Device_Library/Core/Src/usbd_core.c **** /** @defgroup USBD_CORE_Private_Macros
  59:Middlewares/ST/STM32_USB_Device_Library/Core/Src/usbd_core.c **** * @{
  60:Middlewares/ST/STM32_USB_Device_Library/Core/Src/usbd_core.c **** */ 
  61:Middlewares/ST/STM32_USB_Device_Library/Core/Src/usbd_core.c **** /**
  62:Middlewares/ST/STM32_USB_Device_Library/Core/Src/usbd_core.c **** * @}
  63:Middlewares/ST/STM32_USB_Device_Library/Core/Src/usbd_core.c **** */ 
  64:Middlewares/ST/STM32_USB_Device_Library/Core/Src/usbd_core.c **** 
  65:Middlewares/ST/STM32_USB_Device_Library/Core/Src/usbd_core.c **** 
  66:Middlewares/ST/STM32_USB_Device_Library/Core/Src/usbd_core.c **** 
  67:Middlewares/ST/STM32_USB_Device_Library/Core/Src/usbd_core.c **** 
  68:Middlewares/ST/STM32_USB_Device_Library/Core/Src/usbd_core.c **** /** @defgroup USBD_CORE_Private_FunctionPrototypes
  69:Middlewares/ST/STM32_USB_Device_Library/Core/Src/usbd_core.c **** * @{
  70:Middlewares/ST/STM32_USB_Device_Library/Core/Src/usbd_core.c **** */ 
  71:Middlewares/ST/STM32_USB_Device_Library/Core/Src/usbd_core.c **** 
  72:Middlewares/ST/STM32_USB_Device_Library/Core/Src/usbd_core.c **** /**
  73:Middlewares/ST/STM32_USB_Device_Library/Core/Src/usbd_core.c **** * @}
  74:Middlewares/ST/STM32_USB_Device_Library/Core/Src/usbd_core.c **** */ 
  75:Middlewares/ST/STM32_USB_Device_Library/Core/Src/usbd_core.c **** 
  76:Middlewares/ST/STM32_USB_Device_Library/Core/Src/usbd_core.c **** /** @defgroup USBD_CORE_Private_Variables
  77:Middlewares/ST/STM32_USB_Device_Library/Core/Src/usbd_core.c **** * @{
  78:Middlewares/ST/STM32_USB_Device_Library/Core/Src/usbd_core.c **** */ 
  79:Middlewares/ST/STM32_USB_Device_Library/Core/Src/usbd_core.c **** 
  80:Middlewares/ST/STM32_USB_Device_Library/Core/Src/usbd_core.c **** /**
  81:Middlewares/ST/STM32_USB_Device_Library/Core/Src/usbd_core.c **** * @}
  82:Middlewares/ST/STM32_USB_Device_Library/Core/Src/usbd_core.c **** */ 
  83:Middlewares/ST/STM32_USB_Device_Library/Core/Src/usbd_core.c **** 
  84:Middlewares/ST/STM32_USB_Device_Library/Core/Src/usbd_core.c **** /** @defgroup USBD_CORE_Private_Functions
  85:Middlewares/ST/STM32_USB_Device_Library/Core/Src/usbd_core.c **** * @{
  86:Middlewares/ST/STM32_USB_Device_Library/Core/Src/usbd_core.c **** */ 
  87:Middlewares/ST/STM32_USB_Device_Library/Core/Src/usbd_core.c **** 
  88:Middlewares/ST/STM32_USB_Device_Library/Core/Src/usbd_core.c **** /**
  89:Middlewares/ST/STM32_USB_Device_Library/Core/Src/usbd_core.c **** * @brief  USBD_Init
ARM GAS  /tmp/ccIPkDb7.s 			page 3


  90:Middlewares/ST/STM32_USB_Device_Library/Core/Src/usbd_core.c **** *         Initializes the device stack and load the class driver
  91:Middlewares/ST/STM32_USB_Device_Library/Core/Src/usbd_core.c **** * @param  pdev: device instance
  92:Middlewares/ST/STM32_USB_Device_Library/Core/Src/usbd_core.c **** * @param  pdesc: Descriptor structure address
  93:Middlewares/ST/STM32_USB_Device_Library/Core/Src/usbd_core.c **** * @param  id: Low level core index
  94:Middlewares/ST/STM32_USB_Device_Library/Core/Src/usbd_core.c **** * @retval None
  95:Middlewares/ST/STM32_USB_Device_Library/Core/Src/usbd_core.c **** */
  96:Middlewares/ST/STM32_USB_Device_Library/Core/Src/usbd_core.c **** USBD_StatusTypeDef USBD_Init(USBD_HandleTypeDef *pdev, USBD_DescriptorsTypeDef *pdesc, uint8_t id)
  97:Middlewares/ST/STM32_USB_Device_Library/Core/Src/usbd_core.c **** {
  27              		.loc 1 97 0
  28              		.cfi_startproc
  29              		@ args = 0, pretend = 0, frame = 0
  30              		@ frame_needed = 0, uses_anonymous_args = 0
  31              	.LVL0:
  98:Middlewares/ST/STM32_USB_Device_Library/Core/Src/usbd_core.c ****   /* Check whether the USB Host handle is valid */
  99:Middlewares/ST/STM32_USB_Device_Library/Core/Src/usbd_core.c ****   if(pdev == NULL)
  32              		.loc 1 99 0
  33 0000 98B1     		cbz	r0, .L5
  97:Middlewares/ST/STM32_USB_Device_Library/Core/Src/usbd_core.c ****   /* Check whether the USB Host handle is valid */
  34              		.loc 1 97 0
  35 0002 08B5     		push	{r3, lr}
  36              	.LCFI0:
  37              		.cfi_def_cfa_offset 8
  38              		.cfi_offset 3, -8
  39              		.cfi_offset 14, -4
  40 0004 0346     		mov	r3, r0
 100:Middlewares/ST/STM32_USB_Device_Library/Core/Src/usbd_core.c ****   {
 101:Middlewares/ST/STM32_USB_Device_Library/Core/Src/usbd_core.c ****     USBD_ErrLog("Invalid Device handle");
 102:Middlewares/ST/STM32_USB_Device_Library/Core/Src/usbd_core.c ****     return USBD_FAIL; 
 103:Middlewares/ST/STM32_USB_Device_Library/Core/Src/usbd_core.c ****   }
 104:Middlewares/ST/STM32_USB_Device_Library/Core/Src/usbd_core.c ****   
 105:Middlewares/ST/STM32_USB_Device_Library/Core/Src/usbd_core.c ****   /* Unlink previous class*/
 106:Middlewares/ST/STM32_USB_Device_Library/Core/Src/usbd_core.c ****   if(pdev->pClass != NULL)
  41              		.loc 1 106 0
  42 0006 D0F81402 		ldr	r0, [r0, #532]
  43              	.LVL1:
  44 000a 10B1     		cbz	r0, .L3
 107:Middlewares/ST/STM32_USB_Device_Library/Core/Src/usbd_core.c ****   {
 108:Middlewares/ST/STM32_USB_Device_Library/Core/Src/usbd_core.c ****     pdev->pClass = NULL;
  45              		.loc 1 108 0
  46 000c 0020     		movs	r0, #0
  47 000e C3F81402 		str	r0, [r3, #532]
  48              	.L3:
 109:Middlewares/ST/STM32_USB_Device_Library/Core/Src/usbd_core.c ****   }
 110:Middlewares/ST/STM32_USB_Device_Library/Core/Src/usbd_core.c ****   
 111:Middlewares/ST/STM32_USB_Device_Library/Core/Src/usbd_core.c ****   /* Assign USBD Descriptors */
 112:Middlewares/ST/STM32_USB_Device_Library/Core/Src/usbd_core.c ****   if(pdesc != NULL)
  49              		.loc 1 112 0
  50 0012 09B1     		cbz	r1, .L4
 113:Middlewares/ST/STM32_USB_Device_Library/Core/Src/usbd_core.c ****   {
 114:Middlewares/ST/STM32_USB_Device_Library/Core/Src/usbd_core.c ****     pdev->pDesc = pdesc;
  51              		.loc 1 114 0
  52 0014 C3F81012 		str	r1, [r3, #528]
  53              	.L4:
 115:Middlewares/ST/STM32_USB_Device_Library/Core/Src/usbd_core.c ****   }
 116:Middlewares/ST/STM32_USB_Device_Library/Core/Src/usbd_core.c ****   
 117:Middlewares/ST/STM32_USB_Device_Library/Core/Src/usbd_core.c ****   /* Set Device initial State */
 118:Middlewares/ST/STM32_USB_Device_Library/Core/Src/usbd_core.c ****   pdev->dev_state  = USBD_STATE_DEFAULT;
ARM GAS  /tmp/ccIPkDb7.s 			page 4


  54              		.loc 1 118 0
  55 0018 0121     		movs	r1, #1
  56              	.LVL2:
  57 001a 83F8FC11 		strb	r1, [r3, #508]
 119:Middlewares/ST/STM32_USB_Device_Library/Core/Src/usbd_core.c ****   pdev->id = id;
  58              		.loc 1 119 0
  59 001e 1A70     		strb	r2, [r3]
 120:Middlewares/ST/STM32_USB_Device_Library/Core/Src/usbd_core.c ****   /* Initialize low level driver */
 121:Middlewares/ST/STM32_USB_Device_Library/Core/Src/usbd_core.c ****   USBD_LL_Init(pdev);
  60              		.loc 1 121 0
  61 0020 1846     		mov	r0, r3
  62 0022 FFF7FEFF 		bl	USBD_LL_Init
  63              	.LVL3:
 122:Middlewares/ST/STM32_USB_Device_Library/Core/Src/usbd_core.c ****   
 123:Middlewares/ST/STM32_USB_Device_Library/Core/Src/usbd_core.c ****   return USBD_OK; 
  64              		.loc 1 123 0
  65 0026 0020     		movs	r0, #0
  66 0028 08BD     		pop	{r3, pc}
  67              	.LVL4:
  68              	.L5:
  69              	.LCFI1:
  70              		.cfi_def_cfa_offset 0
  71              		.cfi_restore 3
  72              		.cfi_restore 14
 102:Middlewares/ST/STM32_USB_Device_Library/Core/Src/usbd_core.c ****   }
  73              		.loc 1 102 0
  74 002a 0220     		movs	r0, #2
  75              	.LVL5:
  76 002c 7047     		bx	lr
  77              		.cfi_endproc
  78              	.LFE63:
  80 002e 00BF     		.section	.text.USBD_DeInit,"ax",%progbits
  81              		.align	2
  82              		.global	USBD_DeInit
  83              		.thumb
  84              		.thumb_func
  86              	USBD_DeInit:
  87              	.LFB64:
 124:Middlewares/ST/STM32_USB_Device_Library/Core/Src/usbd_core.c **** }
 125:Middlewares/ST/STM32_USB_Device_Library/Core/Src/usbd_core.c **** 
 126:Middlewares/ST/STM32_USB_Device_Library/Core/Src/usbd_core.c **** /**
 127:Middlewares/ST/STM32_USB_Device_Library/Core/Src/usbd_core.c **** * @brief  USBD_DeInit 
 128:Middlewares/ST/STM32_USB_Device_Library/Core/Src/usbd_core.c **** *         Re-Initialize th device library
 129:Middlewares/ST/STM32_USB_Device_Library/Core/Src/usbd_core.c **** * @param  pdev: device instance
 130:Middlewares/ST/STM32_USB_Device_Library/Core/Src/usbd_core.c **** * @retval status: status
 131:Middlewares/ST/STM32_USB_Device_Library/Core/Src/usbd_core.c **** */
 132:Middlewares/ST/STM32_USB_Device_Library/Core/Src/usbd_core.c **** USBD_StatusTypeDef USBD_DeInit(USBD_HandleTypeDef *pdev)
 133:Middlewares/ST/STM32_USB_Device_Library/Core/Src/usbd_core.c **** {
  88              		.loc 1 133 0
  89              		.cfi_startproc
  90              		@ args = 0, pretend = 0, frame = 0
  91              		@ frame_needed = 0, uses_anonymous_args = 0
  92              	.LVL6:
  93 0000 10B5     		push	{r4, lr}
  94              	.LCFI2:
  95              		.cfi_def_cfa_offset 8
  96              		.cfi_offset 4, -8
ARM GAS  /tmp/ccIPkDb7.s 			page 5


  97              		.cfi_offset 14, -4
  98 0002 0446     		mov	r4, r0
 134:Middlewares/ST/STM32_USB_Device_Library/Core/Src/usbd_core.c ****   /* Set Default State */
 135:Middlewares/ST/STM32_USB_Device_Library/Core/Src/usbd_core.c ****   pdev->dev_state  = USBD_STATE_DEFAULT;
  99              		.loc 1 135 0
 100 0004 0123     		movs	r3, #1
 101 0006 80F8FC31 		strb	r3, [r0, #508]
 136:Middlewares/ST/STM32_USB_Device_Library/Core/Src/usbd_core.c ****   
 137:Middlewares/ST/STM32_USB_Device_Library/Core/Src/usbd_core.c ****   /* Free Class Resources */
 138:Middlewares/ST/STM32_USB_Device_Library/Core/Src/usbd_core.c ****   pdev->pClass->DeInit(pdev, pdev->dev_config);  
 102              		.loc 1 138 0
 103 000a D0F81432 		ldr	r3, [r0, #532]
 104 000e 5B68     		ldr	r3, [r3, #4]
 105 0010 0179     		ldrb	r1, [r0, #4]	@ zero_extendqisi2
 106 0012 9847     		blx	r3
 107              	.LVL7:
 139:Middlewares/ST/STM32_USB_Device_Library/Core/Src/usbd_core.c ****   
 140:Middlewares/ST/STM32_USB_Device_Library/Core/Src/usbd_core.c ****     /* Stop the low level driver  */
 141:Middlewares/ST/STM32_USB_Device_Library/Core/Src/usbd_core.c ****   USBD_LL_Stop(pdev); 
 108              		.loc 1 141 0
 109 0014 2046     		mov	r0, r4
 110 0016 FFF7FEFF 		bl	USBD_LL_Stop
 111              	.LVL8:
 142:Middlewares/ST/STM32_USB_Device_Library/Core/Src/usbd_core.c ****   
 143:Middlewares/ST/STM32_USB_Device_Library/Core/Src/usbd_core.c ****   /* Initialize low level driver */
 144:Middlewares/ST/STM32_USB_Device_Library/Core/Src/usbd_core.c ****   USBD_LL_DeInit(pdev);
 112              		.loc 1 144 0
 113 001a 2046     		mov	r0, r4
 114 001c FFF7FEFF 		bl	USBD_LL_DeInit
 115              	.LVL9:
 145:Middlewares/ST/STM32_USB_Device_Library/Core/Src/usbd_core.c ****   
 146:Middlewares/ST/STM32_USB_Device_Library/Core/Src/usbd_core.c ****   return USBD_OK;
 147:Middlewares/ST/STM32_USB_Device_Library/Core/Src/usbd_core.c **** }
 116              		.loc 1 147 0
 117 0020 0020     		movs	r0, #0
 118 0022 10BD     		pop	{r4, pc}
 119              		.cfi_endproc
 120              	.LFE64:
 122              		.section	.text.USBD_RegisterClass,"ax",%progbits
 123              		.align	2
 124              		.global	USBD_RegisterClass
 125              		.thumb
 126              		.thumb_func
 128              	USBD_RegisterClass:
 129              	.LFB65:
 148:Middlewares/ST/STM32_USB_Device_Library/Core/Src/usbd_core.c **** 
 149:Middlewares/ST/STM32_USB_Device_Library/Core/Src/usbd_core.c **** 
 150:Middlewares/ST/STM32_USB_Device_Library/Core/Src/usbd_core.c **** /**
 151:Middlewares/ST/STM32_USB_Device_Library/Core/Src/usbd_core.c ****   * @brief  USBD_RegisterClass 
 152:Middlewares/ST/STM32_USB_Device_Library/Core/Src/usbd_core.c ****   *         Link class driver to Device Core.
 153:Middlewares/ST/STM32_USB_Device_Library/Core/Src/usbd_core.c ****   * @param  pDevice : Device Handle
 154:Middlewares/ST/STM32_USB_Device_Library/Core/Src/usbd_core.c ****   * @param  pclass: Class handle
 155:Middlewares/ST/STM32_USB_Device_Library/Core/Src/usbd_core.c ****   * @retval USBD Status
 156:Middlewares/ST/STM32_USB_Device_Library/Core/Src/usbd_core.c ****   */
 157:Middlewares/ST/STM32_USB_Device_Library/Core/Src/usbd_core.c **** USBD_StatusTypeDef  USBD_RegisterClass(USBD_HandleTypeDef *pdev, USBD_ClassTypeDef *pclass)
 158:Middlewares/ST/STM32_USB_Device_Library/Core/Src/usbd_core.c **** {
 130              		.loc 1 158 0
ARM GAS  /tmp/ccIPkDb7.s 			page 6


 131              		.cfi_startproc
 132              		@ args = 0, pretend = 0, frame = 0
 133              		@ frame_needed = 0, uses_anonymous_args = 0
 134              		@ link register save eliminated.
 135              	.LVL10:
 159:Middlewares/ST/STM32_USB_Device_Library/Core/Src/usbd_core.c ****   USBD_StatusTypeDef   status = USBD_OK;
 160:Middlewares/ST/STM32_USB_Device_Library/Core/Src/usbd_core.c ****   if(pclass != 0)
 136              		.loc 1 160 0
 137 0000 19B1     		cbz	r1, .L12
 161:Middlewares/ST/STM32_USB_Device_Library/Core/Src/usbd_core.c ****   {
 162:Middlewares/ST/STM32_USB_Device_Library/Core/Src/usbd_core.c ****     /* link the class to the USB Device handle */
 163:Middlewares/ST/STM32_USB_Device_Library/Core/Src/usbd_core.c ****     pdev->pClass = pclass;
 138              		.loc 1 163 0
 139 0002 C0F81412 		str	r1, [r0, #532]
 164:Middlewares/ST/STM32_USB_Device_Library/Core/Src/usbd_core.c ****     status = USBD_OK;
 140              		.loc 1 164 0
 141 0006 0020     		movs	r0, #0
 142              	.LVL11:
 143 0008 7047     		bx	lr
 144              	.LVL12:
 145              	.L12:
 165:Middlewares/ST/STM32_USB_Device_Library/Core/Src/usbd_core.c ****   }
 166:Middlewares/ST/STM32_USB_Device_Library/Core/Src/usbd_core.c ****   else
 167:Middlewares/ST/STM32_USB_Device_Library/Core/Src/usbd_core.c ****   {
 168:Middlewares/ST/STM32_USB_Device_Library/Core/Src/usbd_core.c ****     USBD_ErrLog("Invalid Class handle");
 169:Middlewares/ST/STM32_USB_Device_Library/Core/Src/usbd_core.c ****     status = USBD_FAIL; 
 146              		.loc 1 169 0
 147 000a 0220     		movs	r0, #2
 148              	.LVL13:
 170:Middlewares/ST/STM32_USB_Device_Library/Core/Src/usbd_core.c ****   }
 171:Middlewares/ST/STM32_USB_Device_Library/Core/Src/usbd_core.c ****   
 172:Middlewares/ST/STM32_USB_Device_Library/Core/Src/usbd_core.c ****   return status;
 173:Middlewares/ST/STM32_USB_Device_Library/Core/Src/usbd_core.c **** }
 149              		.loc 1 173 0
 150 000c 7047     		bx	lr
 151              		.cfi_endproc
 152              	.LFE65:
 154 000e 00BF     		.section	.text.USBD_Start,"ax",%progbits
 155              		.align	2
 156              		.global	USBD_Start
 157              		.thumb
 158              		.thumb_func
 160              	USBD_Start:
 161              	.LFB66:
 174:Middlewares/ST/STM32_USB_Device_Library/Core/Src/usbd_core.c **** 
 175:Middlewares/ST/STM32_USB_Device_Library/Core/Src/usbd_core.c **** /**
 176:Middlewares/ST/STM32_USB_Device_Library/Core/Src/usbd_core.c ****   * @brief  USBD_Start 
 177:Middlewares/ST/STM32_USB_Device_Library/Core/Src/usbd_core.c ****   *         Start the USB Device Core.
 178:Middlewares/ST/STM32_USB_Device_Library/Core/Src/usbd_core.c ****   * @param  pdev: Device Handle
 179:Middlewares/ST/STM32_USB_Device_Library/Core/Src/usbd_core.c ****   * @retval USBD Status
 180:Middlewares/ST/STM32_USB_Device_Library/Core/Src/usbd_core.c ****   */
 181:Middlewares/ST/STM32_USB_Device_Library/Core/Src/usbd_core.c **** USBD_StatusTypeDef  USBD_Start  (USBD_HandleTypeDef *pdev)
 182:Middlewares/ST/STM32_USB_Device_Library/Core/Src/usbd_core.c **** {
 162              		.loc 1 182 0
 163              		.cfi_startproc
 164              		@ args = 0, pretend = 0, frame = 0
 165              		@ frame_needed = 0, uses_anonymous_args = 0
ARM GAS  /tmp/ccIPkDb7.s 			page 7


 166              	.LVL14:
 167 0000 08B5     		push	{r3, lr}
 168              	.LCFI3:
 169              		.cfi_def_cfa_offset 8
 170              		.cfi_offset 3, -8
 171              		.cfi_offset 14, -4
 183:Middlewares/ST/STM32_USB_Device_Library/Core/Src/usbd_core.c ****   
 184:Middlewares/ST/STM32_USB_Device_Library/Core/Src/usbd_core.c ****   /* Start the low level driver  */
 185:Middlewares/ST/STM32_USB_Device_Library/Core/Src/usbd_core.c ****   USBD_LL_Start(pdev); 
 172              		.loc 1 185 0
 173 0002 FFF7FEFF 		bl	USBD_LL_Start
 174              	.LVL15:
 186:Middlewares/ST/STM32_USB_Device_Library/Core/Src/usbd_core.c ****   
 187:Middlewares/ST/STM32_USB_Device_Library/Core/Src/usbd_core.c ****   return USBD_OK;  
 188:Middlewares/ST/STM32_USB_Device_Library/Core/Src/usbd_core.c **** }
 175              		.loc 1 188 0
 176 0006 0020     		movs	r0, #0
 177 0008 08BD     		pop	{r3, pc}
 178              		.cfi_endproc
 179              	.LFE66:
 181 000a 00BF     		.section	.text.USBD_Stop,"ax",%progbits
 182              		.align	2
 183              		.global	USBD_Stop
 184              		.thumb
 185              		.thumb_func
 187              	USBD_Stop:
 188              	.LFB67:
 189:Middlewares/ST/STM32_USB_Device_Library/Core/Src/usbd_core.c **** 
 190:Middlewares/ST/STM32_USB_Device_Library/Core/Src/usbd_core.c **** /**
 191:Middlewares/ST/STM32_USB_Device_Library/Core/Src/usbd_core.c ****   * @brief  USBD_Stop 
 192:Middlewares/ST/STM32_USB_Device_Library/Core/Src/usbd_core.c ****   *         Stop the USB Device Core.
 193:Middlewares/ST/STM32_USB_Device_Library/Core/Src/usbd_core.c ****   * @param  pdev: Device Handle
 194:Middlewares/ST/STM32_USB_Device_Library/Core/Src/usbd_core.c ****   * @retval USBD Status
 195:Middlewares/ST/STM32_USB_Device_Library/Core/Src/usbd_core.c ****   */
 196:Middlewares/ST/STM32_USB_Device_Library/Core/Src/usbd_core.c **** USBD_StatusTypeDef  USBD_Stop   (USBD_HandleTypeDef *pdev)
 197:Middlewares/ST/STM32_USB_Device_Library/Core/Src/usbd_core.c **** {
 189              		.loc 1 197 0
 190              		.cfi_startproc
 191              		@ args = 0, pretend = 0, frame = 0
 192              		@ frame_needed = 0, uses_anonymous_args = 0
 193              	.LVL16:
 194 0000 10B5     		push	{r4, lr}
 195              	.LCFI4:
 196              		.cfi_def_cfa_offset 8
 197              		.cfi_offset 4, -8
 198              		.cfi_offset 14, -4
 199 0002 0446     		mov	r4, r0
 198:Middlewares/ST/STM32_USB_Device_Library/Core/Src/usbd_core.c ****   /* Free Class Resources */
 199:Middlewares/ST/STM32_USB_Device_Library/Core/Src/usbd_core.c ****   pdev->pClass->DeInit(pdev, pdev->dev_config);  
 200              		.loc 1 199 0
 201 0004 D0F81432 		ldr	r3, [r0, #532]
 202 0008 5B68     		ldr	r3, [r3, #4]
 203 000a 0179     		ldrb	r1, [r0, #4]	@ zero_extendqisi2
 204 000c 9847     		blx	r3
 205              	.LVL17:
 200:Middlewares/ST/STM32_USB_Device_Library/Core/Src/usbd_core.c **** 
 201:Middlewares/ST/STM32_USB_Device_Library/Core/Src/usbd_core.c ****   /* Stop the low level driver  */
ARM GAS  /tmp/ccIPkDb7.s 			page 8


 202:Middlewares/ST/STM32_USB_Device_Library/Core/Src/usbd_core.c ****   USBD_LL_Stop(pdev); 
 206              		.loc 1 202 0
 207 000e 2046     		mov	r0, r4
 208 0010 FFF7FEFF 		bl	USBD_LL_Stop
 209              	.LVL18:
 203:Middlewares/ST/STM32_USB_Device_Library/Core/Src/usbd_core.c ****   
 204:Middlewares/ST/STM32_USB_Device_Library/Core/Src/usbd_core.c ****   return USBD_OK;  
 205:Middlewares/ST/STM32_USB_Device_Library/Core/Src/usbd_core.c **** }
 210              		.loc 1 205 0
 211 0014 0020     		movs	r0, #0
 212 0016 10BD     		pop	{r4, pc}
 213              		.cfi_endproc
 214              	.LFE67:
 216              		.section	.text.USBD_RunTestMode,"ax",%progbits
 217              		.align	2
 218              		.global	USBD_RunTestMode
 219              		.thumb
 220              		.thumb_func
 222              	USBD_RunTestMode:
 223              	.LFB68:
 206:Middlewares/ST/STM32_USB_Device_Library/Core/Src/usbd_core.c **** 
 207:Middlewares/ST/STM32_USB_Device_Library/Core/Src/usbd_core.c **** /**
 208:Middlewares/ST/STM32_USB_Device_Library/Core/Src/usbd_core.c **** * @brief  USBD_RunTestMode 
 209:Middlewares/ST/STM32_USB_Device_Library/Core/Src/usbd_core.c **** *         Launch test mode process
 210:Middlewares/ST/STM32_USB_Device_Library/Core/Src/usbd_core.c **** * @param  pdev: device instance
 211:Middlewares/ST/STM32_USB_Device_Library/Core/Src/usbd_core.c **** * @retval status
 212:Middlewares/ST/STM32_USB_Device_Library/Core/Src/usbd_core.c **** */
 213:Middlewares/ST/STM32_USB_Device_Library/Core/Src/usbd_core.c **** USBD_StatusTypeDef  USBD_RunTestMode (USBD_HandleTypeDef  *pdev) 
 214:Middlewares/ST/STM32_USB_Device_Library/Core/Src/usbd_core.c **** {
 224              		.loc 1 214 0
 225              		.cfi_startproc
 226              		@ args = 0, pretend = 0, frame = 0
 227              		@ frame_needed = 0, uses_anonymous_args = 0
 228              		@ link register save eliminated.
 229              	.LVL19:
 215:Middlewares/ST/STM32_USB_Device_Library/Core/Src/usbd_core.c ****   return USBD_OK;
 216:Middlewares/ST/STM32_USB_Device_Library/Core/Src/usbd_core.c **** }
 230              		.loc 1 216 0
 231 0000 0020     		movs	r0, #0
 232              	.LVL20:
 233 0002 7047     		bx	lr
 234              		.cfi_endproc
 235              	.LFE68:
 237              		.section	.text.USBD_SetClassConfig,"ax",%progbits
 238              		.align	2
 239              		.global	USBD_SetClassConfig
 240              		.thumb
 241              		.thumb_func
 243              	USBD_SetClassConfig:
 244              	.LFB69:
 217:Middlewares/ST/STM32_USB_Device_Library/Core/Src/usbd_core.c **** 
 218:Middlewares/ST/STM32_USB_Device_Library/Core/Src/usbd_core.c **** 
 219:Middlewares/ST/STM32_USB_Device_Library/Core/Src/usbd_core.c **** /**
 220:Middlewares/ST/STM32_USB_Device_Library/Core/Src/usbd_core.c **** * @brief  USBD_SetClassConfig 
 221:Middlewares/ST/STM32_USB_Device_Library/Core/Src/usbd_core.c **** *        Configure device and start the interface
 222:Middlewares/ST/STM32_USB_Device_Library/Core/Src/usbd_core.c **** * @param  pdev: device instance
 223:Middlewares/ST/STM32_USB_Device_Library/Core/Src/usbd_core.c **** * @param  cfgidx: configuration index
ARM GAS  /tmp/ccIPkDb7.s 			page 9


 224:Middlewares/ST/STM32_USB_Device_Library/Core/Src/usbd_core.c **** * @retval status
 225:Middlewares/ST/STM32_USB_Device_Library/Core/Src/usbd_core.c **** */
 226:Middlewares/ST/STM32_USB_Device_Library/Core/Src/usbd_core.c **** 
 227:Middlewares/ST/STM32_USB_Device_Library/Core/Src/usbd_core.c **** USBD_StatusTypeDef USBD_SetClassConfig(USBD_HandleTypeDef  *pdev, uint8_t cfgidx)
 228:Middlewares/ST/STM32_USB_Device_Library/Core/Src/usbd_core.c **** {
 245              		.loc 1 228 0
 246              		.cfi_startproc
 247              		@ args = 0, pretend = 0, frame = 0
 248              		@ frame_needed = 0, uses_anonymous_args = 0
 249              	.LVL21:
 250 0000 08B5     		push	{r3, lr}
 251              	.LCFI5:
 252              		.cfi_def_cfa_offset 8
 253              		.cfi_offset 3, -8
 254              		.cfi_offset 14, -4
 255              	.LVL22:
 229:Middlewares/ST/STM32_USB_Device_Library/Core/Src/usbd_core.c ****   USBD_StatusTypeDef   ret = USBD_FAIL;
 230:Middlewares/ST/STM32_USB_Device_Library/Core/Src/usbd_core.c ****   
 231:Middlewares/ST/STM32_USB_Device_Library/Core/Src/usbd_core.c ****   if(pdev->pClass != NULL)
 256              		.loc 1 231 0
 257 0002 D0F81432 		ldr	r3, [r0, #532]
 258 0006 23B1     		cbz	r3, .L20
 232:Middlewares/ST/STM32_USB_Device_Library/Core/Src/usbd_core.c ****   {
 233:Middlewares/ST/STM32_USB_Device_Library/Core/Src/usbd_core.c ****     /* Set configuration  and Start the Class*/
 234:Middlewares/ST/STM32_USB_Device_Library/Core/Src/usbd_core.c ****     if(pdev->pClass->Init(pdev, cfgidx) == 0)
 259              		.loc 1 234 0
 260 0008 1B68     		ldr	r3, [r3]
 261 000a 9847     		blx	r3
 262              	.LVL23:
 263 000c 18B1     		cbz	r0, .L21
 229:Middlewares/ST/STM32_USB_Device_Library/Core/Src/usbd_core.c ****   USBD_StatusTypeDef   ret = USBD_FAIL;
 264              		.loc 1 229 0
 265 000e 0220     		movs	r0, #2
 266 0010 08BD     		pop	{r3, pc}
 267              	.LVL24:
 268              	.L20:
 269 0012 0220     		movs	r0, #2
 270              	.LVL25:
 271 0014 08BD     		pop	{r3, pc}
 272              	.LVL26:
 273              	.L21:
 235:Middlewares/ST/STM32_USB_Device_Library/Core/Src/usbd_core.c ****     {
 236:Middlewares/ST/STM32_USB_Device_Library/Core/Src/usbd_core.c ****       ret = USBD_OK;
 274              		.loc 1 236 0
 275 0016 0020     		movs	r0, #0
 276              	.LVL27:
 237:Middlewares/ST/STM32_USB_Device_Library/Core/Src/usbd_core.c ****     }
 238:Middlewares/ST/STM32_USB_Device_Library/Core/Src/usbd_core.c ****   }
 239:Middlewares/ST/STM32_USB_Device_Library/Core/Src/usbd_core.c ****   return ret; 
 240:Middlewares/ST/STM32_USB_Device_Library/Core/Src/usbd_core.c **** }
 277              		.loc 1 240 0
 278 0018 08BD     		pop	{r3, pc}
 279              		.cfi_endproc
 280              	.LFE69:
 282 001a 00BF     		.section	.text.USBD_ClrClassConfig,"ax",%progbits
 283              		.align	2
 284              		.global	USBD_ClrClassConfig
ARM GAS  /tmp/ccIPkDb7.s 			page 10


 285              		.thumb
 286              		.thumb_func
 288              	USBD_ClrClassConfig:
 289              	.LFB70:
 241:Middlewares/ST/STM32_USB_Device_Library/Core/Src/usbd_core.c **** 
 242:Middlewares/ST/STM32_USB_Device_Library/Core/Src/usbd_core.c **** /**
 243:Middlewares/ST/STM32_USB_Device_Library/Core/Src/usbd_core.c **** * @brief  USBD_ClrClassConfig 
 244:Middlewares/ST/STM32_USB_Device_Library/Core/Src/usbd_core.c **** *         Clear current configuration
 245:Middlewares/ST/STM32_USB_Device_Library/Core/Src/usbd_core.c **** * @param  pdev: device instance
 246:Middlewares/ST/STM32_USB_Device_Library/Core/Src/usbd_core.c **** * @param  cfgidx: configuration index
 247:Middlewares/ST/STM32_USB_Device_Library/Core/Src/usbd_core.c **** * @retval status: USBD_StatusTypeDef
 248:Middlewares/ST/STM32_USB_Device_Library/Core/Src/usbd_core.c **** */
 249:Middlewares/ST/STM32_USB_Device_Library/Core/Src/usbd_core.c **** USBD_StatusTypeDef USBD_ClrClassConfig(USBD_HandleTypeDef  *pdev, uint8_t cfgidx)
 250:Middlewares/ST/STM32_USB_Device_Library/Core/Src/usbd_core.c **** {
 290              		.loc 1 250 0
 291              		.cfi_startproc
 292              		@ args = 0, pretend = 0, frame = 0
 293              		@ frame_needed = 0, uses_anonymous_args = 0
 294              	.LVL28:
 295 0000 08B5     		push	{r3, lr}
 296              	.LCFI6:
 297              		.cfi_def_cfa_offset 8
 298              		.cfi_offset 3, -8
 299              		.cfi_offset 14, -4
 251:Middlewares/ST/STM32_USB_Device_Library/Core/Src/usbd_core.c ****   /* Clear configuration  and De-initialize the Class process*/
 252:Middlewares/ST/STM32_USB_Device_Library/Core/Src/usbd_core.c ****   pdev->pClass->DeInit(pdev, cfgidx);  
 300              		.loc 1 252 0
 301 0002 D0F81432 		ldr	r3, [r0, #532]
 302 0006 5B68     		ldr	r3, [r3, #4]
 303 0008 9847     		blx	r3
 304              	.LVL29:
 253:Middlewares/ST/STM32_USB_Device_Library/Core/Src/usbd_core.c ****   return USBD_OK;
 254:Middlewares/ST/STM32_USB_Device_Library/Core/Src/usbd_core.c **** }
 305              		.loc 1 254 0
 306 000a 0020     		movs	r0, #0
 307 000c 08BD     		pop	{r3, pc}
 308              		.cfi_endproc
 309              	.LFE70:
 311 000e 00BF     		.section	.text.USBD_LL_SetupStage,"ax",%progbits
 312              		.align	2
 313              		.global	USBD_LL_SetupStage
 314              		.thumb
 315              		.thumb_func
 317              	USBD_LL_SetupStage:
 318              	.LFB71:
 255:Middlewares/ST/STM32_USB_Device_Library/Core/Src/usbd_core.c **** 
 256:Middlewares/ST/STM32_USB_Device_Library/Core/Src/usbd_core.c **** 
 257:Middlewares/ST/STM32_USB_Device_Library/Core/Src/usbd_core.c **** /**
 258:Middlewares/ST/STM32_USB_Device_Library/Core/Src/usbd_core.c **** * @brief  USBD_SetupStage 
 259:Middlewares/ST/STM32_USB_Device_Library/Core/Src/usbd_core.c **** *         Handle the setup stage
 260:Middlewares/ST/STM32_USB_Device_Library/Core/Src/usbd_core.c **** * @param  pdev: device instance
 261:Middlewares/ST/STM32_USB_Device_Library/Core/Src/usbd_core.c **** * @retval status
 262:Middlewares/ST/STM32_USB_Device_Library/Core/Src/usbd_core.c **** */
 263:Middlewares/ST/STM32_USB_Device_Library/Core/Src/usbd_core.c **** USBD_StatusTypeDef USBD_LL_SetupStage(USBD_HandleTypeDef *pdev, uint8_t *psetup)
 264:Middlewares/ST/STM32_USB_Device_Library/Core/Src/usbd_core.c **** {
 319              		.loc 1 264 0
 320              		.cfi_startproc
ARM GAS  /tmp/ccIPkDb7.s 			page 11


 321              		@ args = 0, pretend = 0, frame = 0
 322              		@ frame_needed = 0, uses_anonymous_args = 0
 323              	.LVL30:
 324 0000 38B5     		push	{r3, r4, r5, lr}
 325              	.LCFI7:
 326              		.cfi_def_cfa_offset 16
 327              		.cfi_offset 3, -16
 328              		.cfi_offset 4, -12
 329              		.cfi_offset 5, -8
 330              		.cfi_offset 14, -4
 331 0002 0446     		mov	r4, r0
 265:Middlewares/ST/STM32_USB_Device_Library/Core/Src/usbd_core.c **** 
 266:Middlewares/ST/STM32_USB_Device_Library/Core/Src/usbd_core.c ****   USBD_ParseSetupRequest(&pdev->request, psetup);
 332              		.loc 1 266 0
 333 0004 00F50275 		add	r5, r0, #520
 334 0008 2846     		mov	r0, r5
 335              	.LVL31:
 336 000a FFF7FEFF 		bl	USBD_ParseSetupRequest
 337              	.LVL32:
 267:Middlewares/ST/STM32_USB_Device_Library/Core/Src/usbd_core.c ****   
 268:Middlewares/ST/STM32_USB_Device_Library/Core/Src/usbd_core.c ****   pdev->ep0_state = USBD_EP0_SETUP;
 338              		.loc 1 268 0
 339 000e 0123     		movs	r3, #1
 340 0010 C4F8F431 		str	r3, [r4, #500]
 269:Middlewares/ST/STM32_USB_Device_Library/Core/Src/usbd_core.c ****   pdev->ep0_data_len = pdev->request.wLength;
 341              		.loc 1 269 0
 342 0014 B4F80E32 		ldrh	r3, [r4, #526]
 343 0018 C4F8F831 		str	r3, [r4, #504]
 270:Middlewares/ST/STM32_USB_Device_Library/Core/Src/usbd_core.c ****   
 271:Middlewares/ST/STM32_USB_Device_Library/Core/Src/usbd_core.c ****   switch (pdev->request.bmRequest & 0x1F) 
 344              		.loc 1 271 0
 345 001c 94F80812 		ldrb	r1, [r4, #520]	@ zero_extendqisi2
 346 0020 01F01F03 		and	r3, r1, #31
 347 0024 012B     		cmp	r3, #1
 348 0026 08D0     		beq	.L27
 349 0028 13B1     		cbz	r3, .L28
 350 002a 022B     		cmp	r3, #2
 351 002c 0AD0     		beq	.L29
 352 002e 0EE0     		b	.L31
 353              	.L28:
 272:Middlewares/ST/STM32_USB_Device_Library/Core/Src/usbd_core.c ****   {
 273:Middlewares/ST/STM32_USB_Device_Library/Core/Src/usbd_core.c ****   case USB_REQ_RECIPIENT_DEVICE:   
 274:Middlewares/ST/STM32_USB_Device_Library/Core/Src/usbd_core.c ****     USBD_StdDevReq (pdev, &pdev->request);
 354              		.loc 1 274 0
 355 0030 2046     		mov	r0, r4
 356 0032 2946     		mov	r1, r5
 357 0034 FFF7FEFF 		bl	USBD_StdDevReq
 358              	.LVL33:
 275:Middlewares/ST/STM32_USB_Device_Library/Core/Src/usbd_core.c ****     break;
 359              		.loc 1 275 0
 360 0038 0EE0     		b	.L30
 361              	.L27:
 276:Middlewares/ST/STM32_USB_Device_Library/Core/Src/usbd_core.c ****     
 277:Middlewares/ST/STM32_USB_Device_Library/Core/Src/usbd_core.c ****   case USB_REQ_RECIPIENT_INTERFACE:     
 278:Middlewares/ST/STM32_USB_Device_Library/Core/Src/usbd_core.c ****     USBD_StdItfReq(pdev, &pdev->request);
 362              		.loc 1 278 0
 363 003a 2046     		mov	r0, r4
ARM GAS  /tmp/ccIPkDb7.s 			page 12


 364 003c 2946     		mov	r1, r5
 365 003e FFF7FEFF 		bl	USBD_StdItfReq
 366              	.LVL34:
 279:Middlewares/ST/STM32_USB_Device_Library/Core/Src/usbd_core.c ****     break;
 367              		.loc 1 279 0
 368 0042 09E0     		b	.L30
 369              	.L29:
 280:Middlewares/ST/STM32_USB_Device_Library/Core/Src/usbd_core.c ****     
 281:Middlewares/ST/STM32_USB_Device_Library/Core/Src/usbd_core.c ****   case USB_REQ_RECIPIENT_ENDPOINT:        
 282:Middlewares/ST/STM32_USB_Device_Library/Core/Src/usbd_core.c ****     USBD_StdEPReq(pdev, &pdev->request);   
 370              		.loc 1 282 0
 371 0044 2046     		mov	r0, r4
 372 0046 2946     		mov	r1, r5
 373 0048 FFF7FEFF 		bl	USBD_StdEPReq
 374              	.LVL35:
 283:Middlewares/ST/STM32_USB_Device_Library/Core/Src/usbd_core.c ****     break;
 375              		.loc 1 283 0
 376 004c 04E0     		b	.L30
 377              	.L31:
 284:Middlewares/ST/STM32_USB_Device_Library/Core/Src/usbd_core.c ****     
 285:Middlewares/ST/STM32_USB_Device_Library/Core/Src/usbd_core.c ****   default:           
 286:Middlewares/ST/STM32_USB_Device_Library/Core/Src/usbd_core.c ****     USBD_LL_StallEP(pdev , pdev->request.bmRequest & 0x80);
 378              		.loc 1 286 0
 379 004e 2046     		mov	r0, r4
 380 0050 01F08001 		and	r1, r1, #128
 381 0054 FFF7FEFF 		bl	USBD_LL_StallEP
 382              	.LVL36:
 383              	.L30:
 287:Middlewares/ST/STM32_USB_Device_Library/Core/Src/usbd_core.c ****     break;
 288:Middlewares/ST/STM32_USB_Device_Library/Core/Src/usbd_core.c ****   }  
 289:Middlewares/ST/STM32_USB_Device_Library/Core/Src/usbd_core.c ****   return USBD_OK;  
 290:Middlewares/ST/STM32_USB_Device_Library/Core/Src/usbd_core.c **** }
 384              		.loc 1 290 0
 385 0058 0020     		movs	r0, #0
 386 005a 38BD     		pop	{r3, r4, r5, pc}
 387              		.cfi_endproc
 388              	.LFE71:
 390              		.section	.text.USBD_LL_DataOutStage,"ax",%progbits
 391              		.align	2
 392              		.global	USBD_LL_DataOutStage
 393              		.thumb
 394              		.thumb_func
 396              	USBD_LL_DataOutStage:
 397              	.LFB72:
 291:Middlewares/ST/STM32_USB_Device_Library/Core/Src/usbd_core.c **** 
 292:Middlewares/ST/STM32_USB_Device_Library/Core/Src/usbd_core.c **** /**
 293:Middlewares/ST/STM32_USB_Device_Library/Core/Src/usbd_core.c **** * @brief  USBD_DataOutStage 
 294:Middlewares/ST/STM32_USB_Device_Library/Core/Src/usbd_core.c **** *         Handle data OUT stage
 295:Middlewares/ST/STM32_USB_Device_Library/Core/Src/usbd_core.c **** * @param  pdev: device instance
 296:Middlewares/ST/STM32_USB_Device_Library/Core/Src/usbd_core.c **** * @param  epnum: endpoint index
 297:Middlewares/ST/STM32_USB_Device_Library/Core/Src/usbd_core.c **** * @retval status
 298:Middlewares/ST/STM32_USB_Device_Library/Core/Src/usbd_core.c **** */
 299:Middlewares/ST/STM32_USB_Device_Library/Core/Src/usbd_core.c **** USBD_StatusTypeDef USBD_LL_DataOutStage(USBD_HandleTypeDef *pdev , uint8_t epnum, uint8_t *pdata)
 300:Middlewares/ST/STM32_USB_Device_Library/Core/Src/usbd_core.c **** {
 398              		.loc 1 300 0
 399              		.cfi_startproc
 400              		@ args = 0, pretend = 0, frame = 0
ARM GAS  /tmp/ccIPkDb7.s 			page 13


 401              		@ frame_needed = 0, uses_anonymous_args = 0
 402              	.LVL37:
 403 0000 38B5     		push	{r3, r4, r5, lr}
 404              	.LCFI8:
 405              		.cfi_def_cfa_offset 16
 406              		.cfi_offset 3, -16
 407              		.cfi_offset 4, -12
 408              		.cfi_offset 5, -8
 409              		.cfi_offset 14, -4
 410 0002 0446     		mov	r4, r0
 301:Middlewares/ST/STM32_USB_Device_Library/Core/Src/usbd_core.c ****   USBD_EndpointTypeDef    *pep;
 302:Middlewares/ST/STM32_USB_Device_Library/Core/Src/usbd_core.c ****   
 303:Middlewares/ST/STM32_USB_Device_Library/Core/Src/usbd_core.c ****   if(epnum == 0) 
 411              		.loc 1 303 0
 412 0004 09BB     		cbnz	r1, .L34
 413              	.LVL38:
 304:Middlewares/ST/STM32_USB_Device_Library/Core/Src/usbd_core.c ****   {
 305:Middlewares/ST/STM32_USB_Device_Library/Core/Src/usbd_core.c ****     pep = &pdev->ep_out[0];
 306:Middlewares/ST/STM32_USB_Device_Library/Core/Src/usbd_core.c ****     
 307:Middlewares/ST/STM32_USB_Device_Library/Core/Src/usbd_core.c ****     if ( pdev->ep0_state == USBD_EP0_DATA_OUT)
 414              		.loc 1 307 0
 415 0006 D0F8F431 		ldr	r3, [r0, #500]
 416 000a 032B     		cmp	r3, #3
 417 000c 26D1     		bne	.L35
 308:Middlewares/ST/STM32_USB_Device_Library/Core/Src/usbd_core.c ****     {
 309:Middlewares/ST/STM32_USB_Device_Library/Core/Src/usbd_core.c ****       if(pep->rem_length > pep->maxpacket)
 418              		.loc 1 309 0
 419 000e D0F80C31 		ldr	r3, [r0, #268]
 420 0012 D0F81011 		ldr	r1, [r0, #272]
 421              	.LVL39:
 422 0016 8B42     		cmp	r3, r1
 423 0018 0AD9     		bls	.L36
 310:Middlewares/ST/STM32_USB_Device_Library/Core/Src/usbd_core.c ****       {
 311:Middlewares/ST/STM32_USB_Device_Library/Core/Src/usbd_core.c ****         pep->rem_length -=  pep->maxpacket;
 424              		.loc 1 311 0
 425 001a 5B1A     		subs	r3, r3, r1
 426 001c C0F80C31 		str	r3, [r0, #268]
 312:Middlewares/ST/STM32_USB_Device_Library/Core/Src/usbd_core.c ****        
 313:Middlewares/ST/STM32_USB_Device_Library/Core/Src/usbd_core.c ****         USBD_CtlContinueRx (pdev, 
 314:Middlewares/ST/STM32_USB_Device_Library/Core/Src/usbd_core.c ****                             pdata,
 315:Middlewares/ST/STM32_USB_Device_Library/Core/Src/usbd_core.c ****                             MIN(pep->rem_length ,pep->maxpacket));
 427              		.loc 1 315 0
 428 0020 8B42     		cmp	r3, r1
 429 0022 28BF     		it	cs
 430 0024 0B46     		movcs	r3, r1
 313:Middlewares/ST/STM32_USB_Device_Library/Core/Src/usbd_core.c ****                             pdata,
 431              		.loc 1 313 0
 432 0026 1146     		mov	r1, r2
 433 0028 9AB2     		uxth	r2, r3
 434              	.LVL40:
 435 002a FFF7FEFF 		bl	USBD_CtlContinueRx
 436              	.LVL41:
 437 002e 15E0     		b	.L35
 438              	.LVL42:
 439              	.L36:
 316:Middlewares/ST/STM32_USB_Device_Library/Core/Src/usbd_core.c ****       }
 317:Middlewares/ST/STM32_USB_Device_Library/Core/Src/usbd_core.c ****       else
ARM GAS  /tmp/ccIPkDb7.s 			page 14


 318:Middlewares/ST/STM32_USB_Device_Library/Core/Src/usbd_core.c ****       {
 319:Middlewares/ST/STM32_USB_Device_Library/Core/Src/usbd_core.c ****         if((pdev->pClass->EP0_RxReady != NULL)&&
 440              		.loc 1 319 0
 441 0030 D0F81432 		ldr	r3, [r0, #532]
 442 0034 1B69     		ldr	r3, [r3, #16]
 443 0036 23B1     		cbz	r3, .L37
 320:Middlewares/ST/STM32_USB_Device_Library/Core/Src/usbd_core.c ****            (pdev->dev_state == USBD_STATE_CONFIGURED))
 444              		.loc 1 320 0 discriminator 1
 445 0038 90F8FC21 		ldrb	r2, [r0, #508]	@ zero_extendqisi2
 446              	.LVL43:
 319:Middlewares/ST/STM32_USB_Device_Library/Core/Src/usbd_core.c ****            (pdev->dev_state == USBD_STATE_CONFIGURED))
 447              		.loc 1 319 0 discriminator 1
 448 003c 032A     		cmp	r2, #3
 449 003e 00D1     		bne	.L37
 321:Middlewares/ST/STM32_USB_Device_Library/Core/Src/usbd_core.c ****         {
 322:Middlewares/ST/STM32_USB_Device_Library/Core/Src/usbd_core.c ****           pdev->pClass->EP0_RxReady(pdev); 
 450              		.loc 1 322 0
 451 0040 9847     		blx	r3
 452              	.LVL44:
 453              	.L37:
 323:Middlewares/ST/STM32_USB_Device_Library/Core/Src/usbd_core.c ****         }
 324:Middlewares/ST/STM32_USB_Device_Library/Core/Src/usbd_core.c ****         USBD_CtlSendStatus(pdev);
 454              		.loc 1 324 0
 455 0042 2046     		mov	r0, r4
 456 0044 FFF7FEFF 		bl	USBD_CtlSendStatus
 457              	.LVL45:
 458 0048 08E0     		b	.L35
 459              	.LVL46:
 460              	.L34:
 325:Middlewares/ST/STM32_USB_Device_Library/Core/Src/usbd_core.c ****       }
 326:Middlewares/ST/STM32_USB_Device_Library/Core/Src/usbd_core.c ****     }
 327:Middlewares/ST/STM32_USB_Device_Library/Core/Src/usbd_core.c ****   }
 328:Middlewares/ST/STM32_USB_Device_Library/Core/Src/usbd_core.c ****   else if((pdev->pClass->DataOut != NULL)&&
 461              		.loc 1 328 0
 462 004a D0F81432 		ldr	r3, [r0, #532]
 463 004e 9B69     		ldr	r3, [r3, #24]
 464 0050 23B1     		cbz	r3, .L35
 329:Middlewares/ST/STM32_USB_Device_Library/Core/Src/usbd_core.c ****           (pdev->dev_state == USBD_STATE_CONFIGURED))
 465              		.loc 1 329 0 discriminator 1
 466 0052 90F8FC21 		ldrb	r2, [r0, #508]	@ zero_extendqisi2
 467              	.LVL47:
 328:Middlewares/ST/STM32_USB_Device_Library/Core/Src/usbd_core.c ****           (pdev->dev_state == USBD_STATE_CONFIGURED))
 468              		.loc 1 328 0 discriminator 1
 469 0056 032A     		cmp	r2, #3
 470 0058 00D1     		bne	.L35
 330:Middlewares/ST/STM32_USB_Device_Library/Core/Src/usbd_core.c ****   {
 331:Middlewares/ST/STM32_USB_Device_Library/Core/Src/usbd_core.c ****     pdev->pClass->DataOut(pdev, epnum); 
 471              		.loc 1 331 0
 472 005a 9847     		blx	r3
 473              	.LVL48:
 474              	.L35:
 332:Middlewares/ST/STM32_USB_Device_Library/Core/Src/usbd_core.c ****   }  
 333:Middlewares/ST/STM32_USB_Device_Library/Core/Src/usbd_core.c ****   return USBD_OK;
 334:Middlewares/ST/STM32_USB_Device_Library/Core/Src/usbd_core.c **** }
 475              		.loc 1 334 0
 476 005c 0020     		movs	r0, #0
 477 005e 38BD     		pop	{r3, r4, r5, pc}
ARM GAS  /tmp/ccIPkDb7.s 			page 15


 478              		.cfi_endproc
 479              	.LFE72:
 481              		.section	.text.USBD_LL_DataInStage,"ax",%progbits
 482              		.align	2
 483              		.global	USBD_LL_DataInStage
 484              		.thumb
 485              		.thumb_func
 487              	USBD_LL_DataInStage:
 488              	.LFB73:
 335:Middlewares/ST/STM32_USB_Device_Library/Core/Src/usbd_core.c **** 
 336:Middlewares/ST/STM32_USB_Device_Library/Core/Src/usbd_core.c **** /**
 337:Middlewares/ST/STM32_USB_Device_Library/Core/Src/usbd_core.c **** * @brief  USBD_DataInStage 
 338:Middlewares/ST/STM32_USB_Device_Library/Core/Src/usbd_core.c **** *         Handle data in stage
 339:Middlewares/ST/STM32_USB_Device_Library/Core/Src/usbd_core.c **** * @param  pdev: device instance
 340:Middlewares/ST/STM32_USB_Device_Library/Core/Src/usbd_core.c **** * @param  epnum: endpoint index
 341:Middlewares/ST/STM32_USB_Device_Library/Core/Src/usbd_core.c **** * @retval status
 342:Middlewares/ST/STM32_USB_Device_Library/Core/Src/usbd_core.c **** */
 343:Middlewares/ST/STM32_USB_Device_Library/Core/Src/usbd_core.c **** USBD_StatusTypeDef USBD_LL_DataInStage(USBD_HandleTypeDef *pdev ,uint8_t epnum, uint8_t *pdata)
 344:Middlewares/ST/STM32_USB_Device_Library/Core/Src/usbd_core.c **** {
 489              		.loc 1 344 0
 490              		.cfi_startproc
 491              		@ args = 0, pretend = 0, frame = 0
 492              		@ frame_needed = 0, uses_anonymous_args = 0
 493              	.LVL49:
 494 0000 38B5     		push	{r3, r4, r5, lr}
 495              	.LCFI9:
 496              		.cfi_def_cfa_offset 16
 497              		.cfi_offset 3, -16
 498              		.cfi_offset 4, -12
 499              		.cfi_offset 5, -8
 500              		.cfi_offset 14, -4
 501 0002 0446     		mov	r4, r0
 345:Middlewares/ST/STM32_USB_Device_Library/Core/Src/usbd_core.c ****   USBD_EndpointTypeDef    *pep;
 346:Middlewares/ST/STM32_USB_Device_Library/Core/Src/usbd_core.c ****     
 347:Middlewares/ST/STM32_USB_Device_Library/Core/Src/usbd_core.c ****   if(epnum == 0) 
 502              		.loc 1 347 0
 503 0004 0029     		cmp	r1, #0
 504 0006 42D1     		bne	.L40
 505              	.LVL50:
 348:Middlewares/ST/STM32_USB_Device_Library/Core/Src/usbd_core.c ****   {
 349:Middlewares/ST/STM32_USB_Device_Library/Core/Src/usbd_core.c ****     pep = &pdev->ep_in[0];
 350:Middlewares/ST/STM32_USB_Device_Library/Core/Src/usbd_core.c ****     
 351:Middlewares/ST/STM32_USB_Device_Library/Core/Src/usbd_core.c ****     if ( pdev->ep0_state == USBD_EP0_DATA_IN)
 506              		.loc 1 351 0
 507 0008 D0F8F431 		ldr	r3, [r0, #500]
 508 000c 022B     		cmp	r3, #2
 509 000e 36D1     		bne	.L41
 352:Middlewares/ST/STM32_USB_Device_Library/Core/Src/usbd_core.c ****     {
 353:Middlewares/ST/STM32_USB_Device_Library/Core/Src/usbd_core.c ****       if(pep->rem_length > pep->maxpacket)
 510              		.loc 1 353 0
 511 0010 C169     		ldr	r1, [r0, #28]
 512              	.LVL51:
 513 0012 036A     		ldr	r3, [r0, #32]
 514 0014 9942     		cmp	r1, r3
 515 0016 0CD9     		bls	.L42
 354:Middlewares/ST/STM32_USB_Device_Library/Core/Src/usbd_core.c ****       {
 355:Middlewares/ST/STM32_USB_Device_Library/Core/Src/usbd_core.c ****         pep->rem_length -=  pep->maxpacket;
ARM GAS  /tmp/ccIPkDb7.s 			page 16


 516              		.loc 1 355 0
 517 0018 CB1A     		subs	r3, r1, r3
 518 001a C361     		str	r3, [r0, #28]
 356:Middlewares/ST/STM32_USB_Device_Library/Core/Src/usbd_core.c ****         
 357:Middlewares/ST/STM32_USB_Device_Library/Core/Src/usbd_core.c ****         USBD_CtlContinueSendData (pdev, 
 519              		.loc 1 357 0
 520 001c 1146     		mov	r1, r2
 521 001e 9AB2     		uxth	r2, r3
 522              	.LVL52:
 523 0020 FFF7FEFF 		bl	USBD_CtlContinueSendData
 524              	.LVL53:
 358:Middlewares/ST/STM32_USB_Device_Library/Core/Src/usbd_core.c ****                                   pdata, 
 359:Middlewares/ST/STM32_USB_Device_Library/Core/Src/usbd_core.c ****                                   pep->rem_length);
 360:Middlewares/ST/STM32_USB_Device_Library/Core/Src/usbd_core.c ****         
 361:Middlewares/ST/STM32_USB_Device_Library/Core/Src/usbd_core.c ****         /* Prepare endpoint for premature end of transfer */
 362:Middlewares/ST/STM32_USB_Device_Library/Core/Src/usbd_core.c ****         USBD_LL_PrepareReceive (pdev,
 525              		.loc 1 362 0
 526 0024 2046     		mov	r0, r4
 527 0026 0021     		movs	r1, #0
 528 0028 0A46     		mov	r2, r1
 529 002a 0B46     		mov	r3, r1
 530 002c FFF7FEFF 		bl	USBD_LL_PrepareReceive
 531              	.LVL54:
 532 0030 25E0     		b	.L41
 533              	.LVL55:
 534              	.L42:
 363:Middlewares/ST/STM32_USB_Device_Library/Core/Src/usbd_core.c ****                                 0,
 364:Middlewares/ST/STM32_USB_Device_Library/Core/Src/usbd_core.c ****                                 NULL,
 365:Middlewares/ST/STM32_USB_Device_Library/Core/Src/usbd_core.c ****                                 0);  
 366:Middlewares/ST/STM32_USB_Device_Library/Core/Src/usbd_core.c ****       }
 367:Middlewares/ST/STM32_USB_Device_Library/Core/Src/usbd_core.c ****       else
 368:Middlewares/ST/STM32_USB_Device_Library/Core/Src/usbd_core.c ****       { /* last packet is MPS multiple, so send ZLP packet */
 369:Middlewares/ST/STM32_USB_Device_Library/Core/Src/usbd_core.c ****         if((pep->total_length % pep->maxpacket == 0) &&
 535              		.loc 1 369 0
 536 0032 8169     		ldr	r1, [r0, #24]
 537 0034 B1FBF3F2 		udiv	r2, r1, r3
 538              	.LVL56:
 539 0038 03FB1212 		mls	r2, r3, r2, r1
 540 003c 92B9     		cbnz	r2, .L43
 541              		.loc 1 369 0 is_stmt 0 discriminator 1
 542 003e 8B42     		cmp	r3, r1
 543 0040 10D8     		bhi	.L43
 370:Middlewares/ST/STM32_USB_Device_Library/Core/Src/usbd_core.c ****            (pep->total_length >= pep->maxpacket) &&
 371:Middlewares/ST/STM32_USB_Device_Library/Core/Src/usbd_core.c ****              (pep->total_length < pdev->ep0_data_len ))
 544              		.loc 1 371 0 is_stmt 1
 545 0042 D0F8F831 		ldr	r3, [r0, #504]
 370:Middlewares/ST/STM32_USB_Device_Library/Core/Src/usbd_core.c ****            (pep->total_length >= pep->maxpacket) &&
 546              		.loc 1 370 0
 547 0046 9942     		cmp	r1, r3
 548 0048 0CD2     		bcs	.L43
 372:Middlewares/ST/STM32_USB_Device_Library/Core/Src/usbd_core.c ****         {
 373:Middlewares/ST/STM32_USB_Device_Library/Core/Src/usbd_core.c ****           
 374:Middlewares/ST/STM32_USB_Device_Library/Core/Src/usbd_core.c ****           USBD_CtlContinueSendData(pdev , NULL, 0);
 549              		.loc 1 374 0
 550 004a 0021     		movs	r1, #0
 551 004c 0A46     		mov	r2, r1
 552 004e FFF7FEFF 		bl	USBD_CtlContinueSendData
ARM GAS  /tmp/ccIPkDb7.s 			page 17


 553              	.LVL57:
 375:Middlewares/ST/STM32_USB_Device_Library/Core/Src/usbd_core.c ****           pdev->ep0_data_len = 0;
 554              		.loc 1 375 0
 555 0052 0023     		movs	r3, #0
 556 0054 C4F8F831 		str	r3, [r4, #504]
 376:Middlewares/ST/STM32_USB_Device_Library/Core/Src/usbd_core.c ****           
 377:Middlewares/ST/STM32_USB_Device_Library/Core/Src/usbd_core.c ****         /* Prepare endpoint for premature end of transfer */
 378:Middlewares/ST/STM32_USB_Device_Library/Core/Src/usbd_core.c ****         USBD_LL_PrepareReceive (pdev,
 557              		.loc 1 378 0
 558 0058 2046     		mov	r0, r4
 559 005a 1946     		mov	r1, r3
 560 005c 1A46     		mov	r2, r3
 561 005e FFF7FEFF 		bl	USBD_LL_PrepareReceive
 562              	.LVL58:
 563 0062 0CE0     		b	.L41
 564              	.LVL59:
 565              	.L43:
 379:Middlewares/ST/STM32_USB_Device_Library/Core/Src/usbd_core.c ****                                 0,
 380:Middlewares/ST/STM32_USB_Device_Library/Core/Src/usbd_core.c ****                                 NULL,
 381:Middlewares/ST/STM32_USB_Device_Library/Core/Src/usbd_core.c ****                                 0);
 382:Middlewares/ST/STM32_USB_Device_Library/Core/Src/usbd_core.c ****         }
 383:Middlewares/ST/STM32_USB_Device_Library/Core/Src/usbd_core.c ****         else
 384:Middlewares/ST/STM32_USB_Device_Library/Core/Src/usbd_core.c ****         {
 385:Middlewares/ST/STM32_USB_Device_Library/Core/Src/usbd_core.c ****           if((pdev->pClass->EP0_TxSent != NULL)&&
 566              		.loc 1 385 0
 567 0064 D4F81432 		ldr	r3, [r4, #532]
 568 0068 DB68     		ldr	r3, [r3, #12]
 569 006a 2BB1     		cbz	r3, .L44
 386:Middlewares/ST/STM32_USB_Device_Library/Core/Src/usbd_core.c ****              (pdev->dev_state == USBD_STATE_CONFIGURED))
 570              		.loc 1 386 0 discriminator 1
 571 006c 94F8FC21 		ldrb	r2, [r4, #508]	@ zero_extendqisi2
 385:Middlewares/ST/STM32_USB_Device_Library/Core/Src/usbd_core.c ****              (pdev->dev_state == USBD_STATE_CONFIGURED))
 572              		.loc 1 385 0 discriminator 1
 573 0070 032A     		cmp	r2, #3
 574 0072 01D1     		bne	.L44
 387:Middlewares/ST/STM32_USB_Device_Library/Core/Src/usbd_core.c ****           {
 388:Middlewares/ST/STM32_USB_Device_Library/Core/Src/usbd_core.c ****             pdev->pClass->EP0_TxSent(pdev); 
 575              		.loc 1 388 0
 576 0074 2046     		mov	r0, r4
 577              	.LVL60:
 578 0076 9847     		blx	r3
 579              	.LVL61:
 580              	.L44:
 389:Middlewares/ST/STM32_USB_Device_Library/Core/Src/usbd_core.c ****           }          
 390:Middlewares/ST/STM32_USB_Device_Library/Core/Src/usbd_core.c ****           USBD_CtlReceiveStatus(pdev);
 581              		.loc 1 390 0
 582 0078 2046     		mov	r0, r4
 583 007a FFF7FEFF 		bl	USBD_CtlReceiveStatus
 584              	.LVL62:
 585              	.L41:
 391:Middlewares/ST/STM32_USB_Device_Library/Core/Src/usbd_core.c ****         }
 392:Middlewares/ST/STM32_USB_Device_Library/Core/Src/usbd_core.c ****       }
 393:Middlewares/ST/STM32_USB_Device_Library/Core/Src/usbd_core.c ****     }
 394:Middlewares/ST/STM32_USB_Device_Library/Core/Src/usbd_core.c ****     if (pdev->dev_test_mode == 1)
 586              		.loc 1 394 0
 587 007e 94F80032 		ldrb	r3, [r4, #512]	@ zero_extendqisi2
 588 0082 012B     		cmp	r3, #1
ARM GAS  /tmp/ccIPkDb7.s 			page 18


 589 0084 0CD1     		bne	.L45
 395:Middlewares/ST/STM32_USB_Device_Library/Core/Src/usbd_core.c ****     {
 396:Middlewares/ST/STM32_USB_Device_Library/Core/Src/usbd_core.c ****       USBD_RunTestMode(pdev); 
 397:Middlewares/ST/STM32_USB_Device_Library/Core/Src/usbd_core.c ****       pdev->dev_test_mode = 0;
 590              		.loc 1 397 0
 591 0086 0023     		movs	r3, #0
 592 0088 84F80032 		strb	r3, [r4, #512]
 593 008c 08E0     		b	.L45
 594              	.LVL63:
 595              	.L40:
 398:Middlewares/ST/STM32_USB_Device_Library/Core/Src/usbd_core.c ****     }
 399:Middlewares/ST/STM32_USB_Device_Library/Core/Src/usbd_core.c ****   }
 400:Middlewares/ST/STM32_USB_Device_Library/Core/Src/usbd_core.c ****   else if((pdev->pClass->DataIn != NULL)&& 
 596              		.loc 1 400 0
 597 008e D0F81432 		ldr	r3, [r0, #532]
 598 0092 5B69     		ldr	r3, [r3, #20]
 599 0094 23B1     		cbz	r3, .L45
 401:Middlewares/ST/STM32_USB_Device_Library/Core/Src/usbd_core.c ****           (pdev->dev_state == USBD_STATE_CONFIGURED))
 600              		.loc 1 401 0 discriminator 1
 601 0096 90F8FC21 		ldrb	r2, [r0, #508]	@ zero_extendqisi2
 602              	.LVL64:
 400:Middlewares/ST/STM32_USB_Device_Library/Core/Src/usbd_core.c ****           (pdev->dev_state == USBD_STATE_CONFIGURED))
 603              		.loc 1 400 0 discriminator 1
 604 009a 032A     		cmp	r2, #3
 605 009c 00D1     		bne	.L45
 402:Middlewares/ST/STM32_USB_Device_Library/Core/Src/usbd_core.c ****   {
 403:Middlewares/ST/STM32_USB_Device_Library/Core/Src/usbd_core.c ****     pdev->pClass->DataIn(pdev, epnum); 
 606              		.loc 1 403 0
 607 009e 9847     		blx	r3
 608              	.LVL65:
 609              	.L45:
 404:Middlewares/ST/STM32_USB_Device_Library/Core/Src/usbd_core.c ****   }  
 405:Middlewares/ST/STM32_USB_Device_Library/Core/Src/usbd_core.c ****   return USBD_OK;
 406:Middlewares/ST/STM32_USB_Device_Library/Core/Src/usbd_core.c **** }
 610              		.loc 1 406 0
 611 00a0 0020     		movs	r0, #0
 612 00a2 38BD     		pop	{r3, r4, r5, pc}
 613              		.cfi_endproc
 614              	.LFE73:
 616              		.section	.text.USBD_LL_Reset,"ax",%progbits
 617              		.align	2
 618              		.global	USBD_LL_Reset
 619              		.thumb
 620              		.thumb_func
 622              	USBD_LL_Reset:
 623              	.LFB74:
 407:Middlewares/ST/STM32_USB_Device_Library/Core/Src/usbd_core.c **** 
 408:Middlewares/ST/STM32_USB_Device_Library/Core/Src/usbd_core.c **** /**
 409:Middlewares/ST/STM32_USB_Device_Library/Core/Src/usbd_core.c **** * @brief  USBD_LL_Reset 
 410:Middlewares/ST/STM32_USB_Device_Library/Core/Src/usbd_core.c **** *         Handle Reset event
 411:Middlewares/ST/STM32_USB_Device_Library/Core/Src/usbd_core.c **** * @param  pdev: device instance
 412:Middlewares/ST/STM32_USB_Device_Library/Core/Src/usbd_core.c **** * @retval status
 413:Middlewares/ST/STM32_USB_Device_Library/Core/Src/usbd_core.c **** */
 414:Middlewares/ST/STM32_USB_Device_Library/Core/Src/usbd_core.c **** 
 415:Middlewares/ST/STM32_USB_Device_Library/Core/Src/usbd_core.c **** USBD_StatusTypeDef USBD_LL_Reset(USBD_HandleTypeDef  *pdev)
 416:Middlewares/ST/STM32_USB_Device_Library/Core/Src/usbd_core.c **** {
 624              		.loc 1 416 0
ARM GAS  /tmp/ccIPkDb7.s 			page 19


 625              		.cfi_startproc
 626              		@ args = 0, pretend = 0, frame = 0
 627              		@ frame_needed = 0, uses_anonymous_args = 0
 628              	.LVL66:
 629 0000 38B5     		push	{r3, r4, r5, lr}
 630              	.LCFI10:
 631              		.cfi_def_cfa_offset 16
 632              		.cfi_offset 3, -16
 633              		.cfi_offset 4, -12
 634              		.cfi_offset 5, -8
 635              		.cfi_offset 14, -4
 636 0002 0446     		mov	r4, r0
 417:Middlewares/ST/STM32_USB_Device_Library/Core/Src/usbd_core.c ****   /* Open EP0 OUT */
 418:Middlewares/ST/STM32_USB_Device_Library/Core/Src/usbd_core.c ****   USBD_LL_OpenEP(pdev,
 637              		.loc 1 418 0
 638 0004 0021     		movs	r1, #0
 639 0006 0A46     		mov	r2, r1
 640 0008 4023     		movs	r3, #64
 641 000a FFF7FEFF 		bl	USBD_LL_OpenEP
 642              	.LVL67:
 419:Middlewares/ST/STM32_USB_Device_Library/Core/Src/usbd_core.c ****               0x00,
 420:Middlewares/ST/STM32_USB_Device_Library/Core/Src/usbd_core.c ****               USBD_EP_TYPE_CTRL,
 421:Middlewares/ST/STM32_USB_Device_Library/Core/Src/usbd_core.c ****               USB_MAX_EP0_SIZE);
 422:Middlewares/ST/STM32_USB_Device_Library/Core/Src/usbd_core.c ****   
 423:Middlewares/ST/STM32_USB_Device_Library/Core/Src/usbd_core.c ****   pdev->ep_out[0].maxpacket = USB_MAX_EP0_SIZE;
 643              		.loc 1 423 0
 644 000e 4025     		movs	r5, #64
 645 0010 C4F81051 		str	r5, [r4, #272]
 424:Middlewares/ST/STM32_USB_Device_Library/Core/Src/usbd_core.c ****   
 425:Middlewares/ST/STM32_USB_Device_Library/Core/Src/usbd_core.c ****   /* Open EP0 IN */
 426:Middlewares/ST/STM32_USB_Device_Library/Core/Src/usbd_core.c ****   USBD_LL_OpenEP(pdev,
 646              		.loc 1 426 0
 647 0014 2046     		mov	r0, r4
 648 0016 8021     		movs	r1, #128
 649 0018 0022     		movs	r2, #0
 650 001a 2B46     		mov	r3, r5
 651 001c FFF7FEFF 		bl	USBD_LL_OpenEP
 652              	.LVL68:
 427:Middlewares/ST/STM32_USB_Device_Library/Core/Src/usbd_core.c ****               0x80,
 428:Middlewares/ST/STM32_USB_Device_Library/Core/Src/usbd_core.c ****               USBD_EP_TYPE_CTRL,
 429:Middlewares/ST/STM32_USB_Device_Library/Core/Src/usbd_core.c ****               USB_MAX_EP0_SIZE);
 430:Middlewares/ST/STM32_USB_Device_Library/Core/Src/usbd_core.c ****   
 431:Middlewares/ST/STM32_USB_Device_Library/Core/Src/usbd_core.c ****   pdev->ep_in[0].maxpacket = USB_MAX_EP0_SIZE;
 653              		.loc 1 431 0
 654 0020 2562     		str	r5, [r4, #32]
 432:Middlewares/ST/STM32_USB_Device_Library/Core/Src/usbd_core.c ****   /* Upon Reset call user call back */
 433:Middlewares/ST/STM32_USB_Device_Library/Core/Src/usbd_core.c ****   pdev->dev_state = USBD_STATE_DEFAULT;
 655              		.loc 1 433 0
 656 0022 0123     		movs	r3, #1
 657 0024 84F8FC31 		strb	r3, [r4, #508]
 434:Middlewares/ST/STM32_USB_Device_Library/Core/Src/usbd_core.c ****   
 435:Middlewares/ST/STM32_USB_Device_Library/Core/Src/usbd_core.c ****   if (pdev->pClassData) 
 658              		.loc 1 435 0
 659 0028 D4F81832 		ldr	r3, [r4, #536]
 660 002c 2BB1     		cbz	r3, .L48
 436:Middlewares/ST/STM32_USB_Device_Library/Core/Src/usbd_core.c ****     pdev->pClass->DeInit(pdev, pdev->dev_config);  
 661              		.loc 1 436 0
ARM GAS  /tmp/ccIPkDb7.s 			page 20


 662 002e D4F81432 		ldr	r3, [r4, #532]
 663 0032 5B68     		ldr	r3, [r3, #4]
 664 0034 2046     		mov	r0, r4
 665 0036 2179     		ldrb	r1, [r4, #4]	@ zero_extendqisi2
 666 0038 9847     		blx	r3
 667              	.LVL69:
 668              	.L48:
 437:Middlewares/ST/STM32_USB_Device_Library/Core/Src/usbd_core.c ****  
 438:Middlewares/ST/STM32_USB_Device_Library/Core/Src/usbd_core.c ****   
 439:Middlewares/ST/STM32_USB_Device_Library/Core/Src/usbd_core.c ****   return USBD_OK;
 440:Middlewares/ST/STM32_USB_Device_Library/Core/Src/usbd_core.c **** }
 669              		.loc 1 440 0
 670 003a 0020     		movs	r0, #0
 671 003c 38BD     		pop	{r3, r4, r5, pc}
 672              		.cfi_endproc
 673              	.LFE74:
 675 003e 00BF     		.section	.text.USBD_LL_SetSpeed,"ax",%progbits
 676              		.align	2
 677              		.global	USBD_LL_SetSpeed
 678              		.thumb
 679              		.thumb_func
 681              	USBD_LL_SetSpeed:
 682              	.LFB75:
 441:Middlewares/ST/STM32_USB_Device_Library/Core/Src/usbd_core.c **** 
 442:Middlewares/ST/STM32_USB_Device_Library/Core/Src/usbd_core.c **** 
 443:Middlewares/ST/STM32_USB_Device_Library/Core/Src/usbd_core.c **** 
 444:Middlewares/ST/STM32_USB_Device_Library/Core/Src/usbd_core.c **** 
 445:Middlewares/ST/STM32_USB_Device_Library/Core/Src/usbd_core.c **** /**
 446:Middlewares/ST/STM32_USB_Device_Library/Core/Src/usbd_core.c **** * @brief  USBD_LL_Reset 
 447:Middlewares/ST/STM32_USB_Device_Library/Core/Src/usbd_core.c **** *         Handle Reset event
 448:Middlewares/ST/STM32_USB_Device_Library/Core/Src/usbd_core.c **** * @param  pdev: device instance
 449:Middlewares/ST/STM32_USB_Device_Library/Core/Src/usbd_core.c **** * @retval status
 450:Middlewares/ST/STM32_USB_Device_Library/Core/Src/usbd_core.c **** */
 451:Middlewares/ST/STM32_USB_Device_Library/Core/Src/usbd_core.c **** USBD_StatusTypeDef USBD_LL_SetSpeed(USBD_HandleTypeDef  *pdev, USBD_SpeedTypeDef speed)
 452:Middlewares/ST/STM32_USB_Device_Library/Core/Src/usbd_core.c **** {
 683              		.loc 1 452 0
 684              		.cfi_startproc
 685              		@ args = 0, pretend = 0, frame = 0
 686              		@ frame_needed = 0, uses_anonymous_args = 0
 687              		@ link register save eliminated.
 688              	.LVL70:
 453:Middlewares/ST/STM32_USB_Device_Library/Core/Src/usbd_core.c ****   pdev->dev_speed = speed;
 689              		.loc 1 453 0
 690 0000 0174     		strb	r1, [r0, #16]
 454:Middlewares/ST/STM32_USB_Device_Library/Core/Src/usbd_core.c ****   return USBD_OK;
 455:Middlewares/ST/STM32_USB_Device_Library/Core/Src/usbd_core.c **** }
 691              		.loc 1 455 0
 692 0002 0020     		movs	r0, #0
 693              	.LVL71:
 694 0004 7047     		bx	lr
 695              		.cfi_endproc
 696              	.LFE75:
 698 0006 00BF     		.section	.text.USBD_LL_Suspend,"ax",%progbits
 699              		.align	2
 700              		.global	USBD_LL_Suspend
 701              		.thumb
 702              		.thumb_func
ARM GAS  /tmp/ccIPkDb7.s 			page 21


 704              	USBD_LL_Suspend:
 705              	.LFB76:
 456:Middlewares/ST/STM32_USB_Device_Library/Core/Src/usbd_core.c **** 
 457:Middlewares/ST/STM32_USB_Device_Library/Core/Src/usbd_core.c **** /**
 458:Middlewares/ST/STM32_USB_Device_Library/Core/Src/usbd_core.c **** * @brief  USBD_Suspend 
 459:Middlewares/ST/STM32_USB_Device_Library/Core/Src/usbd_core.c **** *         Handle Suspend event
 460:Middlewares/ST/STM32_USB_Device_Library/Core/Src/usbd_core.c **** * @param  pdev: device instance
 461:Middlewares/ST/STM32_USB_Device_Library/Core/Src/usbd_core.c **** * @retval status
 462:Middlewares/ST/STM32_USB_Device_Library/Core/Src/usbd_core.c **** */
 463:Middlewares/ST/STM32_USB_Device_Library/Core/Src/usbd_core.c **** 
 464:Middlewares/ST/STM32_USB_Device_Library/Core/Src/usbd_core.c **** USBD_StatusTypeDef USBD_LL_Suspend(USBD_HandleTypeDef  *pdev)
 465:Middlewares/ST/STM32_USB_Device_Library/Core/Src/usbd_core.c **** {
 706              		.loc 1 465 0
 707              		.cfi_startproc
 708              		@ args = 0, pretend = 0, frame = 0
 709              		@ frame_needed = 0, uses_anonymous_args = 0
 710              		@ link register save eliminated.
 711              	.LVL72:
 466:Middlewares/ST/STM32_USB_Device_Library/Core/Src/usbd_core.c ****   pdev->dev_old_state =  pdev->dev_state;
 712              		.loc 1 466 0
 713 0000 90F8FC31 		ldrb	r3, [r0, #508]	@ zero_extendqisi2
 714 0004 80F8FD31 		strb	r3, [r0, #509]
 467:Middlewares/ST/STM32_USB_Device_Library/Core/Src/usbd_core.c ****   pdev->dev_state  = USBD_STATE_SUSPENDED;
 715              		.loc 1 467 0
 716 0008 0423     		movs	r3, #4
 717 000a 80F8FC31 		strb	r3, [r0, #508]
 468:Middlewares/ST/STM32_USB_Device_Library/Core/Src/usbd_core.c ****   return USBD_OK;
 469:Middlewares/ST/STM32_USB_Device_Library/Core/Src/usbd_core.c **** }
 718              		.loc 1 469 0
 719 000e 0020     		movs	r0, #0
 720              	.LVL73:
 721 0010 7047     		bx	lr
 722              		.cfi_endproc
 723              	.LFE76:
 725 0012 00BF     		.section	.text.USBD_LL_Resume,"ax",%progbits
 726              		.align	2
 727              		.global	USBD_LL_Resume
 728              		.thumb
 729              		.thumb_func
 731              	USBD_LL_Resume:
 732              	.LFB77:
 470:Middlewares/ST/STM32_USB_Device_Library/Core/Src/usbd_core.c **** 
 471:Middlewares/ST/STM32_USB_Device_Library/Core/Src/usbd_core.c **** /**
 472:Middlewares/ST/STM32_USB_Device_Library/Core/Src/usbd_core.c **** * @brief  USBD_Resume 
 473:Middlewares/ST/STM32_USB_Device_Library/Core/Src/usbd_core.c **** *         Handle Resume event
 474:Middlewares/ST/STM32_USB_Device_Library/Core/Src/usbd_core.c **** * @param  pdev: device instance
 475:Middlewares/ST/STM32_USB_Device_Library/Core/Src/usbd_core.c **** * @retval status
 476:Middlewares/ST/STM32_USB_Device_Library/Core/Src/usbd_core.c **** */
 477:Middlewares/ST/STM32_USB_Device_Library/Core/Src/usbd_core.c **** 
 478:Middlewares/ST/STM32_USB_Device_Library/Core/Src/usbd_core.c **** USBD_StatusTypeDef USBD_LL_Resume(USBD_HandleTypeDef  *pdev)
 479:Middlewares/ST/STM32_USB_Device_Library/Core/Src/usbd_core.c **** {
 733              		.loc 1 479 0
 734              		.cfi_startproc
 735              		@ args = 0, pretend = 0, frame = 0
 736              		@ frame_needed = 0, uses_anonymous_args = 0
 737              		@ link register save eliminated.
 738              	.LVL74:
ARM GAS  /tmp/ccIPkDb7.s 			page 22


 480:Middlewares/ST/STM32_USB_Device_Library/Core/Src/usbd_core.c ****   pdev->dev_state = pdev->dev_old_state;  
 739              		.loc 1 480 0
 740 0000 90F8FD31 		ldrb	r3, [r0, #509]	@ zero_extendqisi2
 741 0004 80F8FC31 		strb	r3, [r0, #508]
 481:Middlewares/ST/STM32_USB_Device_Library/Core/Src/usbd_core.c ****   return USBD_OK;
 482:Middlewares/ST/STM32_USB_Device_Library/Core/Src/usbd_core.c **** }
 742              		.loc 1 482 0
 743 0008 0020     		movs	r0, #0
 744              	.LVL75:
 745 000a 7047     		bx	lr
 746              		.cfi_endproc
 747              	.LFE77:
 749              		.section	.text.USBD_LL_SOF,"ax",%progbits
 750              		.align	2
 751              		.global	USBD_LL_SOF
 752              		.thumb
 753              		.thumb_func
 755              	USBD_LL_SOF:
 756              	.LFB78:
 483:Middlewares/ST/STM32_USB_Device_Library/Core/Src/usbd_core.c **** 
 484:Middlewares/ST/STM32_USB_Device_Library/Core/Src/usbd_core.c **** /**
 485:Middlewares/ST/STM32_USB_Device_Library/Core/Src/usbd_core.c **** * @brief  USBD_SOF 
 486:Middlewares/ST/STM32_USB_Device_Library/Core/Src/usbd_core.c **** *         Handle SOF event
 487:Middlewares/ST/STM32_USB_Device_Library/Core/Src/usbd_core.c **** * @param  pdev: device instance
 488:Middlewares/ST/STM32_USB_Device_Library/Core/Src/usbd_core.c **** * @retval status
 489:Middlewares/ST/STM32_USB_Device_Library/Core/Src/usbd_core.c **** */
 490:Middlewares/ST/STM32_USB_Device_Library/Core/Src/usbd_core.c **** 
 491:Middlewares/ST/STM32_USB_Device_Library/Core/Src/usbd_core.c **** USBD_StatusTypeDef USBD_LL_SOF(USBD_HandleTypeDef  *pdev)
 492:Middlewares/ST/STM32_USB_Device_Library/Core/Src/usbd_core.c **** {
 757              		.loc 1 492 0
 758              		.cfi_startproc
 759              		@ args = 0, pretend = 0, frame = 0
 760              		@ frame_needed = 0, uses_anonymous_args = 0
 761              	.LVL76:
 762 0000 08B5     		push	{r3, lr}
 763              	.LCFI11:
 764              		.cfi_def_cfa_offset 8
 765              		.cfi_offset 3, -8
 766              		.cfi_offset 14, -4
 493:Middlewares/ST/STM32_USB_Device_Library/Core/Src/usbd_core.c ****   if(pdev->dev_state == USBD_STATE_CONFIGURED)
 767              		.loc 1 493 0
 768 0002 90F8FC31 		ldrb	r3, [r0, #508]	@ zero_extendqisi2
 769 0006 032B     		cmp	r3, #3
 770 0008 04D1     		bne	.L54
 494:Middlewares/ST/STM32_USB_Device_Library/Core/Src/usbd_core.c ****   {
 495:Middlewares/ST/STM32_USB_Device_Library/Core/Src/usbd_core.c ****     if(pdev->pClass->SOF != NULL)
 771              		.loc 1 495 0
 772 000a D0F81432 		ldr	r3, [r0, #532]
 773 000e DB69     		ldr	r3, [r3, #28]
 774 0010 03B1     		cbz	r3, .L54
 496:Middlewares/ST/STM32_USB_Device_Library/Core/Src/usbd_core.c ****     {
 497:Middlewares/ST/STM32_USB_Device_Library/Core/Src/usbd_core.c ****       pdev->pClass->SOF(pdev);
 775              		.loc 1 497 0
 776 0012 9847     		blx	r3
 777              	.LVL77:
 778              	.L54:
 498:Middlewares/ST/STM32_USB_Device_Library/Core/Src/usbd_core.c ****     }
ARM GAS  /tmp/ccIPkDb7.s 			page 23


 499:Middlewares/ST/STM32_USB_Device_Library/Core/Src/usbd_core.c ****   }
 500:Middlewares/ST/STM32_USB_Device_Library/Core/Src/usbd_core.c ****   return USBD_OK;
 501:Middlewares/ST/STM32_USB_Device_Library/Core/Src/usbd_core.c **** }
 779              		.loc 1 501 0
 780 0014 0020     		movs	r0, #0
 781 0016 08BD     		pop	{r3, pc}
 782              		.cfi_endproc
 783              	.LFE78:
 785              		.section	.text.USBD_LL_IsoINIncomplete,"ax",%progbits
 786              		.align	2
 787              		.global	USBD_LL_IsoINIncomplete
 788              		.thumb
 789              		.thumb_func
 791              	USBD_LL_IsoINIncomplete:
 792              	.LFB79:
 502:Middlewares/ST/STM32_USB_Device_Library/Core/Src/usbd_core.c **** 
 503:Middlewares/ST/STM32_USB_Device_Library/Core/Src/usbd_core.c **** /**
 504:Middlewares/ST/STM32_USB_Device_Library/Core/Src/usbd_core.c **** * @brief  USBD_IsoINIncomplete 
 505:Middlewares/ST/STM32_USB_Device_Library/Core/Src/usbd_core.c **** *         Handle iso in incomplete event
 506:Middlewares/ST/STM32_USB_Device_Library/Core/Src/usbd_core.c **** * @param  pdev: device instance
 507:Middlewares/ST/STM32_USB_Device_Library/Core/Src/usbd_core.c **** * @retval status
 508:Middlewares/ST/STM32_USB_Device_Library/Core/Src/usbd_core.c **** */
 509:Middlewares/ST/STM32_USB_Device_Library/Core/Src/usbd_core.c **** USBD_StatusTypeDef USBD_LL_IsoINIncomplete(USBD_HandleTypeDef  *pdev, uint8_t epnum)
 510:Middlewares/ST/STM32_USB_Device_Library/Core/Src/usbd_core.c **** {
 793              		.loc 1 510 0
 794              		.cfi_startproc
 795              		@ args = 0, pretend = 0, frame = 0
 796              		@ frame_needed = 0, uses_anonymous_args = 0
 797              		@ link register save eliminated.
 798              	.LVL78:
 511:Middlewares/ST/STM32_USB_Device_Library/Core/Src/usbd_core.c ****   return USBD_OK;
 512:Middlewares/ST/STM32_USB_Device_Library/Core/Src/usbd_core.c **** }
 799              		.loc 1 512 0
 800 0000 0020     		movs	r0, #0
 801              	.LVL79:
 802 0002 7047     		bx	lr
 803              		.cfi_endproc
 804              	.LFE79:
 806              		.section	.text.USBD_LL_IsoOUTIncomplete,"ax",%progbits
 807              		.align	2
 808              		.global	USBD_LL_IsoOUTIncomplete
 809              		.thumb
 810              		.thumb_func
 812              	USBD_LL_IsoOUTIncomplete:
 813              	.LFB80:
 513:Middlewares/ST/STM32_USB_Device_Library/Core/Src/usbd_core.c **** 
 514:Middlewares/ST/STM32_USB_Device_Library/Core/Src/usbd_core.c **** /**
 515:Middlewares/ST/STM32_USB_Device_Library/Core/Src/usbd_core.c **** * @brief  USBD_IsoOUTIncomplete 
 516:Middlewares/ST/STM32_USB_Device_Library/Core/Src/usbd_core.c **** *         Handle iso out incomplete event
 517:Middlewares/ST/STM32_USB_Device_Library/Core/Src/usbd_core.c **** * @param  pdev: device instance
 518:Middlewares/ST/STM32_USB_Device_Library/Core/Src/usbd_core.c **** * @retval status
 519:Middlewares/ST/STM32_USB_Device_Library/Core/Src/usbd_core.c **** */
 520:Middlewares/ST/STM32_USB_Device_Library/Core/Src/usbd_core.c **** USBD_StatusTypeDef USBD_LL_IsoOUTIncomplete(USBD_HandleTypeDef  *pdev, uint8_t epnum)
 521:Middlewares/ST/STM32_USB_Device_Library/Core/Src/usbd_core.c **** {
 814              		.loc 1 521 0
 815              		.cfi_startproc
 816              		@ args = 0, pretend = 0, frame = 0
ARM GAS  /tmp/ccIPkDb7.s 			page 24


 817              		@ frame_needed = 0, uses_anonymous_args = 0
 818              		@ link register save eliminated.
 819              	.LVL80:
 522:Middlewares/ST/STM32_USB_Device_Library/Core/Src/usbd_core.c ****   return USBD_OK;
 523:Middlewares/ST/STM32_USB_Device_Library/Core/Src/usbd_core.c **** }
 820              		.loc 1 523 0
 821 0000 0020     		movs	r0, #0
 822              	.LVL81:
 823 0002 7047     		bx	lr
 824              		.cfi_endproc
 825              	.LFE80:
 827              		.section	.text.USBD_LL_DevConnected,"ax",%progbits
 828              		.align	2
 829              		.global	USBD_LL_DevConnected
 830              		.thumb
 831              		.thumb_func
 833              	USBD_LL_DevConnected:
 834              	.LFB81:
 524:Middlewares/ST/STM32_USB_Device_Library/Core/Src/usbd_core.c **** 
 525:Middlewares/ST/STM32_USB_Device_Library/Core/Src/usbd_core.c **** /**
 526:Middlewares/ST/STM32_USB_Device_Library/Core/Src/usbd_core.c **** * @brief  USBD_DevConnected 
 527:Middlewares/ST/STM32_USB_Device_Library/Core/Src/usbd_core.c **** *         Handle device connection event
 528:Middlewares/ST/STM32_USB_Device_Library/Core/Src/usbd_core.c **** * @param  pdev: device instance
 529:Middlewares/ST/STM32_USB_Device_Library/Core/Src/usbd_core.c **** * @retval status
 530:Middlewares/ST/STM32_USB_Device_Library/Core/Src/usbd_core.c **** */
 531:Middlewares/ST/STM32_USB_Device_Library/Core/Src/usbd_core.c **** USBD_StatusTypeDef USBD_LL_DevConnected(USBD_HandleTypeDef  *pdev)
 532:Middlewares/ST/STM32_USB_Device_Library/Core/Src/usbd_core.c **** {
 835              		.loc 1 532 0
 836              		.cfi_startproc
 837              		@ args = 0, pretend = 0, frame = 0
 838              		@ frame_needed = 0, uses_anonymous_args = 0
 839              		@ link register save eliminated.
 840              	.LVL82:
 533:Middlewares/ST/STM32_USB_Device_Library/Core/Src/usbd_core.c ****   return USBD_OK;
 534:Middlewares/ST/STM32_USB_Device_Library/Core/Src/usbd_core.c **** }
 841              		.loc 1 534 0
 842 0000 0020     		movs	r0, #0
 843              	.LVL83:
 844 0002 7047     		bx	lr
 845              		.cfi_endproc
 846              	.LFE81:
 848              		.section	.text.USBD_LL_DevDisconnected,"ax",%progbits
 849              		.align	2
 850              		.global	USBD_LL_DevDisconnected
 851              		.thumb
 852              		.thumb_func
 854              	USBD_LL_DevDisconnected:
 855              	.LFB82:
 535:Middlewares/ST/STM32_USB_Device_Library/Core/Src/usbd_core.c **** 
 536:Middlewares/ST/STM32_USB_Device_Library/Core/Src/usbd_core.c **** /**
 537:Middlewares/ST/STM32_USB_Device_Library/Core/Src/usbd_core.c **** * @brief  USBD_DevDisconnected 
 538:Middlewares/ST/STM32_USB_Device_Library/Core/Src/usbd_core.c **** *         Handle device disconnection event
 539:Middlewares/ST/STM32_USB_Device_Library/Core/Src/usbd_core.c **** * @param  pdev: device instance
 540:Middlewares/ST/STM32_USB_Device_Library/Core/Src/usbd_core.c **** * @retval status
 541:Middlewares/ST/STM32_USB_Device_Library/Core/Src/usbd_core.c **** */
 542:Middlewares/ST/STM32_USB_Device_Library/Core/Src/usbd_core.c **** USBD_StatusTypeDef USBD_LL_DevDisconnected(USBD_HandleTypeDef  *pdev)
 543:Middlewares/ST/STM32_USB_Device_Library/Core/Src/usbd_core.c **** {
ARM GAS  /tmp/ccIPkDb7.s 			page 25


 856              		.loc 1 543 0
 857              		.cfi_startproc
 858              		@ args = 0, pretend = 0, frame = 0
 859              		@ frame_needed = 0, uses_anonymous_args = 0
 860              	.LVL84:
 861 0000 08B5     		push	{r3, lr}
 862              	.LCFI12:
 863              		.cfi_def_cfa_offset 8
 864              		.cfi_offset 3, -8
 865              		.cfi_offset 14, -4
 544:Middlewares/ST/STM32_USB_Device_Library/Core/Src/usbd_core.c ****   /* Free Class Resources */
 545:Middlewares/ST/STM32_USB_Device_Library/Core/Src/usbd_core.c ****   pdev->dev_state = USBD_STATE_DEFAULT;
 866              		.loc 1 545 0
 867 0002 0122     		movs	r2, #1
 868 0004 80F8FC21 		strb	r2, [r0, #508]
 546:Middlewares/ST/STM32_USB_Device_Library/Core/Src/usbd_core.c ****   pdev->pClass->DeInit(pdev, pdev->dev_config);  
 869              		.loc 1 546 0
 870 0008 D0F81422 		ldr	r2, [r0, #532]
 871 000c 5268     		ldr	r2, [r2, #4]
 872 000e 0179     		ldrb	r1, [r0, #4]	@ zero_extendqisi2
 873 0010 9047     		blx	r2
 874              	.LVL85:
 547:Middlewares/ST/STM32_USB_Device_Library/Core/Src/usbd_core.c ****    
 548:Middlewares/ST/STM32_USB_Device_Library/Core/Src/usbd_core.c ****   return USBD_OK;
 549:Middlewares/ST/STM32_USB_Device_Library/Core/Src/usbd_core.c **** }
 875              		.loc 1 549 0
 876 0012 0020     		movs	r0, #0
 877 0014 08BD     		pop	{r3, pc}
 878              		.cfi_endproc
 879              	.LFE82:
 881 0016 00BF     		.text
 882              	.Letext0:
 883              		.file 2 "/usr/include/newlib/machine/_default_types.h"
 884              		.file 3 "/usr/include/newlib/sys/_stdint.h"
 885              		.file 4 "Middlewares/ST/STM32_USB_Device_Library/Core/Inc/usbd_def.h"
 886              		.file 5 "Middlewares/ST/STM32_USB_Device_Library/Core/Inc/usbd_core.h"
 887              		.file 6 "Middlewares/ST/STM32_USB_Device_Library/Core/Inc/usbd_ctlreq.h"
 888              		.file 7 "Middlewares/ST/STM32_USB_Device_Library/Core/Inc/usbd_ioreq.h"
 889              		.file 8 "Drivers/CMSIS/Include/core_cm3.h"
ARM GAS  /tmp/ccIPkDb7.s 			page 26


DEFINED SYMBOLS
                            *ABS*:0000000000000000 usbd_core.c
     /tmp/ccIPkDb7.s:19     .text.USBD_Init:0000000000000000 $t
     /tmp/ccIPkDb7.s:24     .text.USBD_Init:0000000000000000 USBD_Init
     /tmp/ccIPkDb7.s:81     .text.USBD_DeInit:0000000000000000 $t
     /tmp/ccIPkDb7.s:86     .text.USBD_DeInit:0000000000000000 USBD_DeInit
     /tmp/ccIPkDb7.s:123    .text.USBD_RegisterClass:0000000000000000 $t
     /tmp/ccIPkDb7.s:128    .text.USBD_RegisterClass:0000000000000000 USBD_RegisterClass
     /tmp/ccIPkDb7.s:155    .text.USBD_Start:0000000000000000 $t
     /tmp/ccIPkDb7.s:160    .text.USBD_Start:0000000000000000 USBD_Start
     /tmp/ccIPkDb7.s:182    .text.USBD_Stop:0000000000000000 $t
     /tmp/ccIPkDb7.s:187    .text.USBD_Stop:0000000000000000 USBD_Stop
     /tmp/ccIPkDb7.s:217    .text.USBD_RunTestMode:0000000000000000 $t
     /tmp/ccIPkDb7.s:222    .text.USBD_RunTestMode:0000000000000000 USBD_RunTestMode
     /tmp/ccIPkDb7.s:238    .text.USBD_SetClassConfig:0000000000000000 $t
     /tmp/ccIPkDb7.s:243    .text.USBD_SetClassConfig:0000000000000000 USBD_SetClassConfig
     /tmp/ccIPkDb7.s:283    .text.USBD_ClrClassConfig:0000000000000000 $t
     /tmp/ccIPkDb7.s:288    .text.USBD_ClrClassConfig:0000000000000000 USBD_ClrClassConfig
     /tmp/ccIPkDb7.s:312    .text.USBD_LL_SetupStage:0000000000000000 $t
     /tmp/ccIPkDb7.s:317    .text.USBD_LL_SetupStage:0000000000000000 USBD_LL_SetupStage
     /tmp/ccIPkDb7.s:391    .text.USBD_LL_DataOutStage:0000000000000000 $t
     /tmp/ccIPkDb7.s:396    .text.USBD_LL_DataOutStage:0000000000000000 USBD_LL_DataOutStage
     /tmp/ccIPkDb7.s:482    .text.USBD_LL_DataInStage:0000000000000000 $t
     /tmp/ccIPkDb7.s:487    .text.USBD_LL_DataInStage:0000000000000000 USBD_LL_DataInStage
     /tmp/ccIPkDb7.s:617    .text.USBD_LL_Reset:0000000000000000 $t
     /tmp/ccIPkDb7.s:622    .text.USBD_LL_Reset:0000000000000000 USBD_LL_Reset
     /tmp/ccIPkDb7.s:676    .text.USBD_LL_SetSpeed:0000000000000000 $t
     /tmp/ccIPkDb7.s:681    .text.USBD_LL_SetSpeed:0000000000000000 USBD_LL_SetSpeed
     /tmp/ccIPkDb7.s:699    .text.USBD_LL_Suspend:0000000000000000 $t
     /tmp/ccIPkDb7.s:704    .text.USBD_LL_Suspend:0000000000000000 USBD_LL_Suspend
     /tmp/ccIPkDb7.s:726    .text.USBD_LL_Resume:0000000000000000 $t
     /tmp/ccIPkDb7.s:731    .text.USBD_LL_Resume:0000000000000000 USBD_LL_Resume
     /tmp/ccIPkDb7.s:750    .text.USBD_LL_SOF:0000000000000000 $t
     /tmp/ccIPkDb7.s:755    .text.USBD_LL_SOF:0000000000000000 USBD_LL_SOF
     /tmp/ccIPkDb7.s:786    .text.USBD_LL_IsoINIncomplete:0000000000000000 $t
     /tmp/ccIPkDb7.s:791    .text.USBD_LL_IsoINIncomplete:0000000000000000 USBD_LL_IsoINIncomplete
     /tmp/ccIPkDb7.s:807    .text.USBD_LL_IsoOUTIncomplete:0000000000000000 $t
     /tmp/ccIPkDb7.s:812    .text.USBD_LL_IsoOUTIncomplete:0000000000000000 USBD_LL_IsoOUTIncomplete
     /tmp/ccIPkDb7.s:828    .text.USBD_LL_DevConnected:0000000000000000 $t
     /tmp/ccIPkDb7.s:833    .text.USBD_LL_DevConnected:0000000000000000 USBD_LL_DevConnected
     /tmp/ccIPkDb7.s:849    .text.USBD_LL_DevDisconnected:0000000000000000 $t
     /tmp/ccIPkDb7.s:854    .text.USBD_LL_DevDisconnected:0000000000000000 USBD_LL_DevDisconnected
                     .debug_frame:0000000000000010 $d

UNDEFINED SYMBOLS
USBD_LL_Init
USBD_LL_Stop
USBD_LL_DeInit
USBD_LL_Start
USBD_ParseSetupRequest
USBD_StdDevReq
USBD_StdItfReq
USBD_StdEPReq
USBD_LL_StallEP
USBD_CtlContinueRx
USBD_CtlSendStatus
USBD_CtlContinueSendData
ARM GAS  /tmp/ccIPkDb7.s 			page 27


USBD_LL_PrepareReceive
USBD_CtlReceiveStatus
USBD_LL_OpenEP
