ARM GAS  /tmp/cc2MIbMc.s 			page 1


   1              		.syntax unified
   2              		.cpu cortex-m3
   3              		.fpu softvfp
   4              		.eabi_attribute 20, 1
   5              		.eabi_attribute 21, 1
   6              		.eabi_attribute 23, 3
   7              		.eabi_attribute 24, 1
   8              		.eabi_attribute 25, 1
   9              		.eabi_attribute 26, 1
  10              		.eabi_attribute 30, 1
  11              		.eabi_attribute 34, 1
  12              		.eabi_attribute 18, 4
  13              		.thumb
  14              		.file	"usbd_cdc_if.c"
  15              		.text
  16              	.Ltext0:
  17              		.cfi_sections	.debug_frame
  18              		.section	.text.CDC_DeInit_FS,"ax",%progbits
  19              		.align	2
  20              		.thumb
  21              		.thumb_func
  23              	CDC_DeInit_FS:
  24              	.LFB64:
  25              		.file 1 "Src/usbd_cdc_if.c"
   1:Src/usbd_cdc_if.c **** /**
   2:Src/usbd_cdc_if.c ****   ******************************************************************************
   3:Src/usbd_cdc_if.c ****   * @file           : usbd_cdc_if.c
   4:Src/usbd_cdc_if.c ****   * @version        : v2.0_Cube
   5:Src/usbd_cdc_if.c ****   * @brief          : Usb device for Virtual Com Port.
   6:Src/usbd_cdc_if.c ****   ******************************************************************************
   7:Src/usbd_cdc_if.c ****   * This notice applies to any and all portions of this file
   8:Src/usbd_cdc_if.c ****   * that are not between comment pairs USER CODE BEGIN and
   9:Src/usbd_cdc_if.c ****   * USER CODE END. Other portions of this file, whether 
  10:Src/usbd_cdc_if.c ****   * inserted by the user or by software development tools
  11:Src/usbd_cdc_if.c ****   * are owned by their respective copyright owners.
  12:Src/usbd_cdc_if.c ****   *
  13:Src/usbd_cdc_if.c ****   * Copyright (c) 2018 STMicroelectronics International N.V. 
  14:Src/usbd_cdc_if.c ****   * All rights reserved.
  15:Src/usbd_cdc_if.c ****   *
  16:Src/usbd_cdc_if.c ****   * Redistribution and use in source and binary forms, with or without 
  17:Src/usbd_cdc_if.c ****   * modification, are permitted, provided that the following conditions are met:
  18:Src/usbd_cdc_if.c ****   *
  19:Src/usbd_cdc_if.c ****   * 1. Redistribution of source code must retain the above copyright notice, 
  20:Src/usbd_cdc_if.c ****   *    this list of conditions and the following disclaimer.
  21:Src/usbd_cdc_if.c ****   * 2. Redistributions in binary form must reproduce the above copyright notice,
  22:Src/usbd_cdc_if.c ****   *    this list of conditions and the following disclaimer in the documentation
  23:Src/usbd_cdc_if.c ****   *    and/or other materials provided with the distribution.
  24:Src/usbd_cdc_if.c ****   * 3. Neither the name of STMicroelectronics nor the names of other 
  25:Src/usbd_cdc_if.c ****   *    contributors to this software may be used to endorse or promote products 
  26:Src/usbd_cdc_if.c ****   *    derived from this software without specific written permission.
  27:Src/usbd_cdc_if.c ****   * 4. This software, including modifications and/or derivative works of this 
  28:Src/usbd_cdc_if.c ****   *    software, must execute solely and exclusively on microcontroller or
  29:Src/usbd_cdc_if.c ****   *    microprocessor devices manufactured by or for STMicroelectronics.
  30:Src/usbd_cdc_if.c ****   * 5. Redistribution and use of this software other than as permitted under 
  31:Src/usbd_cdc_if.c ****   *    this license is void and will automatically terminate your rights under 
  32:Src/usbd_cdc_if.c ****   *    this license. 
  33:Src/usbd_cdc_if.c ****   *
ARM GAS  /tmp/cc2MIbMc.s 			page 2


  34:Src/usbd_cdc_if.c ****   * THIS SOFTWARE IS PROVIDED BY STMICROELECTRONICS AND CONTRIBUTORS "AS IS" 
  35:Src/usbd_cdc_if.c ****   * AND ANY EXPRESS, IMPLIED OR STATUTORY WARRANTIES, INCLUDING, BUT NOT 
  36:Src/usbd_cdc_if.c ****   * LIMITED TO, THE IMPLIED WARRANTIES OF MERCHANTABILITY, FITNESS FOR A 
  37:Src/usbd_cdc_if.c ****   * PARTICULAR PURPOSE AND NON-INFRINGEMENT OF THIRD PARTY INTELLECTUAL PROPERTY
  38:Src/usbd_cdc_if.c ****   * RIGHTS ARE DISCLAIMED TO THE FULLEST EXTENT PERMITTED BY LAW. IN NO EVENT 
  39:Src/usbd_cdc_if.c ****   * SHALL STMICROELECTRONICS OR CONTRIBUTORS BE LIABLE FOR ANY DIRECT, INDIRECT,
  40:Src/usbd_cdc_if.c ****   * INCIDENTAL, SPECIAL, EXEMPLARY, OR CONSEQUENTIAL DAMAGES (INCLUDING, BUT NOT
  41:Src/usbd_cdc_if.c ****   * LIMITED TO, PROCUREMENT OF SUBSTITUTE GOODS OR SERVICES; LOSS OF USE, DATA, 
  42:Src/usbd_cdc_if.c ****   * OR PROFITS; OR BUSINESS INTERRUPTION) HOWEVER CAUSED AND ON ANY THEORY OF 
  43:Src/usbd_cdc_if.c ****   * LIABILITY, WHETHER IN CONTRACT, STRICT LIABILITY, OR TORT (INCLUDING 
  44:Src/usbd_cdc_if.c ****   * NEGLIGENCE OR OTHERWISE) ARISING IN ANY WAY OUT OF THE USE OF THIS SOFTWARE,
  45:Src/usbd_cdc_if.c ****   * EVEN IF ADVISED OF THE POSSIBILITY OF SUCH DAMAGE.
  46:Src/usbd_cdc_if.c ****   *
  47:Src/usbd_cdc_if.c ****   ******************************************************************************
  48:Src/usbd_cdc_if.c ****   */
  49:Src/usbd_cdc_if.c **** 
  50:Src/usbd_cdc_if.c **** /* Includes ------------------------------------------------------------------*/
  51:Src/usbd_cdc_if.c **** #include "usbd_cdc_if.h"
  52:Src/usbd_cdc_if.c **** #include "cli.h"
  53:Src/usbd_cdc_if.c **** /* USER CODE BEGIN INCLUDE */
  54:Src/usbd_cdc_if.c **** 
  55:Src/usbd_cdc_if.c **** /* USER CODE END INCLUDE */
  56:Src/usbd_cdc_if.c **** 
  57:Src/usbd_cdc_if.c **** /* Private typedef -----------------------------------------------------------*/
  58:Src/usbd_cdc_if.c **** /* Private define ------------------------------------------------------------*/
  59:Src/usbd_cdc_if.c **** /* Private macro -------------------------------------------------------------*/
  60:Src/usbd_cdc_if.c **** 
  61:Src/usbd_cdc_if.c **** /* USER CODE BEGIN PV */
  62:Src/usbd_cdc_if.c **** /* Private variables ---------------------------------------------------------*/
  63:Src/usbd_cdc_if.c **** 
  64:Src/usbd_cdc_if.c **** /* USER CODE END PV */
  65:Src/usbd_cdc_if.c **** 
  66:Src/usbd_cdc_if.c **** /** @addtogroup STM32_USB_OTG_DEVICE_LIBRARY
  67:Src/usbd_cdc_if.c ****   * @brief Usb device library.
  68:Src/usbd_cdc_if.c ****   * @{
  69:Src/usbd_cdc_if.c ****   */
  70:Src/usbd_cdc_if.c **** 
  71:Src/usbd_cdc_if.c **** /** @addtogroup USBD_CDC_IF
  72:Src/usbd_cdc_if.c ****   * @{
  73:Src/usbd_cdc_if.c ****   */
  74:Src/usbd_cdc_if.c **** 
  75:Src/usbd_cdc_if.c **** /** @defgroup USBD_CDC_IF_Private_TypesDefinitions USBD_CDC_IF_Private_TypesDefinitions
  76:Src/usbd_cdc_if.c ****   * @brief Private types.
  77:Src/usbd_cdc_if.c ****   * @{
  78:Src/usbd_cdc_if.c ****   */
  79:Src/usbd_cdc_if.c **** 
  80:Src/usbd_cdc_if.c **** /* USER CODE BEGIN PRIVATE_TYPES */
  81:Src/usbd_cdc_if.c **** 
  82:Src/usbd_cdc_if.c **** /* USER CODE END PRIVATE_TYPES */
  83:Src/usbd_cdc_if.c **** 
  84:Src/usbd_cdc_if.c **** /**
  85:Src/usbd_cdc_if.c ****   * @}
  86:Src/usbd_cdc_if.c ****   */
  87:Src/usbd_cdc_if.c **** 
  88:Src/usbd_cdc_if.c **** /** @defgroup USBD_CDC_IF_Private_Defines USBD_CDC_IF_Private_Defines
  89:Src/usbd_cdc_if.c ****   * @brief Private defines.
  90:Src/usbd_cdc_if.c ****   * @{
ARM GAS  /tmp/cc2MIbMc.s 			page 3


  91:Src/usbd_cdc_if.c ****   */
  92:Src/usbd_cdc_if.c **** 
  93:Src/usbd_cdc_if.c **** /* USER CODE BEGIN PRIVATE_DEFINES */
  94:Src/usbd_cdc_if.c **** /* Define size for the receive and transmit buffer over CDC */
  95:Src/usbd_cdc_if.c **** /* It's up to user to redefine and/or remove those define */
  96:Src/usbd_cdc_if.c **** #define APP_RX_DATA_SIZE  1000
  97:Src/usbd_cdc_if.c **** #define APP_TX_DATA_SIZE  1000
  98:Src/usbd_cdc_if.c **** /* USER CODE END PRIVATE_DEFINES */
  99:Src/usbd_cdc_if.c **** 
 100:Src/usbd_cdc_if.c **** /**
 101:Src/usbd_cdc_if.c ****   * @}
 102:Src/usbd_cdc_if.c ****   */
 103:Src/usbd_cdc_if.c **** 
 104:Src/usbd_cdc_if.c **** /** @defgroup USBD_CDC_IF_Private_Macros USBD_CDC_IF_Private_Macros
 105:Src/usbd_cdc_if.c ****   * @brief Private macros.
 106:Src/usbd_cdc_if.c ****   * @{
 107:Src/usbd_cdc_if.c ****   */
 108:Src/usbd_cdc_if.c **** 
 109:Src/usbd_cdc_if.c **** /* USER CODE BEGIN PRIVATE_MACRO */
 110:Src/usbd_cdc_if.c **** 
 111:Src/usbd_cdc_if.c **** /* USER CODE END PRIVATE_MACRO */
 112:Src/usbd_cdc_if.c **** 
 113:Src/usbd_cdc_if.c **** /**
 114:Src/usbd_cdc_if.c ****   * @}
 115:Src/usbd_cdc_if.c ****   */
 116:Src/usbd_cdc_if.c **** 
 117:Src/usbd_cdc_if.c **** /** @defgroup USBD_CDC_IF_Private_Variables USBD_CDC_IF_Private_Variables
 118:Src/usbd_cdc_if.c ****   * @brief Private variables.
 119:Src/usbd_cdc_if.c ****   * @{
 120:Src/usbd_cdc_if.c ****   */
 121:Src/usbd_cdc_if.c **** /* Create buffer for reception and transmission           */
 122:Src/usbd_cdc_if.c **** /* It's up to user to redefine and/or remove those define */
 123:Src/usbd_cdc_if.c **** /** Received data over USB are stored in this buffer      */
 124:Src/usbd_cdc_if.c **** uint8_t UserRxBufferFS[APP_RX_DATA_SIZE];
 125:Src/usbd_cdc_if.c **** 
 126:Src/usbd_cdc_if.c **** /** Data to send over USB CDC are stored in this buffer   */
 127:Src/usbd_cdc_if.c **** uint8_t UserTxBufferFS[APP_TX_DATA_SIZE];
 128:Src/usbd_cdc_if.c **** 
 129:Src/usbd_cdc_if.c **** /* USER CODE BEGIN PRIVATE_VARIABLES */
 130:Src/usbd_cdc_if.c **** 
 131:Src/usbd_cdc_if.c **** /* USER CODE END PRIVATE_VARIABLES */
 132:Src/usbd_cdc_if.c **** 
 133:Src/usbd_cdc_if.c **** /**
 134:Src/usbd_cdc_if.c ****   * @}
 135:Src/usbd_cdc_if.c ****   */
 136:Src/usbd_cdc_if.c **** 
 137:Src/usbd_cdc_if.c **** /** @defgroup USBD_CDC_IF_Exported_Variables USBD_CDC_IF_Exported_Variables
 138:Src/usbd_cdc_if.c ****   * @brief Public variables.
 139:Src/usbd_cdc_if.c ****   * @{
 140:Src/usbd_cdc_if.c ****   */
 141:Src/usbd_cdc_if.c **** 
 142:Src/usbd_cdc_if.c **** extern USBD_HandleTypeDef hUsbDeviceFS;
 143:Src/usbd_cdc_if.c **** 
 144:Src/usbd_cdc_if.c **** /* USER CODE BEGIN EXPORTED_VARIABLES */
 145:Src/usbd_cdc_if.c **** 
 146:Src/usbd_cdc_if.c **** /* USER CODE END EXPORTED_VARIABLES */
 147:Src/usbd_cdc_if.c **** 
ARM GAS  /tmp/cc2MIbMc.s 			page 4


 148:Src/usbd_cdc_if.c **** /**
 149:Src/usbd_cdc_if.c ****   * @}
 150:Src/usbd_cdc_if.c ****   */
 151:Src/usbd_cdc_if.c **** 
 152:Src/usbd_cdc_if.c **** /** @defgroup USBD_CDC_IF_Private_FunctionPrototypes USBD_CDC_IF_Private_FunctionPrototypes
 153:Src/usbd_cdc_if.c ****   * @brief Private functions declaration.
 154:Src/usbd_cdc_if.c ****   * @{
 155:Src/usbd_cdc_if.c ****   */
 156:Src/usbd_cdc_if.c **** 
 157:Src/usbd_cdc_if.c **** static int8_t CDC_Init_FS(void);
 158:Src/usbd_cdc_if.c **** static int8_t CDC_DeInit_FS(void);
 159:Src/usbd_cdc_if.c **** static int8_t CDC_Control_FS(uint8_t cmd, uint8_t* pbuf, uint16_t length);
 160:Src/usbd_cdc_if.c **** static int8_t CDC_Receive_FS(uint8_t* pbuf, uint32_t *Len);
 161:Src/usbd_cdc_if.c **** 
 162:Src/usbd_cdc_if.c **** /* USER CODE BEGIN PRIVATE_FUNCTIONS_DECLARATION */
 163:Src/usbd_cdc_if.c **** 
 164:Src/usbd_cdc_if.c **** /* USER CODE END PRIVATE_FUNCTIONS_DECLARATION */
 165:Src/usbd_cdc_if.c **** 
 166:Src/usbd_cdc_if.c **** /**
 167:Src/usbd_cdc_if.c ****   * @}
 168:Src/usbd_cdc_if.c ****   */
 169:Src/usbd_cdc_if.c **** 
 170:Src/usbd_cdc_if.c **** USBD_CDC_ItfTypeDef USBD_Interface_fops_FS =
 171:Src/usbd_cdc_if.c **** {
 172:Src/usbd_cdc_if.c ****   CDC_Init_FS,
 173:Src/usbd_cdc_if.c ****   CDC_DeInit_FS,
 174:Src/usbd_cdc_if.c ****   CDC_Control_FS,
 175:Src/usbd_cdc_if.c ****   CDC_Receive_FS
 176:Src/usbd_cdc_if.c **** };
 177:Src/usbd_cdc_if.c **** 
 178:Src/usbd_cdc_if.c **** /* Private functions ---------------------------------------------------------*/
 179:Src/usbd_cdc_if.c **** /**
 180:Src/usbd_cdc_if.c ****   * @brief  Initializes the CDC media low layer over the FS USB IP
 181:Src/usbd_cdc_if.c ****   * @retval USBD_OK if all operations are OK else USBD_FAIL
 182:Src/usbd_cdc_if.c ****   */
 183:Src/usbd_cdc_if.c **** static int8_t CDC_Init_FS(void)
 184:Src/usbd_cdc_if.c **** {
 185:Src/usbd_cdc_if.c ****   /* USER CODE BEGIN 3 */
 186:Src/usbd_cdc_if.c ****   /* Set Application Buffers */
 187:Src/usbd_cdc_if.c ****   USBD_CDC_SetTxBuffer(&hUsbDeviceFS, UserTxBufferFS, 0);
 188:Src/usbd_cdc_if.c ****   USBD_CDC_SetRxBuffer(&hUsbDeviceFS, UserRxBufferFS);
 189:Src/usbd_cdc_if.c ****   return (USBD_OK);
 190:Src/usbd_cdc_if.c ****   /* USER CODE END 3 */
 191:Src/usbd_cdc_if.c **** }
 192:Src/usbd_cdc_if.c **** 
 193:Src/usbd_cdc_if.c **** /**
 194:Src/usbd_cdc_if.c ****   * @brief  DeInitializes the CDC media low layer
 195:Src/usbd_cdc_if.c ****   * @retval USBD_OK if all operations are OK else USBD_FAIL
 196:Src/usbd_cdc_if.c ****   */
 197:Src/usbd_cdc_if.c **** static int8_t CDC_DeInit_FS(void)
 198:Src/usbd_cdc_if.c **** {
  26              		.loc 1 198 0
  27              		.cfi_startproc
  28              		@ args = 0, pretend = 0, frame = 0
  29              		@ frame_needed = 0, uses_anonymous_args = 0
  30              		@ link register save eliminated.
 199:Src/usbd_cdc_if.c ****   /* USER CODE BEGIN 4 */
ARM GAS  /tmp/cc2MIbMc.s 			page 5


 200:Src/usbd_cdc_if.c ****   return (USBD_OK);
 201:Src/usbd_cdc_if.c ****   /* USER CODE END 4 */
 202:Src/usbd_cdc_if.c **** }
  31              		.loc 1 202 0
  32 0000 0020     		movs	r0, #0
  33 0002 7047     		bx	lr
  34              		.cfi_endproc
  35              	.LFE64:
  37              		.section	.text.CDC_Control_FS,"ax",%progbits
  38              		.align	2
  39              		.thumb
  40              		.thumb_func
  42              	CDC_Control_FS:
  43              	.LFB65:
 203:Src/usbd_cdc_if.c **** 
 204:Src/usbd_cdc_if.c **** /**
 205:Src/usbd_cdc_if.c ****   * @brief  Manage the CDC class requests
 206:Src/usbd_cdc_if.c ****   * @param  cmd: Command code
 207:Src/usbd_cdc_if.c ****   * @param  pbuf: Buffer containing command data (request parameters)
 208:Src/usbd_cdc_if.c ****   * @param  length: Number of data to be sent (in bytes)
 209:Src/usbd_cdc_if.c ****   * @retval Result of the operation: USBD_OK if all operations are OK else USBD_FAIL
 210:Src/usbd_cdc_if.c ****   */
 211:Src/usbd_cdc_if.c **** static int8_t CDC_Control_FS(uint8_t cmd, uint8_t* pbuf, uint16_t length)
 212:Src/usbd_cdc_if.c **** {
  44              		.loc 1 212 0
  45              		.cfi_startproc
  46              		@ args = 0, pretend = 0, frame = 0
  47              		@ frame_needed = 0, uses_anonymous_args = 0
  48              		@ link register save eliminated.
  49              	.LVL0:
 213:Src/usbd_cdc_if.c ****   /* USER CODE BEGIN 5 */
 214:Src/usbd_cdc_if.c ****   switch(cmd)
 215:Src/usbd_cdc_if.c ****   {
 216:Src/usbd_cdc_if.c ****     case CDC_SEND_ENCAPSULATED_COMMAND:
 217:Src/usbd_cdc_if.c **** 
 218:Src/usbd_cdc_if.c ****     break;
 219:Src/usbd_cdc_if.c **** 
 220:Src/usbd_cdc_if.c ****     case CDC_GET_ENCAPSULATED_RESPONSE:
 221:Src/usbd_cdc_if.c **** 
 222:Src/usbd_cdc_if.c ****     break;
 223:Src/usbd_cdc_if.c **** 
 224:Src/usbd_cdc_if.c ****     case CDC_SET_COMM_FEATURE:
 225:Src/usbd_cdc_if.c **** 
 226:Src/usbd_cdc_if.c ****     break;
 227:Src/usbd_cdc_if.c **** 
 228:Src/usbd_cdc_if.c ****     case CDC_GET_COMM_FEATURE:
 229:Src/usbd_cdc_if.c **** 
 230:Src/usbd_cdc_if.c ****     break;
 231:Src/usbd_cdc_if.c **** 
 232:Src/usbd_cdc_if.c ****     case CDC_CLEAR_COMM_FEATURE:
 233:Src/usbd_cdc_if.c **** 
 234:Src/usbd_cdc_if.c ****     break;
 235:Src/usbd_cdc_if.c **** 
 236:Src/usbd_cdc_if.c ****   /*******************************************************************************/
 237:Src/usbd_cdc_if.c ****   /* Line Coding Structure                                                       */
 238:Src/usbd_cdc_if.c ****   /*-----------------------------------------------------------------------------*/
 239:Src/usbd_cdc_if.c ****   /* Offset | Field       | Size | Value  | Description                          */
ARM GAS  /tmp/cc2MIbMc.s 			page 6


 240:Src/usbd_cdc_if.c ****   /* 0      | dwDTERate   |   4  | Number |Data terminal rate, in bits per second*/
 241:Src/usbd_cdc_if.c ****   /* 4      | bCharFormat |   1  | Number | Stop bits                            */
 242:Src/usbd_cdc_if.c ****   /*                                        0 - 1 Stop bit                       */
 243:Src/usbd_cdc_if.c ****   /*                                        1 - 1.5 Stop bits                    */
 244:Src/usbd_cdc_if.c ****   /*                                        2 - 2 Stop bits                      */
 245:Src/usbd_cdc_if.c ****   /* 5      | bParityType |  1   | Number | Parity                               */
 246:Src/usbd_cdc_if.c ****   /*                                        0 - None                             */
 247:Src/usbd_cdc_if.c ****   /*                                        1 - Odd                              */
 248:Src/usbd_cdc_if.c ****   /*                                        2 - Even                             */
 249:Src/usbd_cdc_if.c ****   /*                                        3 - Mark                             */
 250:Src/usbd_cdc_if.c ****   /*                                        4 - Space                            */
 251:Src/usbd_cdc_if.c ****   /* 6      | bDataBits  |   1   | Number Data bits (5, 6, 7, 8 or 16).          */
 252:Src/usbd_cdc_if.c ****   /*******************************************************************************/
 253:Src/usbd_cdc_if.c ****     case CDC_SET_LINE_CODING:
 254:Src/usbd_cdc_if.c **** 
 255:Src/usbd_cdc_if.c ****     break;
 256:Src/usbd_cdc_if.c **** 
 257:Src/usbd_cdc_if.c ****     case CDC_GET_LINE_CODING:
 258:Src/usbd_cdc_if.c **** 
 259:Src/usbd_cdc_if.c ****     break;
 260:Src/usbd_cdc_if.c **** 
 261:Src/usbd_cdc_if.c ****     case CDC_SET_CONTROL_LINE_STATE:
 262:Src/usbd_cdc_if.c **** 
 263:Src/usbd_cdc_if.c ****     break;
 264:Src/usbd_cdc_if.c **** 
 265:Src/usbd_cdc_if.c ****     case CDC_SEND_BREAK:
 266:Src/usbd_cdc_if.c **** 
 267:Src/usbd_cdc_if.c ****     break;
 268:Src/usbd_cdc_if.c **** 
 269:Src/usbd_cdc_if.c ****   default:
 270:Src/usbd_cdc_if.c ****     break;
 271:Src/usbd_cdc_if.c ****   }
 272:Src/usbd_cdc_if.c **** 
 273:Src/usbd_cdc_if.c ****   return (USBD_OK);
 274:Src/usbd_cdc_if.c ****   /* USER CODE END 5 */
 275:Src/usbd_cdc_if.c **** }
  50              		.loc 1 275 0
  51 0000 0020     		movs	r0, #0
  52              	.LVL1:
  53 0002 7047     		bx	lr
  54              		.cfi_endproc
  55              	.LFE65:
  57              		.section	.text.CDC_Receive_FS,"ax",%progbits
  58              		.align	2
  59              		.thumb
  60              		.thumb_func
  62              	CDC_Receive_FS:
  63              	.LFB66:
 276:Src/usbd_cdc_if.c **** 
 277:Src/usbd_cdc_if.c **** /**
 278:Src/usbd_cdc_if.c ****   * @brief  Data received over USB OUT endpoint are sent over CDC interface
 279:Src/usbd_cdc_if.c ****   *         through this function.
 280:Src/usbd_cdc_if.c ****   *
 281:Src/usbd_cdc_if.c ****   *         @note
 282:Src/usbd_cdc_if.c ****   *         This function will block any OUT packet reception on USB endpoint
 283:Src/usbd_cdc_if.c ****   *         untill exiting this function. If you exit this function before transfer
 284:Src/usbd_cdc_if.c ****   *         is complete on CDC interface (ie. using DMA controller) it will result
ARM GAS  /tmp/cc2MIbMc.s 			page 7


 285:Src/usbd_cdc_if.c ****   *         in receiving more data while previous ones are still not sent.
 286:Src/usbd_cdc_if.c ****   *
 287:Src/usbd_cdc_if.c ****   * @param  Buf: Buffer of data to be received
 288:Src/usbd_cdc_if.c ****   * @param  Len: Number of data received (in bytes)
 289:Src/usbd_cdc_if.c ****   * @retval Result of the operation: USBD_OK if all operations are OK else USBD_FAIL
 290:Src/usbd_cdc_if.c ****   */
 291:Src/usbd_cdc_if.c **** static int8_t CDC_Receive_FS (uint8_t* Buf, uint32_t *Len)
 292:Src/usbd_cdc_if.c **** {
  64              		.loc 1 292 0
  65              		.cfi_startproc
  66              		@ args = 0, pretend = 0, frame = 0
  67              		@ frame_needed = 0, uses_anonymous_args = 0
  68              	.LVL2:
  69 0000 70B5     		push	{r4, r5, r6, lr}
  70              	.LCFI0:
  71              		.cfi_def_cfa_offset 16
  72              		.cfi_offset 4, -16
  73              		.cfi_offset 5, -12
  74              		.cfi_offset 6, -8
  75              		.cfi_offset 14, -4
  76 0002 0446     		mov	r4, r0
  77 0004 0E46     		mov	r6, r1
 293:Src/usbd_cdc_if.c ****   /* USER CODE BEGIN 6 */
 294:Src/usbd_cdc_if.c **** 
 295:Src/usbd_cdc_if.c ****   USBD_CDC_SetRxBuffer(&hUsbDeviceFS, &Buf[0]);
  78              		.loc 1 295 0
  79 0006 074D     		ldr	r5, .L5
  80 0008 2846     		mov	r0, r5
  81              	.LVL3:
  82 000a 2146     		mov	r1, r4
  83              	.LVL4:
  84 000c FFF7FEFF 		bl	USBD_CDC_SetRxBuffer
  85              	.LVL5:
 296:Src/usbd_cdc_if.c ****   USBD_CDC_ReceivePacket(&hUsbDeviceFS);
  86              		.loc 1 296 0
  87 0010 2846     		mov	r0, r5
  88 0012 FFF7FEFF 		bl	USBD_CDC_ReceivePacket
  89              	.LVL6:
 297:Src/usbd_cdc_if.c **** 
 298:Src/usbd_cdc_if.c ****   write_cInput((char *)Buf, *Len);
  90              		.loc 1 298 0
  91 0016 2046     		mov	r0, r4
  92 0018 3168     		ldr	r1, [r6]
  93 001a FFF7FEFF 		bl	write_cInput
  94              	.LVL7:
 299:Src/usbd_cdc_if.c **** 
 300:Src/usbd_cdc_if.c ****   return (USBD_OK);
 301:Src/usbd_cdc_if.c ****   /* USER CODE END 6 */
 302:Src/usbd_cdc_if.c **** }
  95              		.loc 1 302 0
  96 001e 0020     		movs	r0, #0
  97 0020 70BD     		pop	{r4, r5, r6, pc}
  98              	.LVL8:
  99              	.L6:
 100 0022 00BF     		.align	2
 101              	.L5:
 102 0024 00000000 		.word	hUsbDeviceFS
ARM GAS  /tmp/cc2MIbMc.s 			page 8


 103              		.cfi_endproc
 104              	.LFE66:
 106              		.section	.text.CDC_Init_FS,"ax",%progbits
 107              		.align	2
 108              		.thumb
 109              		.thumb_func
 111              	CDC_Init_FS:
 112              	.LFB63:
 184:Src/usbd_cdc_if.c ****   /* USER CODE BEGIN 3 */
 113              		.loc 1 184 0
 114              		.cfi_startproc
 115              		@ args = 0, pretend = 0, frame = 0
 116              		@ frame_needed = 0, uses_anonymous_args = 0
 117 0000 10B5     		push	{r4, lr}
 118              	.LCFI1:
 119              		.cfi_def_cfa_offset 8
 120              		.cfi_offset 4, -8
 121              		.cfi_offset 14, -4
 187:Src/usbd_cdc_if.c ****   USBD_CDC_SetRxBuffer(&hUsbDeviceFS, UserRxBufferFS);
 122              		.loc 1 187 0
 123 0002 064C     		ldr	r4, .L9
 124 0004 2046     		mov	r0, r4
 125 0006 0649     		ldr	r1, .L9+4
 126 0008 0022     		movs	r2, #0
 127 000a FFF7FEFF 		bl	USBD_CDC_SetTxBuffer
 128              	.LVL9:
 188:Src/usbd_cdc_if.c ****   return (USBD_OK);
 129              		.loc 1 188 0
 130 000e 2046     		mov	r0, r4
 131 0010 0449     		ldr	r1, .L9+8
 132 0012 FFF7FEFF 		bl	USBD_CDC_SetRxBuffer
 133              	.LVL10:
 191:Src/usbd_cdc_if.c **** 
 134              		.loc 1 191 0
 135 0016 0020     		movs	r0, #0
 136 0018 10BD     		pop	{r4, pc}
 137              	.L10:
 138 001a 00BF     		.align	2
 139              	.L9:
 140 001c 00000000 		.word	hUsbDeviceFS
 141 0020 00000000 		.word	UserTxBufferFS
 142 0024 00000000 		.word	UserRxBufferFS
 143              		.cfi_endproc
 144              	.LFE63:
 146              		.section	.text.CDC_Transmit_FS,"ax",%progbits
 147              		.align	2
 148              		.global	CDC_Transmit_FS
 149              		.thumb
 150              		.thumb_func
 152              	CDC_Transmit_FS:
 153              	.LFB67:
 303:Src/usbd_cdc_if.c **** 
 304:Src/usbd_cdc_if.c **** /**
 305:Src/usbd_cdc_if.c ****   * @brief  CDC_Transmit_FS
 306:Src/usbd_cdc_if.c ****   *         Data to send over USB IN endpoint are sent over CDC interface
 307:Src/usbd_cdc_if.c ****   *         through this function.
 308:Src/usbd_cdc_if.c ****   *         @note
ARM GAS  /tmp/cc2MIbMc.s 			page 9


 309:Src/usbd_cdc_if.c ****   *
 310:Src/usbd_cdc_if.c ****   *
 311:Src/usbd_cdc_if.c ****   * @param  Buf: Buffer of data to be sent
 312:Src/usbd_cdc_if.c ****   * @param  Len: Number of data to be sent (in bytes)
 313:Src/usbd_cdc_if.c ****   * @retval USBD_OK if all operations are OK else USBD_FAIL or USBD_BUSY
 314:Src/usbd_cdc_if.c ****   */
 315:Src/usbd_cdc_if.c **** uint8_t CDC_Transmit_FS(uint8_t* Buf, uint16_t Size, uint32_t Timeout)
 316:Src/usbd_cdc_if.c **** {
 154              		.loc 1 316 0
 155              		.cfi_startproc
 156              		@ args = 0, pretend = 0, frame = 0
 157              		@ frame_needed = 0, uses_anonymous_args = 0
 158              	.LVL11:
 159 0000 2DE9F843 		push	{r3, r4, r5, r6, r7, r8, r9, lr}
 160              	.LCFI2:
 161              		.cfi_def_cfa_offset 32
 162              		.cfi_offset 3, -32
 163              		.cfi_offset 4, -28
 164              		.cfi_offset 5, -24
 165              		.cfi_offset 6, -20
 166              		.cfi_offset 7, -16
 167              		.cfi_offset 8, -12
 168              		.cfi_offset 9, -8
 169              		.cfi_offset 14, -4
 170 0004 8046     		mov	r8, r0
 171 0006 0F46     		mov	r7, r1
 172 0008 1546     		mov	r5, r2
 317:Src/usbd_cdc_if.c **** 	USBD_CDC_HandleTypeDef *hcdc = (USBD_CDC_HandleTypeDef*)hUsbDeviceFS.pClassData;
 173              		.loc 1 317 0
 174 000a 174B     		ldr	r3, .L18
 175 000c D3F81862 		ldr	r6, [r3, #536]
 176              	.LVL12:
 318:Src/usbd_cdc_if.c **** 	uint32_t tickstart = HAL_GetTick();
 177              		.loc 1 318 0
 178 0010 FFF7FEFF 		bl	HAL_GetTick
 179              	.LVL13:
 180 0014 0446     		mov	r4, r0
 181              	.LVL14:
 319:Src/usbd_cdc_if.c **** 	/* USER CODE BEGIN 7 */
 320:Src/usbd_cdc_if.c **** 	while (((HAL_GetTick() - tickstart ) < Timeout))
 182              		.loc 1 320 0
 183 0016 1FE0     		b	.L13
 184              	.LVL15:
 185              	.L16:
 321:Src/usbd_cdc_if.c **** 	{
 322:Src/usbd_cdc_if.c **** 		if((hcdc->TxState == 0))
 186              		.loc 1 322 0
 187 0018 D6F81432 		ldr	r3, [r6, #532]
 188 001c E3B9     		cbnz	r3, .L13
 323:Src/usbd_cdc_if.c **** 		{
 324:Src/usbd_cdc_if.c **** 			if(Size > 64)
 189              		.loc 1 324 0
 190 001e 402F     		cmp	r7, #64
 191 0020 0ED9     		bls	.L14
 325:Src/usbd_cdc_if.c **** 			{
 326:Src/usbd_cdc_if.c **** 				USBD_CDC_SetTxBuffer(&hUsbDeviceFS, Buf, 64);
 192              		.loc 1 326 0
ARM GAS  /tmp/cc2MIbMc.s 			page 10


 193 0022 DFF84490 		ldr	r9, .L18
 194 0026 4846     		mov	r0, r9
 195 0028 4146     		mov	r1, r8
 196 002a 4022     		movs	r2, #64
 197 002c FFF7FEFF 		bl	USBD_CDC_SetTxBuffer
 198              	.LVL16:
 327:Src/usbd_cdc_if.c **** 				USBD_CDC_TransmitPacket(&hUsbDeviceFS);
 199              		.loc 1 327 0
 200 0030 4846     		mov	r0, r9
 201 0032 FFF7FEFF 		bl	USBD_CDC_TransmitPacket
 202              	.LVL17:
 328:Src/usbd_cdc_if.c **** 				Size = Size - 64;
 203              		.loc 1 328 0
 204 0036 403F     		subs	r7, r7, #64
 205              	.LVL18:
 206 0038 BFB2     		uxth	r7, r7
 207              	.LVL19:
 329:Src/usbd_cdc_if.c **** 				Buf  = Buf  + 64;
 208              		.loc 1 329 0
 209 003a 08F14008 		add	r8, r8, #64
 210              	.LVL20:
 211 003e 0BE0     		b	.L13
 212              	.L14:
 330:Src/usbd_cdc_if.c **** 			}
 331:Src/usbd_cdc_if.c **** 			else
 332:Src/usbd_cdc_if.c **** 			{
 333:Src/usbd_cdc_if.c **** 				USBD_CDC_SetTxBuffer(&hUsbDeviceFS, Buf, Size);
 213              		.loc 1 333 0
 214 0040 094C     		ldr	r4, .L18
 215              	.LVL21:
 216 0042 2046     		mov	r0, r4
 217 0044 4146     		mov	r1, r8
 218 0046 3A46     		mov	r2, r7
 219 0048 FFF7FEFF 		bl	USBD_CDC_SetTxBuffer
 220              	.LVL22:
 334:Src/usbd_cdc_if.c **** 				USBD_CDC_TransmitPacket(&hUsbDeviceFS);
 221              		.loc 1 334 0
 222 004c 2046     		mov	r0, r4
 223 004e FFF7FEFF 		bl	USBD_CDC_TransmitPacket
 224              	.LVL23:
 335:Src/usbd_cdc_if.c **** 				return USBD_OK;
 225              		.loc 1 335 0
 226 0052 0020     		movs	r0, #0
 227 0054 BDE8F883 		pop	{r3, r4, r5, r6, r7, r8, r9, pc}
 228              	.LVL24:
 229              	.L13:
 320:Src/usbd_cdc_if.c **** 	{
 230              		.loc 1 320 0
 231 0058 FFF7FEFF 		bl	HAL_GetTick
 232              	.LVL25:
 233 005c 001B     		subs	r0, r0, r4
 234 005e A842     		cmp	r0, r5
 235 0060 DAD3     		bcc	.L16
 336:Src/usbd_cdc_if.c **** 			}
 337:Src/usbd_cdc_if.c **** 		}
 338:Src/usbd_cdc_if.c **** 	}
 339:Src/usbd_cdc_if.c **** 	return USBD_FAIL;
ARM GAS  /tmp/cc2MIbMc.s 			page 11


 236              		.loc 1 339 0
 237 0062 0220     		movs	r0, #2
 340:Src/usbd_cdc_if.c **** }
 238              		.loc 1 340 0
 239 0064 BDE8F883 		pop	{r3, r4, r5, r6, r7, r8, r9, pc}
 240              	.LVL26:
 241              	.L19:
 242              		.align	2
 243              	.L18:
 244 0068 00000000 		.word	hUsbDeviceFS
 245              		.cfi_endproc
 246              	.LFE67:
 248              		.global	USBD_Interface_fops_FS
 249              		.comm	UserTxBufferFS,1000,4
 250              		.comm	UserRxBufferFS,1000,4
 251              		.section	.data.USBD_Interface_fops_FS,"aw",%progbits
 252              		.align	2
 255              	USBD_Interface_fops_FS:
 256 0000 00000000 		.word	CDC_Init_FS
 257 0004 00000000 		.word	CDC_DeInit_FS
 258 0008 00000000 		.word	CDC_Control_FS
 259 000c 00000000 		.word	CDC_Receive_FS
 260              		.text
 261              	.Letext0:
 262              		.file 2 "/usr/include/newlib/machine/_default_types.h"
 263              		.file 3 "/usr/include/newlib/sys/_stdint.h"
 264              		.file 4 "Middlewares/ST/STM32_USB_Device_Library/Core/Inc/usbd_def.h"
 265              		.file 5 "Middlewares/ST/STM32_USB_Device_Library/Class/CDC/Inc/usbd_cdc.h"
 266              		.file 6 "Drivers/CMSIS/Include/core_cm3.h"
 267              		.file 7 "Inc/cli.h"
 268              		.file 8 "Drivers/STM32F1xx_HAL_Driver/Inc/stm32f1xx_hal.h"
ARM GAS  /tmp/cc2MIbMc.s 			page 12


DEFINED SYMBOLS
                            *ABS*:0000000000000000 usbd_cdc_if.c
     /tmp/cc2MIbMc.s:19     .text.CDC_DeInit_FS:0000000000000000 $t
     /tmp/cc2MIbMc.s:23     .text.CDC_DeInit_FS:0000000000000000 CDC_DeInit_FS
     /tmp/cc2MIbMc.s:38     .text.CDC_Control_FS:0000000000000000 $t
     /tmp/cc2MIbMc.s:42     .text.CDC_Control_FS:0000000000000000 CDC_Control_FS
     /tmp/cc2MIbMc.s:58     .text.CDC_Receive_FS:0000000000000000 $t
     /tmp/cc2MIbMc.s:62     .text.CDC_Receive_FS:0000000000000000 CDC_Receive_FS
     /tmp/cc2MIbMc.s:102    .text.CDC_Receive_FS:0000000000000024 $d
     /tmp/cc2MIbMc.s:107    .text.CDC_Init_FS:0000000000000000 $t
     /tmp/cc2MIbMc.s:111    .text.CDC_Init_FS:0000000000000000 CDC_Init_FS
     /tmp/cc2MIbMc.s:140    .text.CDC_Init_FS:000000000000001c $d
                            *COM*:00000000000003e8 UserTxBufferFS
                            *COM*:00000000000003e8 UserRxBufferFS
     /tmp/cc2MIbMc.s:147    .text.CDC_Transmit_FS:0000000000000000 $t
     /tmp/cc2MIbMc.s:152    .text.CDC_Transmit_FS:0000000000000000 CDC_Transmit_FS
     /tmp/cc2MIbMc.s:244    .text.CDC_Transmit_FS:0000000000000068 $d
     /tmp/cc2MIbMc.s:255    .data.USBD_Interface_fops_FS:0000000000000000 USBD_Interface_fops_FS
     /tmp/cc2MIbMc.s:252    .data.USBD_Interface_fops_FS:0000000000000000 $d
                     .debug_frame:0000000000000010 $d

UNDEFINED SYMBOLS
USBD_CDC_SetRxBuffer
USBD_CDC_ReceivePacket
write_cInput
hUsbDeviceFS
USBD_CDC_SetTxBuffer
HAL_GetTick
USBD_CDC_TransmitPacket
